Building DAG of jobs...
Using shell: /usr/bin/bash
Provided cluster nodes: 22
Job stats:
job                count    min threads    max threads
---------------  -------  -------------  -------------
all                    1              1              1
make_tsv_files        22              1              1
merge_tsv_files        1              1              1
total                 24              1              1

Select jobs to execute...

[Fri Feb 24 14:02:57 2023]
rule make_tsv_files:
    input: /n/scratch3/users/d/djl34/whole_genome/enhancer/5/_metadata
    output: /n/scratch3/users/d/djl34/kl_input/enhancer_module/5.tsv
    jobid: 5
    reason: Missing output files: /n/scratch3/users/d/djl34/kl_input/enhancer_module/5.tsv
    wildcards: chrom=5
    resources: mem_mb=1000, disk_mb=1000, tmpdir=/tmp

Submitted job 5 with external jobid 'Submitted batch job 3728656'.

[Fri Feb 24 14:03:00 2023]
rule make_tsv_files:
    input: /n/scratch3/users/d/djl34/whole_genome/enhancer/20/_metadata
    output: /n/scratch3/users/d/djl34/kl_input/enhancer_module/20.tsv
    jobid: 20
    reason: Missing output files: /n/scratch3/users/d/djl34/kl_input/enhancer_module/20.tsv
    wildcards: chrom=20
    resources: mem_mb=1000, disk_mb=1000, tmpdir=/tmp

Submitted job 20 with external jobid 'Submitted batch job 3728657'.

[Fri Feb 24 14:03:00 2023]
rule make_tsv_files:
    input: /n/scratch3/users/d/djl34/whole_genome/enhancer/13/_metadata
    output: /n/scratch3/users/d/djl34/kl_input/enhancer_module/13.tsv
    jobid: 13
    reason: Missing output files: /n/scratch3/users/d/djl34/kl_input/enhancer_module/13.tsv
    wildcards: chrom=13
    resources: mem_mb=1000, disk_mb=1000, tmpdir=/tmp

Submitted job 13 with external jobid 'Submitted batch job 3728658'.

[Fri Feb 24 14:03:00 2023]
rule make_tsv_files:
    input: /n/scratch3/users/d/djl34/whole_genome/enhancer/6/_metadata
    output: /n/scratch3/users/d/djl34/kl_input/enhancer_module/6.tsv
    jobid: 6
    reason: Missing output files: /n/scratch3/users/d/djl34/kl_input/enhancer_module/6.tsv
    wildcards: chrom=6
    resources: mem_mb=1000, disk_mb=1000, tmpdir=/tmp

Submitted job 6 with external jobid 'Submitted batch job 3728659'.

[Fri Feb 24 14:03:00 2023]
rule make_tsv_files:
    input: /n/scratch3/users/d/djl34/whole_genome/enhancer/21/_metadata
    output: /n/scratch3/users/d/djl34/kl_input/enhancer_module/21.tsv
    jobid: 21
    reason: Missing output files: /n/scratch3/users/d/djl34/kl_input/enhancer_module/21.tsv
    wildcards: chrom=21
    resources: mem_mb=1000, disk_mb=1000, tmpdir=/tmp

Submitted job 21 with external jobid 'Submitted batch job 3728660'.

[Fri Feb 24 14:03:06 2023]
rule make_tsv_files:
    input: /n/scratch3/users/d/djl34/whole_genome/enhancer/14/_metadata
    output: /n/scratch3/users/d/djl34/kl_input/enhancer_module/14.tsv
    jobid: 14
    reason: Missing output files: /n/scratch3/users/d/djl34/kl_input/enhancer_module/14.tsv
    wildcards: chrom=14
    resources: mem_mb=1000, disk_mb=1000, tmpdir=/tmp

Submitted job 14 with external jobid 'Submitted batch job 3728661'.

[Fri Feb 24 14:03:06 2023]
rule make_tsv_files:
    input: /n/scratch3/users/d/djl34/whole_genome/enhancer/7/_metadata
    output: /n/scratch3/users/d/djl34/kl_input/enhancer_module/7.tsv
    jobid: 7
    reason: Missing output files: /n/scratch3/users/d/djl34/kl_input/enhancer_module/7.tsv
    wildcards: chrom=7
    resources: mem_mb=1000, disk_mb=1000, tmpdir=/tmp

Submitted job 7 with external jobid 'Submitted batch job 3728662'.

[Fri Feb 24 14:03:06 2023]
rule make_tsv_files:
    input: /n/scratch3/users/d/djl34/whole_genome/enhancer/22/_metadata
    output: /n/scratch3/users/d/djl34/kl_input/enhancer_module/22.tsv
    jobid: 22
    reason: Missing output files: /n/scratch3/users/d/djl34/kl_input/enhancer_module/22.tsv
    wildcards: chrom=22
    resources: mem_mb=1000, disk_mb=1000, tmpdir=/tmp

Submitted job 22 with external jobid 'Submitted batch job 3728663'.

[Fri Feb 24 14:03:06 2023]
rule make_tsv_files:
    input: /n/scratch3/users/d/djl34/whole_genome/enhancer/15/_metadata
    output: /n/scratch3/users/d/djl34/kl_input/enhancer_module/15.tsv
    jobid: 15
    reason: Missing output files: /n/scratch3/users/d/djl34/kl_input/enhancer_module/15.tsv
    wildcards: chrom=15
    resources: mem_mb=1000, disk_mb=1000, tmpdir=/tmp

Submitted job 15 with external jobid 'Submitted batch job 3728664'.

[Fri Feb 24 14:03:06 2023]
rule make_tsv_files:
    input: /n/scratch3/users/d/djl34/whole_genome/enhancer/8/_metadata
    output: /n/scratch3/users/d/djl34/kl_input/enhancer_module/8.tsv
    jobid: 8
    reason: Missing output files: /n/scratch3/users/d/djl34/kl_input/enhancer_module/8.tsv
    wildcards: chrom=8
    resources: mem_mb=1000, disk_mb=1000, tmpdir=/tmp

Submitted job 8 with external jobid 'Submitted batch job 3728666'.

[Fri Feb 24 14:03:14 2023]
rule make_tsv_files:
    input: /n/scratch3/users/d/djl34/whole_genome/enhancer/16/_metadata
    output: /n/scratch3/users/d/djl34/kl_input/enhancer_module/16.tsv
    jobid: 16
    reason: Missing output files: /n/scratch3/users/d/djl34/kl_input/enhancer_module/16.tsv
    wildcards: chrom=16
    resources: mem_mb=1000, disk_mb=1000, tmpdir=/tmp

Submitted job 16 with external jobid 'Submitted batch job 3728667'.

[Fri Feb 24 14:03:15 2023]
rule make_tsv_files:
    input: /n/scratch3/users/d/djl34/whole_genome/enhancer/1/_metadata
    output: /n/scratch3/users/d/djl34/kl_input/enhancer_module/1.tsv
    jobid: 1
    reason: Missing output files: /n/scratch3/users/d/djl34/kl_input/enhancer_module/1.tsv
    wildcards: chrom=1
    resources: mem_mb=1000, disk_mb=1000, tmpdir=/tmp

Submitted job 1 with external jobid 'Submitted batch job 3728668'.

[Fri Feb 24 14:03:15 2023]
rule make_tsv_files:
    input: /n/scratch3/users/d/djl34/whole_genome/enhancer/9/_metadata
    output: /n/scratch3/users/d/djl34/kl_input/enhancer_module/9.tsv
    jobid: 9
    reason: Missing output files: /n/scratch3/users/d/djl34/kl_input/enhancer_module/9.tsv
    wildcards: chrom=9
    resources: mem_mb=1000, disk_mb=1000, tmpdir=/tmp

Submitted job 9 with external jobid 'Submitted batch job 3728669'.

[Fri Feb 24 14:03:15 2023]
rule make_tsv_files:
    input: /n/scratch3/users/d/djl34/whole_genome/enhancer/17/_metadata
    output: /n/scratch3/users/d/djl34/kl_input/enhancer_module/17.tsv
    jobid: 17
    reason: Missing output files: /n/scratch3/users/d/djl34/kl_input/enhancer_module/17.tsv
    wildcards: chrom=17
    resources: mem_mb=1000, disk_mb=1000, tmpdir=/tmp

Submitted job 17 with external jobid 'Submitted batch job 3728670'.

[Fri Feb 24 14:03:15 2023]
rule make_tsv_files:
    input: /n/scratch3/users/d/djl34/whole_genome/enhancer/2/_metadata
    output: /n/scratch3/users/d/djl34/kl_input/enhancer_module/2.tsv
    jobid: 2
    reason: Missing output files: /n/scratch3/users/d/djl34/kl_input/enhancer_module/2.tsv
    wildcards: chrom=2
    resources: mem_mb=1000, disk_mb=1000, tmpdir=/tmp

Submitted job 2 with external jobid 'Submitted batch job 3728671'.

[Fri Feb 24 14:03:15 2023]
rule make_tsv_files:
    input: /n/scratch3/users/d/djl34/whole_genome/enhancer/10/_metadata
    output: /n/scratch3/users/d/djl34/kl_input/enhancer_module/10.tsv
    jobid: 10
    reason: Missing output files: /n/scratch3/users/d/djl34/kl_input/enhancer_module/10.tsv
    wildcards: chrom=10
    resources: mem_mb=1000, disk_mb=1000, tmpdir=/tmp

Submitted job 10 with external jobid 'Submitted batch job 3728672'.

[Fri Feb 24 14:03:15 2023]
rule make_tsv_files:
    input: /n/scratch3/users/d/djl34/whole_genome/enhancer/18/_metadata
    output: /n/scratch3/users/d/djl34/kl_input/enhancer_module/18.tsv
    jobid: 18
    reason: Missing output files: /n/scratch3/users/d/djl34/kl_input/enhancer_module/18.tsv
    wildcards: chrom=18
    resources: mem_mb=1000, disk_mb=1000, tmpdir=/tmp

Submitted job 18 with external jobid 'Submitted batch job 3728673'.

[Fri Feb 24 14:03:15 2023]
rule make_tsv_files:
    input: /n/scratch3/users/d/djl34/whole_genome/enhancer/3/_metadata
    output: /n/scratch3/users/d/djl34/kl_input/enhancer_module/3.tsv
    jobid: 3
    reason: Missing output files: /n/scratch3/users/d/djl34/kl_input/enhancer_module/3.tsv
    wildcards: chrom=3
    resources: mem_mb=1000, disk_mb=1000, tmpdir=/tmp

Submitted job 3 with external jobid 'Submitted batch job 3728674'.

[Fri Feb 24 14:03:18 2023]
rule make_tsv_files:
    input: /n/scratch3/users/d/djl34/whole_genome/enhancer/11/_metadata
    output: /n/scratch3/users/d/djl34/kl_input/enhancer_module/11.tsv
    jobid: 11
    reason: Missing output files: /n/scratch3/users/d/djl34/kl_input/enhancer_module/11.tsv
    wildcards: chrom=11
    resources: mem_mb=1000, disk_mb=1000, tmpdir=/tmp

Submitted job 11 with external jobid 'Submitted batch job 3728675'.

[Fri Feb 24 14:03:18 2023]
rule make_tsv_files:
    input: /n/scratch3/users/d/djl34/whole_genome/enhancer/19/_metadata
    output: /n/scratch3/users/d/djl34/kl_input/enhancer_module/19.tsv
    jobid: 19
    reason: Missing output files: /n/scratch3/users/d/djl34/kl_input/enhancer_module/19.tsv
    wildcards: chrom=19
    resources: mem_mb=1000, disk_mb=1000, tmpdir=/tmp

Submitted job 19 with external jobid 'Submitted batch job 3728676'.

[Fri Feb 24 14:03:18 2023]
rule make_tsv_files:
    input: /n/scratch3/users/d/djl34/whole_genome/enhancer/4/_metadata
    output: /n/scratch3/users/d/djl34/kl_input/enhancer_module/4.tsv
    jobid: 4
    reason: Missing output files: /n/scratch3/users/d/djl34/kl_input/enhancer_module/4.tsv
    wildcards: chrom=4
    resources: mem_mb=1000, disk_mb=1000, tmpdir=/tmp

Submitted job 4 with external jobid 'Submitted batch job 3728677'.

[Fri Feb 24 14:03:18 2023]
rule make_tsv_files:
    input: /n/scratch3/users/d/djl34/whole_genome/enhancer/12/_metadata
    output: /n/scratch3/users/d/djl34/kl_input/enhancer_module/12.tsv
    jobid: 12
    reason: Missing output files: /n/scratch3/users/d/djl34/kl_input/enhancer_module/12.tsv
    wildcards: chrom=12
    resources: mem_mb=1000, disk_mb=1000, tmpdir=/tmp

Submitted job 12 with external jobid 'Submitted batch job 3728678'.
[Fri Feb 24 14:08:05 2023]
Finished job 21.
1 of 24 steps (4%) done
[Fri Feb 24 14:08:06 2023]
Finished job 22.
2 of 24 steps (8%) done
[Fri Feb 24 14:09:53 2023]
Finished job 19.
3 of 24 steps (12%) done
[Fri Feb 24 14:09:53 2023]
Finished job 20.
4 of 24 steps (17%) done
[Fri Feb 24 14:12:50 2023]
Finished job 15.
5 of 24 steps (21%) done
[Fri Feb 24 14:12:51 2023]
Finished job 16.
6 of 24 steps (25%) done
[Fri Feb 24 14:12:51 2023]
Finished job 17.
7 of 24 steps (29%) done
[Fri Feb 24 14:12:51 2023]
Finished job 18.
8 of 24 steps (33%) done
[Fri Feb 24 14:13:23 2023]
Finished job 14.
9 of 24 steps (38%) done
[Fri Feb 24 14:14:07 2023]
Finished job 13.
10 of 24 steps (42%) done
[Fri Feb 24 14:17:03 2023]
Finished job 11.
11 of 24 steps (46%) done
[Fri Feb 24 14:17:03 2023]
Finished job 12.
12 of 24 steps (50%) done
[Fri Feb 24 14:17:03 2023]
Finished job 9.
13 of 24 steps (54%) done
[Fri Feb 24 14:17:14 2023]
Finished job 10.
14 of 24 steps (58%) done
[Fri Feb 24 14:19:45 2023]
Finished job 8.
15 of 24 steps (62%) done
[Fri Feb 24 14:20:25 2023]
Finished job 5.
16 of 24 steps (67%) done
[Fri Feb 24 14:20:25 2023]
Finished job 7.
17 of 24 steps (71%) done
[Fri Feb 24 14:22:05 2023]
Finished job 6.
18 of 24 steps (75%) done
[Fri Feb 24 14:23:45 2023]
Finished job 4.
19 of 24 steps (79%) done
[Fri Feb 24 14:23:55 2023]
Finished job 3.
20 of 24 steps (83%) done
[Fri Feb 24 14:25:35 2023]
Finished job 1.
21 of 24 steps (88%) done
[Fri Feb 24 14:29:15 2023]
Finished job 2.
22 of 24 steps (92%) done
Select jobs to execute...

[Fri Feb 24 14:29:15 2023]
rule merge_tsv_files:
    input: /n/scratch3/users/d/djl34/kl_input/enhancer_module/1.tsv, /n/scratch3/users/d/djl34/kl_input/enhancer_module/2.tsv, /n/scratch3/users/d/djl34/kl_input/enhancer_module/3.tsv, /n/scratch3/users/d/djl34/kl_input/enhancer_module/4.tsv, /n/scratch3/users/d/djl34/kl_input/enhancer_module/5.tsv, /n/scratch3/users/d/djl34/kl_input/enhancer_module/6.tsv, /n/scratch3/users/d/djl34/kl_input/enhancer_module/7.tsv, /n/scratch3/users/d/djl34/kl_input/enhancer_module/8.tsv, /n/scratch3/users/d/djl34/kl_input/enhancer_module/9.tsv, /n/scratch3/users/d/djl34/kl_input/enhancer_module/10.tsv, /n/scratch3/users/d/djl34/kl_input/enhancer_module/11.tsv, /n/scratch3/users/d/djl34/kl_input/enhancer_module/12.tsv, /n/scratch3/users/d/djl34/kl_input/enhancer_module/13.tsv, /n/scratch3/users/d/djl34/kl_input/enhancer_module/14.tsv, /n/scratch3/users/d/djl34/kl_input/enhancer_module/15.tsv, /n/scratch3/users/d/djl34/kl_input/enhancer_module/16.tsv, /n/scratch3/users/d/djl34/kl_input/enhancer_module/17.tsv, /n/scratch3/users/d/djl34/kl_input/enhancer_module/18.tsv, /n/scratch3/users/d/djl34/kl_input/enhancer_module/19.tsv, /n/scratch3/users/d/djl34/kl_input/enhancer_module/20.tsv, /n/scratch3/users/d/djl34/kl_input/enhancer_module/21.tsv, /n/scratch3/users/d/djl34/kl_input/enhancer_module/22.tsv
    output: /n/scratch3/users/d/djl34/kl_input/enhancer_module/combined.tsv
    jobid: 23
    reason: Missing output files: /n/scratch3/users/d/djl34/kl_input/enhancer_module/combined.tsv; Input files updated by another job: /n/scratch3/users/d/djl34/kl_input/enhancer_module/17.tsv, /n/scratch3/users/d/djl34/kl_input/enhancer_module/19.tsv, /n/scratch3/users/d/djl34/kl_input/enhancer_module/1.tsv, /n/scratch3/users/d/djl34/kl_input/enhancer_module/22.tsv, /n/scratch3/users/d/djl34/kl_input/enhancer_module/2.tsv, /n/scratch3/users/d/djl34/kl_input/enhancer_module/18.tsv, /n/scratch3/users/d/djl34/kl_input/enhancer_module/5.tsv, /n/scratch3/users/d/djl34/kl_input/enhancer_module/8.tsv, /n/scratch3/users/d/djl34/kl_input/enhancer_module/15.tsv, /n/scratch3/users/d/djl34/kl_input/enhancer_module/3.tsv, /n/scratch3/users/d/djl34/kl_input/enhancer_module/6.tsv, /n/scratch3/users/d/djl34/kl_input/enhancer_module/9.tsv, /n/scratch3/users/d/djl34/kl_input/enhancer_module/12.tsv, /n/scratch3/users/d/djl34/kl_input/enhancer_module/4.tsv, /n/scratch3/users/d/djl34/kl_input/enhancer_module/7.tsv, /n/scratch3/users/d/djl34/kl_input/enhancer_module/14.tsv, /n/scratch3/users/d/djl34/kl_input/enhancer_module/20.tsv, /n/scratch3/users/d/djl34/kl_input/enhancer_module/21.tsv, /n/scratch3/users/d/djl34/kl_input/enhancer_module/13.tsv, /n/scratch3/users/d/djl34/kl_input/enhancer_module/16.tsv, /n/scratch3/users/d/djl34/kl_input/enhancer_module/10.tsv, /n/scratch3/users/d/djl34/kl_input/enhancer_module/11.tsv
    resources: mem_mb=103979, disk_mb=103979, tmpdir=/tmp

Submitted job 23 with external jobid 'Submitted batch job 3729109'.
[Fri Feb 24 14:43:24 2023]
Error in rule merge_tsv_files:
    jobid: 23
    output: /n/scratch3/users/d/djl34/kl_input/enhancer_module/combined.tsv
    cluster_jobid: Submitted batch job 3729109

Error executing rule merge_tsv_files on cluster (jobid: 23, external: Submitted batch job 3729109, jobscript: /n/data2/hms/dbmi/sunyaev/lab/dlee/kl/git/KL/noncoding_analysis/kl_gene/.snakemake/tmp.phzklau2/snakejob.merge_tsv_files.23.sh). For error details see the cluster log and the log files of the involved rule(s).
Shutting down, this might take some time.
Exiting because a job execution failed. Look above for error message
Complete log: .snakemake/log/2023-02-24T140256.090206.snakemake.log
