Building DAG of jobs...
Using shell: /usr/bin/bash
Provided cluster nodes: 1
Job stats:
job                       count    min threads    max threads
----------------------  -------  -------------  -------------
add_dnase_footprinting        1              1              1
all                           1              1              1
total                         2              1              1

Select jobs to execute...

[Wed Feb  8 11:00:14 2023]
rule add_dnase_footprinting:
    input: /home/djl34/lab_pd/kl/data/ukb_ac/22/_metadata
    output: /n/scratch3/users/d/djl34/KL_input/intergenic_footprinting/22/_metadata
    jobid: 1
    reason: Missing output files: /n/scratch3/users/d/djl34/KL_input/intergenic_footprinting/22/_metadata
    wildcards: chrom=22
    resources: mem_mb=1000, disk_mb=1000, tmpdir=/tmp

Submitted job 1 with external jobid 'Submitted batch job 2852417'.
[Wed Feb  8 11:07:54 2023]
Finished job 1.
1 of 2 steps (50%) done
Select jobs to execute...

[Wed Feb  8 11:07:54 2023]
localrule all:
    input: /n/scratch3/users/d/djl34/KL_input/intergenic_footprinting/22/_metadata
    jobid: 0
    reason: Input files updated by another job: /n/scratch3/users/d/djl34/KL_input/intergenic_footprinting/22/_metadata
    resources: mem_mb=1000, disk_mb=1000, tmpdir=/tmp

[Wed Feb  8 11:07:54 2023]
Finished job 0.
2 of 2 steps (100%) done
Complete log: .snakemake/log/2023-02-08T110011.960303.snakemake.log
