Building DAG of jobs...
Using shell: /usr/bin/bash
Provided cluster nodes: 1
Job stats:
job               count    min threads    max threads
--------------  -------  -------------  -------------
all                   1              1              1
make_tsv_files        1              1              1
total                 2              1              1

Select jobs to execute...

[Fri Feb 17 15:34:37 2023]
rule make_tsv_files:
    input: /n/scratch3/users/d/djl34/whole_genome/enhancer/22/_metadata
    output: /n/scratch3/users/d/djl34/KL_input/enhancer_module/22.tsv
    jobid: 1
    reason: Missing output files: /n/scratch3/users/d/djl34/KL_input/enhancer_module/22.tsv
    wildcards: chrom=22
    resources: mem_mb=1000, disk_mb=1000, tmpdir=/tmp

Submitted job 1 with external jobid 'Submitted batch job 3332245'.
[Fri Feb 17 15:43:07 2023]
Finished job 1.
1 of 2 steps (50%) done
Select jobs to execute...

[Fri Feb 17 15:43:07 2023]
localrule all:
    input: /n/scratch3/users/d/djl34/KL_input/enhancer_module/22.tsv
    jobid: 0
    reason: Input files updated by another job: /n/scratch3/users/d/djl34/KL_input/enhancer_module/22.tsv
    resources: mem_mb=1508, disk_mb=1508, tmpdir=/tmp

[Fri Feb 17 15:43:07 2023]
Finished job 0.
2 of 2 steps (100%) done
Complete log: .snakemake/log/2023-02-17T153434.949302.snakemake.log
