Building DAG of jobs...
Using shell: /usr/bin/bash
Provided cluster nodes: 1
Job stats:
job                count    min threads    max threads
---------------  -------  -------------  -------------
all                    1              1              1
merge_tsv_files        1              1              1
total                  2              1              1

Select jobs to execute...

[Fri Mar 24 16:21:25 2023]
rule merge_tsv_files:
    input: /n/scratch3/users/d/djl34/kl_input/enhancer_module/1.tsv, /n/scratch3/users/d/djl34/kl_input/enhancer_module/2.tsv, /n/scratch3/users/d/djl34/kl_input/enhancer_module/3.tsv, /n/scratch3/users/d/djl34/kl_input/enhancer_module/4.tsv, /n/scratch3/users/d/djl34/kl_input/enhancer_module/5.tsv, /n/scratch3/users/d/djl34/kl_input/enhancer_module/6.tsv, /n/scratch3/users/d/djl34/kl_input/enhancer_module/7.tsv, /n/scratch3/users/d/djl34/kl_input/enhancer_module/8.tsv, /n/scratch3/users/d/djl34/kl_input/enhancer_module/9.tsv, /n/scratch3/users/d/djl34/kl_input/enhancer_module/10.tsv, /n/scratch3/users/d/djl34/kl_input/enhancer_module/11.tsv, /n/scratch3/users/d/djl34/kl_input/enhancer_module/12.tsv, /n/scratch3/users/d/djl34/kl_input/enhancer_module/13.tsv, /n/scratch3/users/d/djl34/kl_input/enhancer_module/14.tsv, /n/scratch3/users/d/djl34/kl_input/enhancer_module/15.tsv, /n/scratch3/users/d/djl34/kl_input/enhancer_module/16.tsv, /n/scratch3/users/d/djl34/kl_input/enhancer_module/17.tsv, /n/scratch3/users/d/djl34/kl_input/enhancer_module/18.tsv, /n/scratch3/users/d/djl34/kl_input/enhancer_module/19.tsv, /n/scratch3/users/d/djl34/kl_input/enhancer_module/20.tsv, /n/scratch3/users/d/djl34/kl_input/enhancer_module/21.tsv, /n/scratch3/users/d/djl34/kl_input/enhancer_module/22.tsv
    output: /n/scratch3/users/d/djl34/kl_input/enhancer_module/divided/gene_0.tsv
    jobid: 24
    reason: Missing output files: /n/scratch3/users/d/djl34/kl_input/enhancer_module/divided/gene_0.tsv
    wildcards: gene=0
    resources: mem_mb=103979, disk_mb=103979, tmpdir=/tmp

Submitted job 24 with external jobid 'Submitted batch job 5496815'.
[Fri Mar 24 16:33:06 2023]
Error in rule merge_tsv_files:
    jobid: 24
    output: /n/scratch3/users/d/djl34/kl_input/enhancer_module/divided/gene_0.tsv
    cluster_jobid: Submitted batch job 5496815

Error executing rule merge_tsv_files on cluster (jobid: 24, external: Submitted batch job 5496815, jobscript: /n/data2/hms/dbmi/sunyaev/lab/dlee/kl/git/KL/noncoding_analysis/kl_gene/.snakemake/tmp.4ddvbvgc/snakejob.merge_tsv_files.24.sh). For error details see the cluster log and the log files of the involved rule(s).
Shutting down, this might take some time.
Exiting because a job execution failed. Look above for error message
Complete log: .snakemake/log/2023-03-24T162122.708670.snakemake.log
