Building DAG of jobs...
Using shell: /usr/bin/bash
Provided cluster nodes: 22
Job stats:
job                       count    min threads    max threads
----------------------  -------  -------------  -------------
add_dnase_footprinting       22              1              1
all                           1              1              1
total                        23              1              1

Select jobs to execute...

[Tue Feb  7 13:06:57 2023]
rule add_dnase_footprinting:
    input: /home/djl34/lab_pd/kl/data/ukb_ac/5/_metadata
    output: /n/scratch3/users/d/djl34/KL_input/intergenic_footprinting/5/_metadata
    jobid: 5
    reason: Missing output files: /n/scratch3/users/d/djl34/KL_input/intergenic_footprinting/5/_metadata
    wildcards: chrom=5
    resources: mem_mb=1000, disk_mb=1000, tmpdir=/tmp

Submitted job 5 with external jobid 'Submitted batch job 2756678'.

[Tue Feb  7 13:06:57 2023]
rule add_dnase_footprinting:
    input: /home/djl34/lab_pd/kl/data/ukb_ac/20/_metadata
    output: /n/scratch3/users/d/djl34/KL_input/intergenic_footprinting/20/_metadata
    jobid: 20
    reason: Missing output files: /n/scratch3/users/d/djl34/KL_input/intergenic_footprinting/20/_metadata
    wildcards: chrom=20
    resources: mem_mb=1000, disk_mb=1000, tmpdir=/tmp

Submitted job 20 with external jobid 'Submitted batch job 2756679'.

[Tue Feb  7 13:06:57 2023]
rule add_dnase_footprinting:
    input: /home/djl34/lab_pd/kl/data/ukb_ac/13/_metadata
    output: /n/scratch3/users/d/djl34/KL_input/intergenic_footprinting/13/_metadata
    jobid: 13
    reason: Missing output files: /n/scratch3/users/d/djl34/KL_input/intergenic_footprinting/13/_metadata
    wildcards: chrom=13
    resources: mem_mb=1000, disk_mb=1000, tmpdir=/tmp

Submitted job 13 with external jobid 'Submitted batch job 2756680'.

[Tue Feb  7 13:06:57 2023]
rule add_dnase_footprinting:
    input: /home/djl34/lab_pd/kl/data/ukb_ac/6/_metadata
    output: /n/scratch3/users/d/djl34/KL_input/intergenic_footprinting/6/_metadata
    jobid: 6
    reason: Missing output files: /n/scratch3/users/d/djl34/KL_input/intergenic_footprinting/6/_metadata
    wildcards: chrom=6
    resources: mem_mb=1000, disk_mb=1000, tmpdir=/tmp

Submitted job 6 with external jobid 'Submitted batch job 2756681'.

[Tue Feb  7 13:06:57 2023]
rule add_dnase_footprinting:
    input: /home/djl34/lab_pd/kl/data/ukb_ac/21/_metadata
    output: /n/scratch3/users/d/djl34/KL_input/intergenic_footprinting/21/_metadata
    jobid: 21
    reason: Missing output files: /n/scratch3/users/d/djl34/KL_input/intergenic_footprinting/21/_metadata
    wildcards: chrom=21
    resources: mem_mb=1000, disk_mb=1000, tmpdir=/tmp

Submitted job 21 with external jobid 'Submitted batch job 2756682'.

[Tue Feb  7 13:06:57 2023]
rule add_dnase_footprinting:
    input: /home/djl34/lab_pd/kl/data/ukb_ac/14/_metadata
    output: /n/scratch3/users/d/djl34/KL_input/intergenic_footprinting/14/_metadata
    jobid: 14
    reason: Missing output files: /n/scratch3/users/d/djl34/KL_input/intergenic_footprinting/14/_metadata
    wildcards: chrom=14
    resources: mem_mb=1000, disk_mb=1000, tmpdir=/tmp

Submitted job 14 with external jobid 'Submitted batch job 2756684'.

[Tue Feb  7 13:06:57 2023]
rule add_dnase_footprinting:
    input: /home/djl34/lab_pd/kl/data/ukb_ac/7/_metadata
    output: /n/scratch3/users/d/djl34/KL_input/intergenic_footprinting/7/_metadata
    jobid: 7
    reason: Missing output files: /n/scratch3/users/d/djl34/KL_input/intergenic_footprinting/7/_metadata
    wildcards: chrom=7
    resources: mem_mb=1000, disk_mb=1000, tmpdir=/tmp

Submitted job 7 with external jobid 'Submitted batch job 2756685'.

[Tue Feb  7 13:06:57 2023]
rule add_dnase_footprinting:
    input: /home/djl34/lab_pd/kl/data/ukb_ac/22/_metadata
    output: /n/scratch3/users/d/djl34/KL_input/intergenic_footprinting/22/_metadata
    jobid: 22
    reason: Missing output files: /n/scratch3/users/d/djl34/KL_input/intergenic_footprinting/22/_metadata
    wildcards: chrom=22
    resources: mem_mb=1000, disk_mb=1000, tmpdir=/tmp

Submitted job 22 with external jobid 'Submitted batch job 2756686'.

[Tue Feb  7 13:06:58 2023]
rule add_dnase_footprinting:
    input: /home/djl34/lab_pd/kl/data/ukb_ac/15/_metadata
    output: /n/scratch3/users/d/djl34/KL_input/intergenic_footprinting/15/_metadata
    jobid: 15
    reason: Missing output files: /n/scratch3/users/d/djl34/KL_input/intergenic_footprinting/15/_metadata
    wildcards: chrom=15
    resources: mem_mb=1000, disk_mb=1000, tmpdir=/tmp

Submitted job 15 with external jobid 'Submitted batch job 2756687'.

[Tue Feb  7 13:06:58 2023]
rule add_dnase_footprinting:
    input: /home/djl34/lab_pd/kl/data/ukb_ac/8/_metadata
    output: /n/scratch3/users/d/djl34/KL_input/intergenic_footprinting/8/_metadata
    jobid: 8
    reason: Missing output files: /n/scratch3/users/d/djl34/KL_input/intergenic_footprinting/8/_metadata
    wildcards: chrom=8
    resources: mem_mb=1000, disk_mb=1000, tmpdir=/tmp

Submitted job 8 with external jobid 'Submitted batch job 2756688'.

[Tue Feb  7 13:06:58 2023]
rule add_dnase_footprinting:
    input: /home/djl34/lab_pd/kl/data/ukb_ac/16/_metadata
    output: /n/scratch3/users/d/djl34/KL_input/intergenic_footprinting/16/_metadata
    jobid: 16
    reason: Missing output files: /n/scratch3/users/d/djl34/KL_input/intergenic_footprinting/16/_metadata
    wildcards: chrom=16
    resources: mem_mb=1000, disk_mb=1000, tmpdir=/tmp

Submitted job 16 with external jobid 'Submitted batch job 2756689'.

[Tue Feb  7 13:06:58 2023]
rule add_dnase_footprinting:
    input: /home/djl34/lab_pd/kl/data/ukb_ac/1/_metadata
    output: /n/scratch3/users/d/djl34/KL_input/intergenic_footprinting/1/_metadata
    jobid: 1
    reason: Missing output files: /n/scratch3/users/d/djl34/KL_input/intergenic_footprinting/1/_metadata
    wildcards: chrom=1
    resources: mem_mb=1000, disk_mb=1000, tmpdir=/tmp

Submitted job 1 with external jobid 'Submitted batch job 2756692'.

[Tue Feb  7 13:06:58 2023]
rule add_dnase_footprinting:
    input: /home/djl34/lab_pd/kl/data/ukb_ac/9/_metadata
    output: /n/scratch3/users/d/djl34/KL_input/intergenic_footprinting/9/_metadata
    jobid: 9
    reason: Missing output files: /n/scratch3/users/d/djl34/KL_input/intergenic_footprinting/9/_metadata
    wildcards: chrom=9
    resources: mem_mb=1000, disk_mb=1000, tmpdir=/tmp

Submitted job 9 with external jobid 'Submitted batch job 2756693'.

[Tue Feb  7 13:06:59 2023]
rule add_dnase_footprinting:
    input: /home/djl34/lab_pd/kl/data/ukb_ac/17/_metadata
    output: /n/scratch3/users/d/djl34/KL_input/intergenic_footprinting/17/_metadata
    jobid: 17
    reason: Missing output files: /n/scratch3/users/d/djl34/KL_input/intergenic_footprinting/17/_metadata
    wildcards: chrom=17
    resources: mem_mb=1000, disk_mb=1000, tmpdir=/tmp

Submitted job 17 with external jobid 'Submitted batch job 2756694'.

[Tue Feb  7 13:06:59 2023]
rule add_dnase_footprinting:
    input: /home/djl34/lab_pd/kl/data/ukb_ac/2/_metadata
    output: /n/scratch3/users/d/djl34/KL_input/intergenic_footprinting/2/_metadata
    jobid: 2
    reason: Missing output files: /n/scratch3/users/d/djl34/KL_input/intergenic_footprinting/2/_metadata
    wildcards: chrom=2
    resources: mem_mb=1000, disk_mb=1000, tmpdir=/tmp

Submitted job 2 with external jobid 'Submitted batch job 2756695'.

[Tue Feb  7 13:06:59 2023]
rule add_dnase_footprinting:
    input: /home/djl34/lab_pd/kl/data/ukb_ac/10/_metadata
    output: /n/scratch3/users/d/djl34/KL_input/intergenic_footprinting/10/_metadata
    jobid: 10
    reason: Missing output files: /n/scratch3/users/d/djl34/KL_input/intergenic_footprinting/10/_metadata
    wildcards: chrom=10
    resources: mem_mb=1000, disk_mb=1000, tmpdir=/tmp

Submitted job 10 with external jobid 'Submitted batch job 2756696'.

[Tue Feb  7 13:06:59 2023]
rule add_dnase_footprinting:
    input: /home/djl34/lab_pd/kl/data/ukb_ac/18/_metadata
    output: /n/scratch3/users/d/djl34/KL_input/intergenic_footprinting/18/_metadata
    jobid: 18
    reason: Missing output files: /n/scratch3/users/d/djl34/KL_input/intergenic_footprinting/18/_metadata
    wildcards: chrom=18
    resources: mem_mb=1000, disk_mb=1000, tmpdir=/tmp

Submitted job 18 with external jobid 'Submitted batch job 2756698'.

[Tue Feb  7 13:06:59 2023]
rule add_dnase_footprinting:
    input: /home/djl34/lab_pd/kl/data/ukb_ac/3/_metadata
    output: /n/scratch3/users/d/djl34/KL_input/intergenic_footprinting/3/_metadata
    jobid: 3
    reason: Missing output files: /n/scratch3/users/d/djl34/KL_input/intergenic_footprinting/3/_metadata
    wildcards: chrom=3
    resources: mem_mb=1000, disk_mb=1000, tmpdir=/tmp

Submitted job 3 with external jobid 'Submitted batch job 2756699'.

[Tue Feb  7 13:06:59 2023]
rule add_dnase_footprinting:
    input: /home/djl34/lab_pd/kl/data/ukb_ac/11/_metadata
    output: /n/scratch3/users/d/djl34/KL_input/intergenic_footprinting/11/_metadata
    jobid: 11
    reason: Missing output files: /n/scratch3/users/d/djl34/KL_input/intergenic_footprinting/11/_metadata
    wildcards: chrom=11
    resources: mem_mb=1000, disk_mb=1000, tmpdir=/tmp

Submitted job 11 with external jobid 'Submitted batch job 2756700'.

[Tue Feb  7 13:06:59 2023]
rule add_dnase_footprinting:
    input: /home/djl34/lab_pd/kl/data/ukb_ac/19/_metadata
    output: /n/scratch3/users/d/djl34/KL_input/intergenic_footprinting/19/_metadata
    jobid: 19
    reason: Missing output files: /n/scratch3/users/d/djl34/KL_input/intergenic_footprinting/19/_metadata
    wildcards: chrom=19
    resources: mem_mb=1000, disk_mb=1000, tmpdir=/tmp

Submitted job 19 with external jobid 'Submitted batch job 2756701'.

[Tue Feb  7 13:06:59 2023]
rule add_dnase_footprinting:
    input: /home/djl34/lab_pd/kl/data/ukb_ac/4/_metadata
    output: /n/scratch3/users/d/djl34/KL_input/intergenic_footprinting/4/_metadata
    jobid: 4
    reason: Missing output files: /n/scratch3/users/d/djl34/KL_input/intergenic_footprinting/4/_metadata
    wildcards: chrom=4
    resources: mem_mb=1000, disk_mb=1000, tmpdir=/tmp

Submitted job 4 with external jobid 'Submitted batch job 2756702'.

[Tue Feb  7 13:07:00 2023]
rule add_dnase_footprinting:
    input: /home/djl34/lab_pd/kl/data/ukb_ac/12/_metadata
    output: /n/scratch3/users/d/djl34/KL_input/intergenic_footprinting/12/_metadata
    jobid: 12
    reason: Missing output files: /n/scratch3/users/d/djl34/KL_input/intergenic_footprinting/12/_metadata
    wildcards: chrom=12
    resources: mem_mb=1000, disk_mb=1000, tmpdir=/tmp

Submitted job 12 with external jobid 'Submitted batch job 2756704'.
[Tue Feb  7 13:10:07 2023]
Error in rule add_dnase_footprinting:
    jobid: 5
    output: /n/scratch3/users/d/djl34/KL_input/intergenic_footprinting/5/_metadata
    cluster_jobid: Submitted batch job 2756678

Error executing rule add_dnase_footprinting on cluster (jobid: 5, external: Submitted batch job 2756678, jobscript: /n/data2/hms/dbmi/sunyaev/lab/dlee/kl/git/KL/noncoding_analysis/kl_gene/.snakemake/tmp.xrmxmdu3/snakejob.add_dnase_footprinting.5.sh). For error details see the cluster log and the log files of the involved rule(s).
[Tue Feb  7 13:10:07 2023]
Error in rule add_dnase_footprinting:
    jobid: 20
    output: /n/scratch3/users/d/djl34/KL_input/intergenic_footprinting/20/_metadata
    cluster_jobid: Submitted batch job 2756679

Error executing rule add_dnase_footprinting on cluster (jobid: 20, external: Submitted batch job 2756679, jobscript: /n/data2/hms/dbmi/sunyaev/lab/dlee/kl/git/KL/noncoding_analysis/kl_gene/.snakemake/tmp.xrmxmdu3/snakejob.add_dnase_footprinting.20.sh). For error details see the cluster log and the log files of the involved rule(s).
[Tue Feb  7 13:10:07 2023]
Error in rule add_dnase_footprinting:
    jobid: 13
    output: /n/scratch3/users/d/djl34/KL_input/intergenic_footprinting/13/_metadata
    cluster_jobid: Submitted batch job 2756680

Error executing rule add_dnase_footprinting on cluster (jobid: 13, external: Submitted batch job 2756680, jobscript: /n/data2/hms/dbmi/sunyaev/lab/dlee/kl/git/KL/noncoding_analysis/kl_gene/.snakemake/tmp.xrmxmdu3/snakejob.add_dnase_footprinting.13.sh). For error details see the cluster log and the log files of the involved rule(s).
[Tue Feb  7 13:10:07 2023]
Error in rule add_dnase_footprinting:
    jobid: 6
    output: /n/scratch3/users/d/djl34/KL_input/intergenic_footprinting/6/_metadata
    cluster_jobid: Submitted batch job 2756681

Error executing rule add_dnase_footprinting on cluster (jobid: 6, external: Submitted batch job 2756681, jobscript: /n/data2/hms/dbmi/sunyaev/lab/dlee/kl/git/KL/noncoding_analysis/kl_gene/.snakemake/tmp.xrmxmdu3/snakejob.add_dnase_footprinting.6.sh). For error details see the cluster log and the log files of the involved rule(s).
[Tue Feb  7 13:10:07 2023]
Error in rule add_dnase_footprinting:
    jobid: 21
    output: /n/scratch3/users/d/djl34/KL_input/intergenic_footprinting/21/_metadata
    cluster_jobid: Submitted batch job 2756682

Error executing rule add_dnase_footprinting on cluster (jobid: 21, external: Submitted batch job 2756682, jobscript: /n/data2/hms/dbmi/sunyaev/lab/dlee/kl/git/KL/noncoding_analysis/kl_gene/.snakemake/tmp.xrmxmdu3/snakejob.add_dnase_footprinting.21.sh). For error details see the cluster log and the log files of the involved rule(s).
[Tue Feb  7 13:10:07 2023]
Error in rule add_dnase_footprinting:
    jobid: 14
    output: /n/scratch3/users/d/djl34/KL_input/intergenic_footprinting/14/_metadata
    cluster_jobid: Submitted batch job 2756684

Error executing rule add_dnase_footprinting on cluster (jobid: 14, external: Submitted batch job 2756684, jobscript: /n/data2/hms/dbmi/sunyaev/lab/dlee/kl/git/KL/noncoding_analysis/kl_gene/.snakemake/tmp.xrmxmdu3/snakejob.add_dnase_footprinting.14.sh). For error details see the cluster log and the log files of the involved rule(s).
[Tue Feb  7 13:10:07 2023]
Error in rule add_dnase_footprinting:
    jobid: 7
    output: /n/scratch3/users/d/djl34/KL_input/intergenic_footprinting/7/_metadata
    cluster_jobid: Submitted batch job 2756685

Error executing rule add_dnase_footprinting on cluster (jobid: 7, external: Submitted batch job 2756685, jobscript: /n/data2/hms/dbmi/sunyaev/lab/dlee/kl/git/KL/noncoding_analysis/kl_gene/.snakemake/tmp.xrmxmdu3/snakejob.add_dnase_footprinting.7.sh). For error details see the cluster log and the log files of the involved rule(s).
[Tue Feb  7 13:10:07 2023]
Error in rule add_dnase_footprinting:
    jobid: 22
    output: /n/scratch3/users/d/djl34/KL_input/intergenic_footprinting/22/_metadata
    cluster_jobid: Submitted batch job 2756686

Error executing rule add_dnase_footprinting on cluster (jobid: 22, external: Submitted batch job 2756686, jobscript: /n/data2/hms/dbmi/sunyaev/lab/dlee/kl/git/KL/noncoding_analysis/kl_gene/.snakemake/tmp.xrmxmdu3/snakejob.add_dnase_footprinting.22.sh). For error details see the cluster log and the log files of the involved rule(s).
[Tue Feb  7 13:10:07 2023]
Error in rule add_dnase_footprinting:
    jobid: 15
    output: /n/scratch3/users/d/djl34/KL_input/intergenic_footprinting/15/_metadata
    cluster_jobid: Submitted batch job 2756687

Error executing rule add_dnase_footprinting on cluster (jobid: 15, external: Submitted batch job 2756687, jobscript: /n/data2/hms/dbmi/sunyaev/lab/dlee/kl/git/KL/noncoding_analysis/kl_gene/.snakemake/tmp.xrmxmdu3/snakejob.add_dnase_footprinting.15.sh). For error details see the cluster log and the log files of the involved rule(s).
[Tue Feb  7 13:10:07 2023]
Error in rule add_dnase_footprinting:
    jobid: 8
    output: /n/scratch3/users/d/djl34/KL_input/intergenic_footprinting/8/_metadata
    cluster_jobid: Submitted batch job 2756688

Error executing rule add_dnase_footprinting on cluster (jobid: 8, external: Submitted batch job 2756688, jobscript: /n/data2/hms/dbmi/sunyaev/lab/dlee/kl/git/KL/noncoding_analysis/kl_gene/.snakemake/tmp.xrmxmdu3/snakejob.add_dnase_footprinting.8.sh). For error details see the cluster log and the log files of the involved rule(s).
Terminating processes on user request, this might take some time.
No --cluster-cancel given. Will exit after finishing currently running jobs.
Complete log: .snakemake/log/2023-02-07T130655.294494.snakemake.log
