Building DAG of jobs...
Using shell: /usr/bin/bash
Provided cluster nodes: 22
Job stats:
job                       count    min threads    max threads
----------------------  -------  -------------  -------------
add_dnase_footprinting       22              1              1
all                           1              1              1
total                        23              1              1

Select jobs to execute...

[Tue Feb  7 12:28:35 2023]
rule add_dnase_footprinting:
    input: /home/djl34/lab_pd/kl/data/ukb_ac/5/_metadata
    output: /n/scratch3/users/d/djl34/KL_input/intergenic_footprinting/5/_metadata
    jobid: 5
    reason: Missing output files: /n/scratch3/users/d/djl34/KL_input/intergenic_footprinting/5/_metadata
    wildcards: chrom=5
    resources: mem_mb=1000, disk_mb=1000, tmpdir=/tmp

Submitted job 5 with external jobid 'Submitted batch job 2751805'.

[Tue Feb  7 12:28:36 2023]
rule add_dnase_footprinting:
    input: /home/djl34/lab_pd/kl/data/ukb_ac/20/_metadata
    output: /n/scratch3/users/d/djl34/KL_input/intergenic_footprinting/20/_metadata
    jobid: 20
    reason: Missing output files: /n/scratch3/users/d/djl34/KL_input/intergenic_footprinting/20/_metadata
    wildcards: chrom=20
    resources: mem_mb=1000, disk_mb=1000, tmpdir=/tmp

Submitted job 20 with external jobid 'Submitted batch job 2751806'.

[Tue Feb  7 12:28:38 2023]
rule add_dnase_footprinting:
    input: /home/djl34/lab_pd/kl/data/ukb_ac/13/_metadata
    output: /n/scratch3/users/d/djl34/KL_input/intergenic_footprinting/13/_metadata
    jobid: 13
    reason: Missing output files: /n/scratch3/users/d/djl34/KL_input/intergenic_footprinting/13/_metadata
    wildcards: chrom=13
    resources: mem_mb=1000, disk_mb=1000, tmpdir=/tmp

Submitted job 13 with external jobid 'Submitted batch job 2751807'.

[Tue Feb  7 12:28:38 2023]
rule add_dnase_footprinting:
    input: /home/djl34/lab_pd/kl/data/ukb_ac/6/_metadata
    output: /n/scratch3/users/d/djl34/KL_input/intergenic_footprinting/6/_metadata
    jobid: 6
    reason: Missing output files: /n/scratch3/users/d/djl34/KL_input/intergenic_footprinting/6/_metadata
    wildcards: chrom=6
    resources: mem_mb=1000, disk_mb=1000, tmpdir=/tmp

Submitted job 6 with external jobid 'Submitted batch job 2751808'.

[Tue Feb  7 12:28:38 2023]
rule add_dnase_footprinting:
    input: /home/djl34/lab_pd/kl/data/ukb_ac/21/_metadata
    output: /n/scratch3/users/d/djl34/KL_input/intergenic_footprinting/21/_metadata
    jobid: 21
    reason: Missing output files: /n/scratch3/users/d/djl34/KL_input/intergenic_footprinting/21/_metadata
    wildcards: chrom=21
    resources: mem_mb=1000, disk_mb=1000, tmpdir=/tmp

Submitted job 21 with external jobid 'Submitted batch job 2751809'.

[Tue Feb  7 12:28:38 2023]
rule add_dnase_footprinting:
    input: /home/djl34/lab_pd/kl/data/ukb_ac/14/_metadata
    output: /n/scratch3/users/d/djl34/KL_input/intergenic_footprinting/14/_metadata
    jobid: 14
    reason: Missing output files: /n/scratch3/users/d/djl34/KL_input/intergenic_footprinting/14/_metadata
    wildcards: chrom=14
    resources: mem_mb=1000, disk_mb=1000, tmpdir=/tmp

Submitted job 14 with external jobid 'Submitted batch job 2751810'.

[Tue Feb  7 12:28:41 2023]
rule add_dnase_footprinting:
    input: /home/djl34/lab_pd/kl/data/ukb_ac/7/_metadata
    output: /n/scratch3/users/d/djl34/KL_input/intergenic_footprinting/7/_metadata
    jobid: 7
    reason: Missing output files: /n/scratch3/users/d/djl34/KL_input/intergenic_footprinting/7/_metadata
    wildcards: chrom=7
    resources: mem_mb=1000, disk_mb=1000, tmpdir=/tmp

Submitted job 7 with external jobid 'Submitted batch job 2751811'.

[Tue Feb  7 12:28:43 2023]
rule add_dnase_footprinting:
    input: /home/djl34/lab_pd/kl/data/ukb_ac/22/_metadata
    output: /n/scratch3/users/d/djl34/KL_input/intergenic_footprinting/22/_metadata
    jobid: 22
    reason: Missing output files: /n/scratch3/users/d/djl34/KL_input/intergenic_footprinting/22/_metadata
    wildcards: chrom=22
    resources: mem_mb=1000, disk_mb=1000, tmpdir=/tmp

Submitted job 22 with external jobid 'Submitted batch job 2751812'.

[Tue Feb  7 12:28:43 2023]
rule add_dnase_footprinting:
    input: /home/djl34/lab_pd/kl/data/ukb_ac/15/_metadata
    output: /n/scratch3/users/d/djl34/KL_input/intergenic_footprinting/15/_metadata
    jobid: 15
    reason: Missing output files: /n/scratch3/users/d/djl34/KL_input/intergenic_footprinting/15/_metadata
    wildcards: chrom=15
    resources: mem_mb=1000, disk_mb=1000, tmpdir=/tmp

Submitted job 15 with external jobid 'Submitted batch job 2751813'.

[Tue Feb  7 12:28:43 2023]
rule add_dnase_footprinting:
    input: /home/djl34/lab_pd/kl/data/ukb_ac/8/_metadata
    output: /n/scratch3/users/d/djl34/KL_input/intergenic_footprinting/8/_metadata
    jobid: 8
    reason: Missing output files: /n/scratch3/users/d/djl34/KL_input/intergenic_footprinting/8/_metadata
    wildcards: chrom=8
    resources: mem_mb=1000, disk_mb=1000, tmpdir=/tmp

Submitted job 8 with external jobid 'Submitted batch job 2751814'.

[Tue Feb  7 12:28:43 2023]
rule add_dnase_footprinting:
    input: /home/djl34/lab_pd/kl/data/ukb_ac/16/_metadata
    output: /n/scratch3/users/d/djl34/KL_input/intergenic_footprinting/16/_metadata
    jobid: 16
    reason: Missing output files: /n/scratch3/users/d/djl34/KL_input/intergenic_footprinting/16/_metadata
    wildcards: chrom=16
    resources: mem_mb=1000, disk_mb=1000, tmpdir=/tmp

Submitted job 16 with external jobid 'Submitted batch job 2751815'.

[Tue Feb  7 12:28:45 2023]
rule add_dnase_footprinting:
    input: /home/djl34/lab_pd/kl/data/ukb_ac/1/_metadata
    output: /n/scratch3/users/d/djl34/KL_input/intergenic_footprinting/1/_metadata
    jobid: 1
    reason: Missing output files: /n/scratch3/users/d/djl34/KL_input/intergenic_footprinting/1/_metadata
    wildcards: chrom=1
    resources: mem_mb=1000, disk_mb=1000, tmpdir=/tmp

Submitted job 1 with external jobid 'Submitted batch job 2751816'.

[Tue Feb  7 12:28:45 2023]
rule add_dnase_footprinting:
    input: /home/djl34/lab_pd/kl/data/ukb_ac/9/_metadata
    output: /n/scratch3/users/d/djl34/KL_input/intergenic_footprinting/9/_metadata
    jobid: 9
    reason: Missing output files: /n/scratch3/users/d/djl34/KL_input/intergenic_footprinting/9/_metadata
    wildcards: chrom=9
    resources: mem_mb=1000, disk_mb=1000, tmpdir=/tmp

Submitted job 9 with external jobid 'Submitted batch job 2751817'.

[Tue Feb  7 12:28:47 2023]
rule add_dnase_footprinting:
    input: /home/djl34/lab_pd/kl/data/ukb_ac/17/_metadata
    output: /n/scratch3/users/d/djl34/KL_input/intergenic_footprinting/17/_metadata
    jobid: 17
    reason: Missing output files: /n/scratch3/users/d/djl34/KL_input/intergenic_footprinting/17/_metadata
    wildcards: chrom=17
    resources: mem_mb=1000, disk_mb=1000, tmpdir=/tmp

Submitted job 17 with external jobid 'Submitted batch job 2751818'.

[Tue Feb  7 12:28:48 2023]
rule add_dnase_footprinting:
    input: /home/djl34/lab_pd/kl/data/ukb_ac/2/_metadata
    output: /n/scratch3/users/d/djl34/KL_input/intergenic_footprinting/2/_metadata
    jobid: 2
    reason: Missing output files: /n/scratch3/users/d/djl34/KL_input/intergenic_footprinting/2/_metadata
    wildcards: chrom=2
    resources: mem_mb=1000, disk_mb=1000, tmpdir=/tmp

Submitted job 2 with external jobid 'Submitted batch job 2751819'.

[Tue Feb  7 12:28:48 2023]
rule add_dnase_footprinting:
    input: /home/djl34/lab_pd/kl/data/ukb_ac/10/_metadata
    output: /n/scratch3/users/d/djl34/KL_input/intergenic_footprinting/10/_metadata
    jobid: 10
    reason: Missing output files: /n/scratch3/users/d/djl34/KL_input/intergenic_footprinting/10/_metadata
    wildcards: chrom=10
    resources: mem_mb=1000, disk_mb=1000, tmpdir=/tmp

Submitted job 10 with external jobid 'Submitted batch job 2751820'.

[Tue Feb  7 12:28:48 2023]
rule add_dnase_footprinting:
    input: /home/djl34/lab_pd/kl/data/ukb_ac/18/_metadata
    output: /n/scratch3/users/d/djl34/KL_input/intergenic_footprinting/18/_metadata
    jobid: 18
    reason: Missing output files: /n/scratch3/users/d/djl34/KL_input/intergenic_footprinting/18/_metadata
    wildcards: chrom=18
    resources: mem_mb=1000, disk_mb=1000, tmpdir=/tmp

Submitted job 18 with external jobid 'Submitted batch job 2751821'.

[Tue Feb  7 12:28:50 2023]
rule add_dnase_footprinting:
    input: /home/djl34/lab_pd/kl/data/ukb_ac/3/_metadata
    output: /n/scratch3/users/d/djl34/KL_input/intergenic_footprinting/3/_metadata
    jobid: 3
    reason: Missing output files: /n/scratch3/users/d/djl34/KL_input/intergenic_footprinting/3/_metadata
    wildcards: chrom=3
    resources: mem_mb=1000, disk_mb=1000, tmpdir=/tmp

Submitted job 3 with external jobid 'Submitted batch job 2751822'.

[Tue Feb  7 12:28:50 2023]
rule add_dnase_footprinting:
    input: /home/djl34/lab_pd/kl/data/ukb_ac/11/_metadata
    output: /n/scratch3/users/d/djl34/KL_input/intergenic_footprinting/11/_metadata
    jobid: 11
    reason: Missing output files: /n/scratch3/users/d/djl34/KL_input/intergenic_footprinting/11/_metadata
    wildcards: chrom=11
    resources: mem_mb=1000, disk_mb=1000, tmpdir=/tmp

Submitted job 11 with external jobid 'Submitted batch job 2751823'.

[Tue Feb  7 12:28:53 2023]
rule add_dnase_footprinting:
    input: /home/djl34/lab_pd/kl/data/ukb_ac/19/_metadata
    output: /n/scratch3/users/d/djl34/KL_input/intergenic_footprinting/19/_metadata
    jobid: 19
    reason: Missing output files: /n/scratch3/users/d/djl34/KL_input/intergenic_footprinting/19/_metadata
    wildcards: chrom=19
    resources: mem_mb=1000, disk_mb=1000, tmpdir=/tmp

Submitted job 19 with external jobid 'Submitted batch job 2751824'.

[Tue Feb  7 12:28:53 2023]
rule add_dnase_footprinting:
    input: /home/djl34/lab_pd/kl/data/ukb_ac/4/_metadata
    output: /n/scratch3/users/d/djl34/KL_input/intergenic_footprinting/4/_metadata
    jobid: 4
    reason: Missing output files: /n/scratch3/users/d/djl34/KL_input/intergenic_footprinting/4/_metadata
    wildcards: chrom=4
    resources: mem_mb=1000, disk_mb=1000, tmpdir=/tmp

Submitted job 4 with external jobid 'Submitted batch job 2751825'.

[Tue Feb  7 12:28:53 2023]
rule add_dnase_footprinting:
    input: /home/djl34/lab_pd/kl/data/ukb_ac/12/_metadata
    output: /n/scratch3/users/d/djl34/KL_input/intergenic_footprinting/12/_metadata
    jobid: 12
    reason: Missing output files: /n/scratch3/users/d/djl34/KL_input/intergenic_footprinting/12/_metadata
    wildcards: chrom=12
    resources: mem_mb=1000, disk_mb=1000, tmpdir=/tmp

Submitted job 12 with external jobid 'Submitted batch job 2751826'.
[Tue Feb  7 12:31:44 2023]
Error in rule add_dnase_footprinting:
    jobid: 20
    output: /n/scratch3/users/d/djl34/KL_input/intergenic_footprinting/20/_metadata
    cluster_jobid: Submitted batch job 2751806

Error executing rule add_dnase_footprinting on cluster (jobid: 20, external: Submitted batch job 2751806, jobscript: /n/data2/hms/dbmi/sunyaev/lab/dlee/kl/git/KL/noncoding_analysis/kl_gene/.snakemake/tmp.25p_zryn/snakejob.add_dnase_footprinting.20.sh). For error details see the cluster log and the log files of the involved rule(s).
[Tue Feb  7 12:31:44 2023]
Error in rule add_dnase_footprinting:
    jobid: 13
    output: /n/scratch3/users/d/djl34/KL_input/intergenic_footprinting/13/_metadata
    cluster_jobid: Submitted batch job 2751807

Error executing rule add_dnase_footprinting on cluster (jobid: 13, external: Submitted batch job 2751807, jobscript: /n/data2/hms/dbmi/sunyaev/lab/dlee/kl/git/KL/noncoding_analysis/kl_gene/.snakemake/tmp.25p_zryn/snakejob.add_dnase_footprinting.13.sh). For error details see the cluster log and the log files of the involved rule(s).
[Tue Feb  7 12:31:44 2023]
Error in rule add_dnase_footprinting:
    jobid: 21
    output: /n/scratch3/users/d/djl34/KL_input/intergenic_footprinting/21/_metadata
    cluster_jobid: Submitted batch job 2751809

Error executing rule add_dnase_footprinting on cluster (jobid: 21, external: Submitted batch job 2751809, jobscript: /n/data2/hms/dbmi/sunyaev/lab/dlee/kl/git/KL/noncoding_analysis/kl_gene/.snakemake/tmp.25p_zryn/snakejob.add_dnase_footprinting.21.sh). For error details see the cluster log and the log files of the involved rule(s).
[Tue Feb  7 12:31:56 2023]
Error in rule add_dnase_footprinting:
    jobid: 6
    output: /n/scratch3/users/d/djl34/KL_input/intergenic_footprinting/6/_metadata
    cluster_jobid: Submitted batch job 2751808

Error executing rule add_dnase_footprinting on cluster (jobid: 6, external: Submitted batch job 2751808, jobscript: /n/data2/hms/dbmi/sunyaev/lab/dlee/kl/git/KL/noncoding_analysis/kl_gene/.snakemake/tmp.25p_zryn/snakejob.add_dnase_footprinting.6.sh). For error details see the cluster log and the log files of the involved rule(s).
[Tue Feb  7 12:31:56 2023]
Error in rule add_dnase_footprinting:
    jobid: 14
    output: /n/scratch3/users/d/djl34/KL_input/intergenic_footprinting/14/_metadata
    cluster_jobid: Submitted batch job 2751810

Error executing rule add_dnase_footprinting on cluster (jobid: 14, external: Submitted batch job 2751810, jobscript: /n/data2/hms/dbmi/sunyaev/lab/dlee/kl/git/KL/noncoding_analysis/kl_gene/.snakemake/tmp.25p_zryn/snakejob.add_dnase_footprinting.14.sh). For error details see the cluster log and the log files of the involved rule(s).
[Tue Feb  7 12:31:56 2023]
Error in rule add_dnase_footprinting:
    jobid: 7
    output: /n/scratch3/users/d/djl34/KL_input/intergenic_footprinting/7/_metadata
    cluster_jobid: Submitted batch job 2751811

Error executing rule add_dnase_footprinting on cluster (jobid: 7, external: Submitted batch job 2751811, jobscript: /n/data2/hms/dbmi/sunyaev/lab/dlee/kl/git/KL/noncoding_analysis/kl_gene/.snakemake/tmp.25p_zryn/snakejob.add_dnase_footprinting.7.sh). For error details see the cluster log and the log files of the involved rule(s).
[Tue Feb  7 12:31:56 2023]
Error in rule add_dnase_footprinting:
    jobid: 22
    output: /n/scratch3/users/d/djl34/KL_input/intergenic_footprinting/22/_metadata
    cluster_jobid: Submitted batch job 2751812

Error executing rule add_dnase_footprinting on cluster (jobid: 22, external: Submitted batch job 2751812, jobscript: /n/data2/hms/dbmi/sunyaev/lab/dlee/kl/git/KL/noncoding_analysis/kl_gene/.snakemake/tmp.25p_zryn/snakejob.add_dnase_footprinting.22.sh). For error details see the cluster log and the log files of the involved rule(s).
[Tue Feb  7 12:33:47 2023]
Error in rule add_dnase_footprinting:
    jobid: 1
    output: /n/scratch3/users/d/djl34/KL_input/intergenic_footprinting/1/_metadata
    cluster_jobid: Submitted batch job 2751816

Error executing rule add_dnase_footprinting on cluster (jobid: 1, external: Submitted batch job 2751816, jobscript: /n/data2/hms/dbmi/sunyaev/lab/dlee/kl/git/KL/noncoding_analysis/kl_gene/.snakemake/tmp.25p_zryn/snakejob.add_dnase_footprinting.1.sh). For error details see the cluster log and the log files of the involved rule(s).
[Tue Feb  7 12:33:47 2023]
Error in rule add_dnase_footprinting:
    jobid: 5
    output: /n/scratch3/users/d/djl34/KL_input/intergenic_footprinting/5/_metadata
    cluster_jobid: Submitted batch job 2751805

Error executing rule add_dnase_footprinting on cluster (jobid: 5, external: Submitted batch job 2751805, jobscript: /n/data2/hms/dbmi/sunyaev/lab/dlee/kl/git/KL/noncoding_analysis/kl_gene/.snakemake/tmp.25p_zryn/snakejob.add_dnase_footprinting.5.sh). For error details see the cluster log and the log files of the involved rule(s).
[Tue Feb  7 12:33:47 2023]
Error in rule add_dnase_footprinting:
    jobid: 15
    output: /n/scratch3/users/d/djl34/KL_input/intergenic_footprinting/15/_metadata
    cluster_jobid: Submitted batch job 2751813

Error executing rule add_dnase_footprinting on cluster (jobid: 15, external: Submitted batch job 2751813, jobscript: /n/data2/hms/dbmi/sunyaev/lab/dlee/kl/git/KL/noncoding_analysis/kl_gene/.snakemake/tmp.25p_zryn/snakejob.add_dnase_footprinting.15.sh). For error details see the cluster log and the log files of the involved rule(s).
[Tue Feb  7 12:33:47 2023]
Error in rule add_dnase_footprinting:
    jobid: 8
    output: /n/scratch3/users/d/djl34/KL_input/intergenic_footprinting/8/_metadata
    cluster_jobid: Submitted batch job 2751814

Error executing rule add_dnase_footprinting on cluster (jobid: 8, external: Submitted batch job 2751814, jobscript: /n/data2/hms/dbmi/sunyaev/lab/dlee/kl/git/KL/noncoding_analysis/kl_gene/.snakemake/tmp.25p_zryn/snakejob.add_dnase_footprinting.8.sh). For error details see the cluster log and the log files of the involved rule(s).
[Tue Feb  7 12:33:47 2023]
Error in rule add_dnase_footprinting:
    jobid: 16
    output: /n/scratch3/users/d/djl34/KL_input/intergenic_footprinting/16/_metadata
    cluster_jobid: Submitted batch job 2751815

Error executing rule add_dnase_footprinting on cluster (jobid: 16, external: Submitted batch job 2751815, jobscript: /n/data2/hms/dbmi/sunyaev/lab/dlee/kl/git/KL/noncoding_analysis/kl_gene/.snakemake/tmp.25p_zryn/snakejob.add_dnase_footprinting.16.sh). For error details see the cluster log and the log files of the involved rule(s).
[Tue Feb  7 12:33:47 2023]
Error in rule add_dnase_footprinting:
    jobid: 9
    output: /n/scratch3/users/d/djl34/KL_input/intergenic_footprinting/9/_metadata
    cluster_jobid: Submitted batch job 2751817

Error executing rule add_dnase_footprinting on cluster (jobid: 9, external: Submitted batch job 2751817, jobscript: /n/data2/hms/dbmi/sunyaev/lab/dlee/kl/git/KL/noncoding_analysis/kl_gene/.snakemake/tmp.25p_zryn/snakejob.add_dnase_footprinting.9.sh). For error details see the cluster log and the log files of the involved rule(s).
[Tue Feb  7 12:33:47 2023]
Error in rule add_dnase_footprinting:
    jobid: 17
    output: /n/scratch3/users/d/djl34/KL_input/intergenic_footprinting/17/_metadata
    cluster_jobid: Submitted batch job 2751818

Error executing rule add_dnase_footprinting on cluster (jobid: 17, external: Submitted batch job 2751818, jobscript: /n/data2/hms/dbmi/sunyaev/lab/dlee/kl/git/KL/noncoding_analysis/kl_gene/.snakemake/tmp.25p_zryn/snakejob.add_dnase_footprinting.17.sh). For error details see the cluster log and the log files of the involved rule(s).
[Tue Feb  7 12:33:47 2023]
Error in rule add_dnase_footprinting:
    jobid: 2
    output: /n/scratch3/users/d/djl34/KL_input/intergenic_footprinting/2/_metadata
    cluster_jobid: Submitted batch job 2751819

Error executing rule add_dnase_footprinting on cluster (jobid: 2, external: Submitted batch job 2751819, jobscript: /n/data2/hms/dbmi/sunyaev/lab/dlee/kl/git/KL/noncoding_analysis/kl_gene/.snakemake/tmp.25p_zryn/snakejob.add_dnase_footprinting.2.sh). For error details see the cluster log and the log files of the involved rule(s).
[Tue Feb  7 12:33:47 2023]
Error in rule add_dnase_footprinting:
    jobid: 10
    output: /n/scratch3/users/d/djl34/KL_input/intergenic_footprinting/10/_metadata
    cluster_jobid: Submitted batch job 2751820

Error executing rule add_dnase_footprinting on cluster (jobid: 10, external: Submitted batch job 2751820, jobscript: /n/data2/hms/dbmi/sunyaev/lab/dlee/kl/git/KL/noncoding_analysis/kl_gene/.snakemake/tmp.25p_zryn/snakejob.add_dnase_footprinting.10.sh). For error details see the cluster log and the log files of the involved rule(s).
[Tue Feb  7 12:33:47 2023]
Error in rule add_dnase_footprinting:
    jobid: 18
    output: /n/scratch3/users/d/djl34/KL_input/intergenic_footprinting/18/_metadata
    cluster_jobid: Submitted batch job 2751821

Error executing rule add_dnase_footprinting on cluster (jobid: 18, external: Submitted batch job 2751821, jobscript: /n/data2/hms/dbmi/sunyaev/lab/dlee/kl/git/KL/noncoding_analysis/kl_gene/.snakemake/tmp.25p_zryn/snakejob.add_dnase_footprinting.18.sh). For error details see the cluster log and the log files of the involved rule(s).
[Tue Feb  7 12:33:48 2023]
Error in rule add_dnase_footprinting:
    jobid: 3
    output: /n/scratch3/users/d/djl34/KL_input/intergenic_footprinting/3/_metadata
    cluster_jobid: Submitted batch job 2751822

Error executing rule add_dnase_footprinting on cluster (jobid: 3, external: Submitted batch job 2751822, jobscript: /n/data2/hms/dbmi/sunyaev/lab/dlee/kl/git/KL/noncoding_analysis/kl_gene/.snakemake/tmp.25p_zryn/snakejob.add_dnase_footprinting.3.sh). For error details see the cluster log and the log files of the involved rule(s).
[Tue Feb  7 12:33:48 2023]
Error in rule add_dnase_footprinting:
    jobid: 11
    output: /n/scratch3/users/d/djl34/KL_input/intergenic_footprinting/11/_metadata
    cluster_jobid: Submitted batch job 2751823

Error executing rule add_dnase_footprinting on cluster (jobid: 11, external: Submitted batch job 2751823, jobscript: /n/data2/hms/dbmi/sunyaev/lab/dlee/kl/git/KL/noncoding_analysis/kl_gene/.snakemake/tmp.25p_zryn/snakejob.add_dnase_footprinting.11.sh). For error details see the cluster log and the log files of the involved rule(s).
[Tue Feb  7 12:33:48 2023]
Error in rule add_dnase_footprinting:
    jobid: 19
    output: /n/scratch3/users/d/djl34/KL_input/intergenic_footprinting/19/_metadata
    cluster_jobid: Submitted batch job 2751824

Error executing rule add_dnase_footprinting on cluster (jobid: 19, external: Submitted batch job 2751824, jobscript: /n/data2/hms/dbmi/sunyaev/lab/dlee/kl/git/KL/noncoding_analysis/kl_gene/.snakemake/tmp.25p_zryn/snakejob.add_dnase_footprinting.19.sh). For error details see the cluster log and the log files of the involved rule(s).
[Tue Feb  7 12:33:48 2023]
Error in rule add_dnase_footprinting:
    jobid: 4
    output: /n/scratch3/users/d/djl34/KL_input/intergenic_footprinting/4/_metadata
    cluster_jobid: Submitted batch job 2751825

Error executing rule add_dnase_footprinting on cluster (jobid: 4, external: Submitted batch job 2751825, jobscript: /n/data2/hms/dbmi/sunyaev/lab/dlee/kl/git/KL/noncoding_analysis/kl_gene/.snakemake/tmp.25p_zryn/snakejob.add_dnase_footprinting.4.sh). For error details see the cluster log and the log files of the involved rule(s).
[Tue Feb  7 12:33:48 2023]
Error in rule add_dnase_footprinting:
    jobid: 12
    output: /n/scratch3/users/d/djl34/KL_input/intergenic_footprinting/12/_metadata
    cluster_jobid: Submitted batch job 2751826

Error executing rule add_dnase_footprinting on cluster (jobid: 12, external: Submitted batch job 2751826, jobscript: /n/data2/hms/dbmi/sunyaev/lab/dlee/kl/git/KL/noncoding_analysis/kl_gene/.snakemake/tmp.25p_zryn/snakejob.add_dnase_footprinting.12.sh). For error details see the cluster log and the log files of the involved rule(s).
Shutting down, this might take some time.
Exiting because a job execution failed. Look above for error message
Complete log: .snakemake/log/2023-02-07T122834.073700.snakemake.log
