Building DAG of jobs...
Using shell: /usr/bin/bash
Provided cluster nodes: 5
Job stats:
job                            count    min threads    max threads
---------------------------  -------  -------------  -------------
all                                1              1              1
intergenic_footprinting_tsv       22              1              1
total                             23              1              1

Select jobs to execute...

[Wed Feb  8 13:30:37 2023]
rule intergenic_footprinting_tsv:
    input: /n/scratch3/users/d/djl34/KL_input/intergenic_footprinting/15/_metadata
    output: /n/scratch3/users/d/djl34/KL_input/intergenic_footprinting/15.tsv
    jobid: 37
    reason: Missing output files: /n/scratch3/users/d/djl34/KL_input/intergenic_footprinting/15.tsv
    wildcards: chrom=15
    resources: mem_mb=1000, disk_mb=1000, tmpdir=/tmp

Submitted job 37 with external jobid 'Submitted batch job 2857591'.

[Wed Feb  8 13:30:39 2023]
rule intergenic_footprinting_tsv:
    input: /n/scratch3/users/d/djl34/KL_input/intergenic_footprinting/8/_metadata
    output: /n/scratch3/users/d/djl34/KL_input/intergenic_footprinting/8.tsv
    jobid: 30
    reason: Missing output files: /n/scratch3/users/d/djl34/KL_input/intergenic_footprinting/8.tsv
    wildcards: chrom=8
    resources: mem_mb=1000, disk_mb=1000, tmpdir=/tmp

Submitted job 30 with external jobid 'Submitted batch job 2857592'.

[Wed Feb  8 13:30:39 2023]
rule intergenic_footprinting_tsv:
    input: /n/scratch3/users/d/djl34/KL_input/intergenic_footprinting/12/_metadata
    output: /n/scratch3/users/d/djl34/KL_input/intergenic_footprinting/12.tsv
    jobid: 34
    reason: Missing output files: /n/scratch3/users/d/djl34/KL_input/intergenic_footprinting/12.tsv
    wildcards: chrom=12
    resources: mem_mb=1000, disk_mb=1000, tmpdir=/tmp

Submitted job 34 with external jobid 'Submitted batch job 2857593'.

[Wed Feb  8 13:30:39 2023]
rule intergenic_footprinting_tsv:
    input: /n/scratch3/users/d/djl34/KL_input/intergenic_footprinting/16/_metadata
    output: /n/scratch3/users/d/djl34/KL_input/intergenic_footprinting/16.tsv
    jobid: 38
    reason: Missing output files: /n/scratch3/users/d/djl34/KL_input/intergenic_footprinting/16.tsv
    wildcards: chrom=16
    resources: mem_mb=1000, disk_mb=1000, tmpdir=/tmp

Submitted job 38 with external jobid 'Submitted batch job 2857594'.

[Wed Feb  8 13:30:39 2023]
rule intergenic_footprinting_tsv:
    input: /n/scratch3/users/d/djl34/KL_input/intergenic_footprinting/1/_metadata
    output: /n/scratch3/users/d/djl34/KL_input/intergenic_footprinting/1.tsv
    jobid: 23
    reason: Missing output files: /n/scratch3/users/d/djl34/KL_input/intergenic_footprinting/1.tsv
    wildcards: chrom=1
    resources: mem_mb=1000, disk_mb=1000, tmpdir=/tmp

Submitted job 23 with external jobid 'Submitted batch job 2857595'.
[Wed Feb  8 13:33:17 2023]
Finished job 37.
1 of 23 steps (4%) done
Select jobs to execute...

[Wed Feb  8 13:33:17 2023]
rule intergenic_footprinting_tsv:
    input: /n/scratch3/users/d/djl34/KL_input/intergenic_footprinting/13/_metadata
    output: /n/scratch3/users/d/djl34/KL_input/intergenic_footprinting/13.tsv
    jobid: 35
    reason: Missing output files: /n/scratch3/users/d/djl34/KL_input/intergenic_footprinting/13.tsv
    wildcards: chrom=13
    resources: mem_mb=1000, disk_mb=1000, tmpdir=/tmp

Submitted job 35 with external jobid 'Submitted batch job 2857621'.
[Wed Feb  8 13:33:26 2023]
Finished job 30.
2 of 23 steps (9%) done
Select jobs to execute...

[Wed Feb  8 13:33:26 2023]
rule intergenic_footprinting_tsv:
    input: /n/scratch3/users/d/djl34/KL_input/intergenic_footprinting/17/_metadata
    output: /n/scratch3/users/d/djl34/KL_input/intergenic_footprinting/17.tsv
    jobid: 39
    reason: Missing output files: /n/scratch3/users/d/djl34/KL_input/intergenic_footprinting/17.tsv
    wildcards: chrom=17
    resources: mem_mb=1000, disk_mb=1000, tmpdir=/tmp

Submitted job 39 with external jobid 'Submitted batch job 2857624'.
[Wed Feb  8 13:35:58 2023]
Finished job 34.
3 of 23 steps (13%) done
Select jobs to execute...

[Wed Feb  8 13:35:58 2023]
rule intergenic_footprinting_tsv:
    input: /n/scratch3/users/d/djl34/KL_input/intergenic_footprinting/3/_metadata
    output: /n/scratch3/users/d/djl34/KL_input/intergenic_footprinting/3.tsv
    jobid: 25
    reason: Missing output files: /n/scratch3/users/d/djl34/KL_input/intergenic_footprinting/3.tsv
    wildcards: chrom=3
    resources: mem_mb=1000, disk_mb=1000, tmpdir=/tmp

Submitted job 25 with external jobid 'Submitted batch job 2857703'.
[Wed Feb  8 13:35:58 2023]
Finished job 38.
4 of 23 steps (17%) done
[Wed Feb  8 13:35:58 2023]
Finished job 23.
5 of 23 steps (22%) done
[Wed Feb  8 13:35:58 2023]
Finished job 35.
6 of 23 steps (26%) done
[Wed Feb  8 13:35:58 2023]
Finished job 39.
7 of 23 steps (30%) done
Select jobs to execute...

[Wed Feb  8 13:35:58 2023]
rule intergenic_footprinting_tsv:
    input: /n/scratch3/users/d/djl34/KL_input/intergenic_footprinting/2/_metadata
    output: /n/scratch3/users/d/djl34/KL_input/intergenic_footprinting/2.tsv
    jobid: 24
    reason: Missing output files: /n/scratch3/users/d/djl34/KL_input/intergenic_footprinting/2.tsv
    wildcards: chrom=2
    resources: mem_mb=1000, disk_mb=1000, tmpdir=/tmp

Submitted job 24 with external jobid 'Submitted batch job 2857705'.

[Wed Feb  8 13:35:58 2023]
rule intergenic_footprinting_tsv:
    input: /n/scratch3/users/d/djl34/KL_input/intergenic_footprinting/11/_metadata
    output: /n/scratch3/users/d/djl34/KL_input/intergenic_footprinting/11.tsv
    jobid: 33
    reason: Missing output files: /n/scratch3/users/d/djl34/KL_input/intergenic_footprinting/11.tsv
    wildcards: chrom=11
    resources: mem_mb=1000, disk_mb=1000, tmpdir=/tmp

Submitted job 33 with external jobid 'Submitted batch job 2857707'.

[Wed Feb  8 13:35:58 2023]
rule intergenic_footprinting_tsv:
    input: /n/scratch3/users/d/djl34/KL_input/intergenic_footprinting/5/_metadata
    output: /n/scratch3/users/d/djl34/KL_input/intergenic_footprinting/5.tsv
    jobid: 27
    reason: Missing output files: /n/scratch3/users/d/djl34/KL_input/intergenic_footprinting/5.tsv
    wildcards: chrom=5
    resources: mem_mb=1000, disk_mb=1000, tmpdir=/tmp

Submitted job 27 with external jobid 'Submitted batch job 2857709'.

[Wed Feb  8 13:35:58 2023]
rule intergenic_footprinting_tsv:
    input: /n/scratch3/users/d/djl34/KL_input/intergenic_footprinting/22/_metadata
    output: /n/scratch3/users/d/djl34/KL_input/intergenic_footprinting/22.tsv
    jobid: 44
    reason: Missing output files: /n/scratch3/users/d/djl34/KL_input/intergenic_footprinting/22.tsv
    wildcards: chrom=22
    resources: mem_mb=1000, disk_mb=1000, tmpdir=/tmp

Submitted job 44 with external jobid 'Submitted batch job 2857711'.
Select jobs to execute...
[Wed Feb  8 13:38:58 2023]
Finished job 25.
8 of 23 steps (35%) done

[Wed Feb  8 13:38:58 2023]
rule intergenic_footprinting_tsv:
    input: /n/scratch3/users/d/djl34/KL_input/intergenic_footprinting/9/_metadata
    output: /n/scratch3/users/d/djl34/KL_input/intergenic_footprinting/9.tsv
    jobid: 31
    reason: Missing output files: /n/scratch3/users/d/djl34/KL_input/intergenic_footprinting/9.tsv
    wildcards: chrom=9
    resources: mem_mb=1000, disk_mb=1000, tmpdir=/tmp

Submitted job 31 with external jobid 'Submitted batch job 2857883'.
[Wed Feb  8 13:38:58 2023]
Finished job 33.
9 of 23 steps (39%) done
[Wed Feb  8 13:38:58 2023]
Finished job 27.
10 of 23 steps (43%) done
[Wed Feb  8 13:38:58 2023]
Finished job 44.
11 of 23 steps (48%) done
Select jobs to execute...

[Wed Feb  8 13:38:58 2023]
rule intergenic_footprinting_tsv:
    input: /n/scratch3/users/d/djl34/KL_input/intergenic_footprinting/19/_metadata
    output: /n/scratch3/users/d/djl34/KL_input/intergenic_footprinting/19.tsv
    jobid: 41
    reason: Missing output files: /n/scratch3/users/d/djl34/KL_input/intergenic_footprinting/19.tsv
    wildcards: chrom=19
    resources: mem_mb=1000, disk_mb=1000, tmpdir=/tmp

Submitted job 41 with external jobid 'Submitted batch job 2857884'.

[Wed Feb  8 13:38:58 2023]
rule intergenic_footprinting_tsv:
    input: /n/scratch3/users/d/djl34/KL_input/intergenic_footprinting/4/_metadata
    output: /n/scratch3/users/d/djl34/KL_input/intergenic_footprinting/4.tsv
    jobid: 26
    reason: Missing output files: /n/scratch3/users/d/djl34/KL_input/intergenic_footprinting/4.tsv
    wildcards: chrom=4
    resources: mem_mb=1000, disk_mb=1000, tmpdir=/tmp

Submitted job 26 with external jobid 'Submitted batch job 2857885'.

[Wed Feb  8 13:38:59 2023]
rule intergenic_footprinting_tsv:
    input: /n/scratch3/users/d/djl34/KL_input/intergenic_footprinting/21/_metadata
    output: /n/scratch3/users/d/djl34/KL_input/intergenic_footprinting/21.tsv
    jobid: 43
    reason: Missing output files: /n/scratch3/users/d/djl34/KL_input/intergenic_footprinting/21.tsv
    wildcards: chrom=21
    resources: mem_mb=1000, disk_mb=1000, tmpdir=/tmp

Submitted job 43 with external jobid 'Submitted batch job 2857886'.
Select jobs to execute...
[Wed Feb  8 13:42:58 2023]
Finished job 24.
12 of 23 steps (52%) done

[Wed Feb  8 13:42:58 2023]
rule intergenic_footprinting_tsv:
    input: /n/scratch3/users/d/djl34/KL_input/intergenic_footprinting/7/_metadata
    output: /n/scratch3/users/d/djl34/KL_input/intergenic_footprinting/7.tsv
    jobid: 29
    reason: Missing output files: /n/scratch3/users/d/djl34/KL_input/intergenic_footprinting/7.tsv
    wildcards: chrom=7
    resources: mem_mb=1000, disk_mb=1000, tmpdir=/tmp

Submitted job 29 with external jobid 'Submitted batch job 2857986'.
[Wed Feb  8 13:42:59 2023]
Finished job 31.
13 of 23 steps (57%) done
[Wed Feb  8 13:42:59 2023]
Finished job 41.
14 of 23 steps (61%) done
[Wed Feb  8 13:42:59 2023]
Finished job 26.
15 of 23 steps (65%) done
[Wed Feb  8 13:42:59 2023]
Finished job 43.
16 of 23 steps (70%) done
Select jobs to execute...

[Wed Feb  8 13:42:59 2023]
rule intergenic_footprinting_tsv:
    input: /n/scratch3/users/d/djl34/KL_input/intergenic_footprinting/10/_metadata
    output: /n/scratch3/users/d/djl34/KL_input/intergenic_footprinting/10.tsv
    jobid: 32
    reason: Missing output files: /n/scratch3/users/d/djl34/KL_input/intergenic_footprinting/10.tsv
    wildcards: chrom=10
    resources: mem_mb=1000, disk_mb=1000, tmpdir=/tmp

Submitted job 32 with external jobid 'Submitted batch job 2857987'.

[Wed Feb  8 13:42:59 2023]
rule intergenic_footprinting_tsv:
    input: /n/scratch3/users/d/djl34/KL_input/intergenic_footprinting/18/_metadata
    output: /n/scratch3/users/d/djl34/KL_input/intergenic_footprinting/18.tsv
    jobid: 40
    reason: Missing output files: /n/scratch3/users/d/djl34/KL_input/intergenic_footprinting/18.tsv
    wildcards: chrom=18
    resources: mem_mb=1000, disk_mb=1000, tmpdir=/tmp

Submitted job 40 with external jobid 'Submitted batch job 2857988'.

[Wed Feb  8 13:42:59 2023]
rule intergenic_footprinting_tsv:
    input: /n/scratch3/users/d/djl34/KL_input/intergenic_footprinting/6/_metadata
    output: /n/scratch3/users/d/djl34/KL_input/intergenic_footprinting/6.tsv
    jobid: 28
    reason: Missing output files: /n/scratch3/users/d/djl34/KL_input/intergenic_footprinting/6.tsv
    wildcards: chrom=6
    resources: mem_mb=1000, disk_mb=1000, tmpdir=/tmp

Submitted job 28 with external jobid 'Submitted batch job 2857989'.

[Wed Feb  8 13:42:59 2023]
rule intergenic_footprinting_tsv:
    input: /n/scratch3/users/d/djl34/KL_input/intergenic_footprinting/14/_metadata
    output: /n/scratch3/users/d/djl34/KL_input/intergenic_footprinting/14.tsv
    jobid: 36
    reason: Missing output files: /n/scratch3/users/d/djl34/KL_input/intergenic_footprinting/14.tsv
    wildcards: chrom=14
    resources: mem_mb=1000, disk_mb=1000, tmpdir=/tmp

Submitted job 36 with external jobid 'Submitted batch job 2857990'.
Select jobs to execute...
[Wed Feb  8 13:44:58 2023]
Finished job 29.
17 of 23 steps (74%) done

[Wed Feb  8 13:44:58 2023]
rule intergenic_footprinting_tsv:
    input: /n/scratch3/users/d/djl34/KL_input/intergenic_footprinting/20/_metadata
    output: /n/scratch3/users/d/djl34/KL_input/intergenic_footprinting/20.tsv
    jobid: 42
    reason: Missing output files: /n/scratch3/users/d/djl34/KL_input/intergenic_footprinting/20.tsv
    wildcards: chrom=20
    resources: mem_mb=1000, disk_mb=1000, tmpdir=/tmp

Submitted job 42 with external jobid 'Submitted batch job 2858084'.
[Wed Feb  8 13:44:59 2023]
Finished job 32.
18 of 23 steps (78%) done
[Wed Feb  8 13:44:59 2023]
Finished job 40.
19 of 23 steps (83%) done
[Wed Feb  8 13:44:59 2023]
Finished job 28.
20 of 23 steps (87%) done
[Wed Feb  8 13:44:59 2023]
Finished job 36.
21 of 23 steps (91%) done
[Wed Feb  8 13:46:59 2023]
Finished job 42.
22 of 23 steps (96%) done
Select jobs to execute...

[Wed Feb  8 13:46:59 2023]
localrule all:
    input: /n/scratch3/users/d/djl34/KL_input/intergenic_footprinting/1/_metadata, /n/scratch3/users/d/djl34/KL_input/intergenic_footprinting/2/_metadata, /n/scratch3/users/d/djl34/KL_input/intergenic_footprinting/3/_metadata, /n/scratch3/users/d/djl34/KL_input/intergenic_footprinting/4/_metadata, /n/scratch3/users/d/djl34/KL_input/intergenic_footprinting/5/_metadata, /n/scratch3/users/d/djl34/KL_input/intergenic_footprinting/6/_metadata, /n/scratch3/users/d/djl34/KL_input/intergenic_footprinting/7/_metadata, /n/scratch3/users/d/djl34/KL_input/intergenic_footprinting/8/_metadata, /n/scratch3/users/d/djl34/KL_input/intergenic_footprinting/9/_metadata, /n/scratch3/users/d/djl34/KL_input/intergenic_footprinting/10/_metadata, /n/scratch3/users/d/djl34/KL_input/intergenic_footprinting/11/_metadata, /n/scratch3/users/d/djl34/KL_input/intergenic_footprinting/12/_metadata, /n/scratch3/users/d/djl34/KL_input/intergenic_footprinting/13/_metadata, /n/scratch3/users/d/djl34/KL_input/intergenic_footprinting/14/_metadata, /n/scratch3/users/d/djl34/KL_input/intergenic_footprinting/15/_metadata, /n/scratch3/users/d/djl34/KL_input/intergenic_footprinting/16/_metadata, /n/scratch3/users/d/djl34/KL_input/intergenic_footprinting/17/_metadata, /n/scratch3/users/d/djl34/KL_input/intergenic_footprinting/18/_metadata, /n/scratch3/users/d/djl34/KL_input/intergenic_footprinting/19/_metadata, /n/scratch3/users/d/djl34/KL_input/intergenic_footprinting/20/_metadata, /n/scratch3/users/d/djl34/KL_input/intergenic_footprinting/21/_metadata, /n/scratch3/users/d/djl34/KL_input/intergenic_footprinting/22/_metadata, /n/scratch3/users/d/djl34/KL_input/intergenic_footprinting/1.tsv, /n/scratch3/users/d/djl34/KL_input/intergenic_footprinting/2.tsv, /n/scratch3/users/d/djl34/KL_input/intergenic_footprinting/3.tsv, /n/scratch3/users/d/djl34/KL_input/intergenic_footprinting/4.tsv, /n/scratch3/users/d/djl34/KL_input/intergenic_footprinting/5.tsv, /n/scratch3/users/d/djl34/KL_input/intergenic_footprinting/6.tsv, /n/scratch3/users/d/djl34/KL_input/intergenic_footprinting/7.tsv, /n/scratch3/users/d/djl34/KL_input/intergenic_footprinting/8.tsv, /n/scratch3/users/d/djl34/KL_input/intergenic_footprinting/9.tsv, /n/scratch3/users/d/djl34/KL_input/intergenic_footprinting/10.tsv, /n/scratch3/users/d/djl34/KL_input/intergenic_footprinting/11.tsv, /n/scratch3/users/d/djl34/KL_input/intergenic_footprinting/12.tsv, /n/scratch3/users/d/djl34/KL_input/intergenic_footprinting/13.tsv, /n/scratch3/users/d/djl34/KL_input/intergenic_footprinting/14.tsv, /n/scratch3/users/d/djl34/KL_input/intergenic_footprinting/15.tsv, /n/scratch3/users/d/djl34/KL_input/intergenic_footprinting/16.tsv, /n/scratch3/users/d/djl34/KL_input/intergenic_footprinting/17.tsv, /n/scratch3/users/d/djl34/KL_input/intergenic_footprinting/18.tsv, /n/scratch3/users/d/djl34/KL_input/intergenic_footprinting/19.tsv, /n/scratch3/users/d/djl34/KL_input/intergenic_footprinting/20.tsv, /n/scratch3/users/d/djl34/KL_input/intergenic_footprinting/21.tsv, /n/scratch3/users/d/djl34/KL_input/intergenic_footprinting/22.tsv
    jobid: 0
    reason: Input files updated by another job: /n/scratch3/users/d/djl34/KL_input/intergenic_footprinting/11.tsv, /n/scratch3/users/d/djl34/KL_input/intergenic_footprinting/5.tsv, /n/scratch3/users/d/djl34/KL_input/intergenic_footprinting/17.tsv, /n/scratch3/users/d/djl34/KL_input/intergenic_footprinting/18.tsv, /n/scratch3/users/d/djl34/KL_input/intergenic_footprinting/16.tsv, /n/scratch3/users/d/djl34/KL_input/intergenic_footprinting/2.tsv, /n/scratch3/users/d/djl34/KL_input/intergenic_footprinting/20.tsv, /n/scratch3/users/d/djl34/KL_input/intergenic_footprinting/9.tsv, /n/scratch3/users/d/djl34/KL_input/intergenic_footprinting/19.tsv, /n/scratch3/users/d/djl34/KL_input/intergenic_footprinting/12.tsv, /n/scratch3/users/d/djl34/KL_input/intergenic_footprinting/14.tsv, /n/scratch3/users/d/djl34/KL_input/intergenic_footprinting/15.tsv, /n/scratch3/users/d/djl34/KL_input/intergenic_footprinting/13.tsv, /n/scratch3/users/d/djl34/KL_input/intergenic_footprinting/1.tsv, /n/scratch3/users/d/djl34/KL_input/intergenic_footprinting/10.tsv, /n/scratch3/users/d/djl34/KL_input/intergenic_footprinting/8.tsv, /n/scratch3/users/d/djl34/KL_input/intergenic_footprinting/21.tsv, /n/scratch3/users/d/djl34/KL_input/intergenic_footprinting/4.tsv, /n/scratch3/users/d/djl34/KL_input/intergenic_footprinting/22.tsv, /n/scratch3/users/d/djl34/KL_input/intergenic_footprinting/3.tsv, /n/scratch3/users/d/djl34/KL_input/intergenic_footprinting/6.tsv, /n/scratch3/users/d/djl34/KL_input/intergenic_footprinting/7.tsv
    resources: mem_mb=3361, disk_mb=3361, tmpdir=/tmp

[Wed Feb  8 13:46:59 2023]
Finished job 0.
23 of 23 steps (100%) done
Complete log: .snakemake/log/2023-02-08T133035.327730.snakemake.log
