Building DAG of jobs...
Using shell: /usr/bin/bash
Provided cluster nodes: 50
Job stats:
job                count    min threads    max threads
---------------  -------  -------------  -------------
all                    1              1              1
merge_tsv_files      301              1              1
total                302              1              1

Select jobs to execute...

[Fri Mar 24 15:03:24 2023]
rule merge_tsv_files:
    input: /n/scratch3/users/d/djl34/kl_input/enhancer_module/1.tsv, /n/scratch3/users/d/djl34/kl_input/enhancer_module/2.tsv, /n/scratch3/users/d/djl34/kl_input/enhancer_module/3.tsv, /n/scratch3/users/d/djl34/kl_input/enhancer_module/4.tsv, /n/scratch3/users/d/djl34/kl_input/enhancer_module/5.tsv, /n/scratch3/users/d/djl34/kl_input/enhancer_module/6.tsv, /n/scratch3/users/d/djl34/kl_input/enhancer_module/7.tsv, /n/scratch3/users/d/djl34/kl_input/enhancer_module/8.tsv, /n/scratch3/users/d/djl34/kl_input/enhancer_module/9.tsv, /n/scratch3/users/d/djl34/kl_input/enhancer_module/10.tsv, /n/scratch3/users/d/djl34/kl_input/enhancer_module/11.tsv, /n/scratch3/users/d/djl34/kl_input/enhancer_module/12.tsv, /n/scratch3/users/d/djl34/kl_input/enhancer_module/13.tsv, /n/scratch3/users/d/djl34/kl_input/enhancer_module/14.tsv, /n/scratch3/users/d/djl34/kl_input/enhancer_module/15.tsv, /n/scratch3/users/d/djl34/kl_input/enhancer_module/16.tsv, /n/scratch3/users/d/djl34/kl_input/enhancer_module/17.tsv, /n/scratch3/users/d/djl34/kl_input/enhancer_module/18.tsv, /n/scratch3/users/d/djl34/kl_input/enhancer_module/19.tsv, /n/scratch3/users/d/djl34/kl_input/enhancer_module/20.tsv, /n/scratch3/users/d/djl34/kl_input/enhancer_module/21.tsv, /n/scratch3/users/d/djl34/kl_input/enhancer_module/22.tsv
    output: /n/scratch3/users/d/djl34/kl_input/enhancer_module/divided/gene_26.tsv
    jobid: 51
    reason: Missing output files: /n/scratch3/users/d/djl34/kl_input/enhancer_module/divided/gene_26.tsv
    wildcards: gene=26
    resources: mem_mb=103979, disk_mb=103979, tmpdir=/tmp

Submitted job 51 with external jobid 'Submitted batch job 5492749'.

[Fri Mar 24 15:03:24 2023]
rule merge_tsv_files:
    input: /n/scratch3/users/d/djl34/kl_input/enhancer_module/1.tsv, /n/scratch3/users/d/djl34/kl_input/enhancer_module/2.tsv, /n/scratch3/users/d/djl34/kl_input/enhancer_module/3.tsv, /n/scratch3/users/d/djl34/kl_input/enhancer_module/4.tsv, /n/scratch3/users/d/djl34/kl_input/enhancer_module/5.tsv, /n/scratch3/users/d/djl34/kl_input/enhancer_module/6.tsv, /n/scratch3/users/d/djl34/kl_input/enhancer_module/7.tsv, /n/scratch3/users/d/djl34/kl_input/enhancer_module/8.tsv, /n/scratch3/users/d/djl34/kl_input/enhancer_module/9.tsv, /n/scratch3/users/d/djl34/kl_input/enhancer_module/10.tsv, /n/scratch3/users/d/djl34/kl_input/enhancer_module/11.tsv, /n/scratch3/users/d/djl34/kl_input/enhancer_module/12.tsv, /n/scratch3/users/d/djl34/kl_input/enhancer_module/13.tsv, /n/scratch3/users/d/djl34/kl_input/enhancer_module/14.tsv, /n/scratch3/users/d/djl34/kl_input/enhancer_module/15.tsv, /n/scratch3/users/d/djl34/kl_input/enhancer_module/16.tsv, /n/scratch3/users/d/djl34/kl_input/enhancer_module/17.tsv, /n/scratch3/users/d/djl34/kl_input/enhancer_module/18.tsv, /n/scratch3/users/d/djl34/kl_input/enhancer_module/19.tsv, /n/scratch3/users/d/djl34/kl_input/enhancer_module/20.tsv, /n/scratch3/users/d/djl34/kl_input/enhancer_module/21.tsv, /n/scratch3/users/d/djl34/kl_input/enhancer_module/22.tsv
    output: /n/scratch3/users/d/djl34/kl_input/enhancer_module/divided/gene_289.tsv
    jobid: 314
    reason: Missing output files: /n/scratch3/users/d/djl34/kl_input/enhancer_module/divided/gene_289.tsv
    wildcards: gene=289
    resources: mem_mb=103979, disk_mb=103979, tmpdir=/tmp

Submitted job 314 with external jobid 'Submitted batch job 5492750'.

[Fri Mar 24 15:03:24 2023]
rule merge_tsv_files:
    input: /n/scratch3/users/d/djl34/kl_input/enhancer_module/1.tsv, /n/scratch3/users/d/djl34/kl_input/enhancer_module/2.tsv, /n/scratch3/users/d/djl34/kl_input/enhancer_module/3.tsv, /n/scratch3/users/d/djl34/kl_input/enhancer_module/4.tsv, /n/scratch3/users/d/djl34/kl_input/enhancer_module/5.tsv, /n/scratch3/users/d/djl34/kl_input/enhancer_module/6.tsv, /n/scratch3/users/d/djl34/kl_input/enhancer_module/7.tsv, /n/scratch3/users/d/djl34/kl_input/enhancer_module/8.tsv, /n/scratch3/users/d/djl34/kl_input/enhancer_module/9.tsv, /n/scratch3/users/d/djl34/kl_input/enhancer_module/10.tsv, /n/scratch3/users/d/djl34/kl_input/enhancer_module/11.tsv, /n/scratch3/users/d/djl34/kl_input/enhancer_module/12.tsv, /n/scratch3/users/d/djl34/kl_input/enhancer_module/13.tsv, /n/scratch3/users/d/djl34/kl_input/enhancer_module/14.tsv, /n/scratch3/users/d/djl34/kl_input/enhancer_module/15.tsv, /n/scratch3/users/d/djl34/kl_input/enhancer_module/16.tsv, /n/scratch3/users/d/djl34/kl_input/enhancer_module/17.tsv, /n/scratch3/users/d/djl34/kl_input/enhancer_module/18.tsv, /n/scratch3/users/d/djl34/kl_input/enhancer_module/19.tsv, /n/scratch3/users/d/djl34/kl_input/enhancer_module/20.tsv, /n/scratch3/users/d/djl34/kl_input/enhancer_module/21.tsv, /n/scratch3/users/d/djl34/kl_input/enhancer_module/22.tsv
    output: /n/scratch3/users/d/djl34/kl_input/enhancer_module/divided/gene_259.tsv
    jobid: 284
    reason: Missing output files: /n/scratch3/users/d/djl34/kl_input/enhancer_module/divided/gene_259.tsv
    wildcards: gene=259
    resources: mem_mb=103979, disk_mb=103979, tmpdir=/tmp

Submitted job 284 with external jobid 'Submitted batch job 5492751'.

[Fri Mar 24 15:03:24 2023]
rule merge_tsv_files:
    input: /n/scratch3/users/d/djl34/kl_input/enhancer_module/1.tsv, /n/scratch3/users/d/djl34/kl_input/enhancer_module/2.tsv, /n/scratch3/users/d/djl34/kl_input/enhancer_module/3.tsv, /n/scratch3/users/d/djl34/kl_input/enhancer_module/4.tsv, /n/scratch3/users/d/djl34/kl_input/enhancer_module/5.tsv, /n/scratch3/users/d/djl34/kl_input/enhancer_module/6.tsv, /n/scratch3/users/d/djl34/kl_input/enhancer_module/7.tsv, /n/scratch3/users/d/djl34/kl_input/enhancer_module/8.tsv, /n/scratch3/users/d/djl34/kl_input/enhancer_module/9.tsv, /n/scratch3/users/d/djl34/kl_input/enhancer_module/10.tsv, /n/scratch3/users/d/djl34/kl_input/enhancer_module/11.tsv, /n/scratch3/users/d/djl34/kl_input/enhancer_module/12.tsv, /n/scratch3/users/d/djl34/kl_input/enhancer_module/13.tsv, /n/scratch3/users/d/djl34/kl_input/enhancer_module/14.tsv, /n/scratch3/users/d/djl34/kl_input/enhancer_module/15.tsv, /n/scratch3/users/d/djl34/kl_input/enhancer_module/16.tsv, /n/scratch3/users/d/djl34/kl_input/enhancer_module/17.tsv, /n/scratch3/users/d/djl34/kl_input/enhancer_module/18.tsv, /n/scratch3/users/d/djl34/kl_input/enhancer_module/19.tsv, /n/scratch3/users/d/djl34/kl_input/enhancer_module/20.tsv, /n/scratch3/users/d/djl34/kl_input/enhancer_module/21.tsv, /n/scratch3/users/d/djl34/kl_input/enhancer_module/22.tsv
    output: /n/scratch3/users/d/djl34/kl_input/enhancer_module/divided/gene_244.tsv
    jobid: 269
    reason: Missing output files: /n/scratch3/users/d/djl34/kl_input/enhancer_module/divided/gene_244.tsv
    wildcards: gene=244
    resources: mem_mb=103979, disk_mb=103979, tmpdir=/tmp

Submitted job 269 with external jobid 'Submitted batch job 5492752'.

[Fri Mar 24 15:03:24 2023]
rule merge_tsv_files:
    input: /n/scratch3/users/d/djl34/kl_input/enhancer_module/1.tsv, /n/scratch3/users/d/djl34/kl_input/enhancer_module/2.tsv, /n/scratch3/users/d/djl34/kl_input/enhancer_module/3.tsv, /n/scratch3/users/d/djl34/kl_input/enhancer_module/4.tsv, /n/scratch3/users/d/djl34/kl_input/enhancer_module/5.tsv, /n/scratch3/users/d/djl34/kl_input/enhancer_module/6.tsv, /n/scratch3/users/d/djl34/kl_input/enhancer_module/7.tsv, /n/scratch3/users/d/djl34/kl_input/enhancer_module/8.tsv, /n/scratch3/users/d/djl34/kl_input/enhancer_module/9.tsv, /n/scratch3/users/d/djl34/kl_input/enhancer_module/10.tsv, /n/scratch3/users/d/djl34/kl_input/enhancer_module/11.tsv, /n/scratch3/users/d/djl34/kl_input/enhancer_module/12.tsv, /n/scratch3/users/d/djl34/kl_input/enhancer_module/13.tsv, /n/scratch3/users/d/djl34/kl_input/enhancer_module/14.tsv, /n/scratch3/users/d/djl34/kl_input/enhancer_module/15.tsv, /n/scratch3/users/d/djl34/kl_input/enhancer_module/16.tsv, /n/scratch3/users/d/djl34/kl_input/enhancer_module/17.tsv, /n/scratch3/users/d/djl34/kl_input/enhancer_module/18.tsv, /n/scratch3/users/d/djl34/kl_input/enhancer_module/19.tsv, /n/scratch3/users/d/djl34/kl_input/enhancer_module/20.tsv, /n/scratch3/users/d/djl34/kl_input/enhancer_module/21.tsv, /n/scratch3/users/d/djl34/kl_input/enhancer_module/22.tsv
    output: /n/scratch3/users/d/djl34/kl_input/enhancer_module/divided/gene_145.tsv
    jobid: 170
    reason: Missing output files: /n/scratch3/users/d/djl34/kl_input/enhancer_module/divided/gene_145.tsv
    wildcards: gene=145
    resources: mem_mb=103979, disk_mb=103979, tmpdir=/tmp

Submitted job 170 with external jobid 'Submitted batch job 5492753'.

[Fri Mar 24 15:03:24 2023]
rule merge_tsv_files:
    input: /n/scratch3/users/d/djl34/kl_input/enhancer_module/1.tsv, /n/scratch3/users/d/djl34/kl_input/enhancer_module/2.tsv, /n/scratch3/users/d/djl34/kl_input/enhancer_module/3.tsv, /n/scratch3/users/d/djl34/kl_input/enhancer_module/4.tsv, /n/scratch3/users/d/djl34/kl_input/enhancer_module/5.tsv, /n/scratch3/users/d/djl34/kl_input/enhancer_module/6.tsv, /n/scratch3/users/d/djl34/kl_input/enhancer_module/7.tsv, /n/scratch3/users/d/djl34/kl_input/enhancer_module/8.tsv, /n/scratch3/users/d/djl34/kl_input/enhancer_module/9.tsv, /n/scratch3/users/d/djl34/kl_input/enhancer_module/10.tsv, /n/scratch3/users/d/djl34/kl_input/enhancer_module/11.tsv, /n/scratch3/users/d/djl34/kl_input/enhancer_module/12.tsv, /n/scratch3/users/d/djl34/kl_input/enhancer_module/13.tsv, /n/scratch3/users/d/djl34/kl_input/enhancer_module/14.tsv, /n/scratch3/users/d/djl34/kl_input/enhancer_module/15.tsv, /n/scratch3/users/d/djl34/kl_input/enhancer_module/16.tsv, /n/scratch3/users/d/djl34/kl_input/enhancer_module/17.tsv, /n/scratch3/users/d/djl34/kl_input/enhancer_module/18.tsv, /n/scratch3/users/d/djl34/kl_input/enhancer_module/19.tsv, /n/scratch3/users/d/djl34/kl_input/enhancer_module/20.tsv, /n/scratch3/users/d/djl34/kl_input/enhancer_module/21.tsv, /n/scratch3/users/d/djl34/kl_input/enhancer_module/22.tsv
    output: /n/scratch3/users/d/djl34/kl_input/enhancer_module/divided/gene_263.tsv
    jobid: 288
    reason: Missing output files: /n/scratch3/users/d/djl34/kl_input/enhancer_module/divided/gene_263.tsv
    wildcards: gene=263
    resources: mem_mb=103979, disk_mb=103979, tmpdir=/tmp

Submitted job 288 with external jobid 'Submitted batch job 5492754'.

[Fri Mar 24 15:03:24 2023]
rule merge_tsv_files:
    input: /n/scratch3/users/d/djl34/kl_input/enhancer_module/1.tsv, /n/scratch3/users/d/djl34/kl_input/enhancer_module/2.tsv, /n/scratch3/users/d/djl34/kl_input/enhancer_module/3.tsv, /n/scratch3/users/d/djl34/kl_input/enhancer_module/4.tsv, /n/scratch3/users/d/djl34/kl_input/enhancer_module/5.tsv, /n/scratch3/users/d/djl34/kl_input/enhancer_module/6.tsv, /n/scratch3/users/d/djl34/kl_input/enhancer_module/7.tsv, /n/scratch3/users/d/djl34/kl_input/enhancer_module/8.tsv, /n/scratch3/users/d/djl34/kl_input/enhancer_module/9.tsv, /n/scratch3/users/d/djl34/kl_input/enhancer_module/10.tsv, /n/scratch3/users/d/djl34/kl_input/enhancer_module/11.tsv, /n/scratch3/users/d/djl34/kl_input/enhancer_module/12.tsv, /n/scratch3/users/d/djl34/kl_input/enhancer_module/13.tsv, /n/scratch3/users/d/djl34/kl_input/enhancer_module/14.tsv, /n/scratch3/users/d/djl34/kl_input/enhancer_module/15.tsv, /n/scratch3/users/d/djl34/kl_input/enhancer_module/16.tsv, /n/scratch3/users/d/djl34/kl_input/enhancer_module/17.tsv, /n/scratch3/users/d/djl34/kl_input/enhancer_module/18.tsv, /n/scratch3/users/d/djl34/kl_input/enhancer_module/19.tsv, /n/scratch3/users/d/djl34/kl_input/enhancer_module/20.tsv, /n/scratch3/users/d/djl34/kl_input/enhancer_module/21.tsv, /n/scratch3/users/d/djl34/kl_input/enhancer_module/22.tsv
    output: /n/scratch3/users/d/djl34/kl_input/enhancer_module/divided/gene_83.tsv
    jobid: 108
    reason: Missing output files: /n/scratch3/users/d/djl34/kl_input/enhancer_module/divided/gene_83.tsv
    wildcards: gene=83
    resources: mem_mb=103979, disk_mb=103979, tmpdir=/tmp

Submitted job 108 with external jobid 'Submitted batch job 5492755'.

[Fri Mar 24 15:03:25 2023]
rule merge_tsv_files:
    input: /n/scratch3/users/d/djl34/kl_input/enhancer_module/1.tsv, /n/scratch3/users/d/djl34/kl_input/enhancer_module/2.tsv, /n/scratch3/users/d/djl34/kl_input/enhancer_module/3.tsv, /n/scratch3/users/d/djl34/kl_input/enhancer_module/4.tsv, /n/scratch3/users/d/djl34/kl_input/enhancer_module/5.tsv, /n/scratch3/users/d/djl34/kl_input/enhancer_module/6.tsv, /n/scratch3/users/d/djl34/kl_input/enhancer_module/7.tsv, /n/scratch3/users/d/djl34/kl_input/enhancer_module/8.tsv, /n/scratch3/users/d/djl34/kl_input/enhancer_module/9.tsv, /n/scratch3/users/d/djl34/kl_input/enhancer_module/10.tsv, /n/scratch3/users/d/djl34/kl_input/enhancer_module/11.tsv, /n/scratch3/users/d/djl34/kl_input/enhancer_module/12.tsv, /n/scratch3/users/d/djl34/kl_input/enhancer_module/13.tsv, /n/scratch3/users/d/djl34/kl_input/enhancer_module/14.tsv, /n/scratch3/users/d/djl34/kl_input/enhancer_module/15.tsv, /n/scratch3/users/d/djl34/kl_input/enhancer_module/16.tsv, /n/scratch3/users/d/djl34/kl_input/enhancer_module/17.tsv, /n/scratch3/users/d/djl34/kl_input/enhancer_module/18.tsv, /n/scratch3/users/d/djl34/kl_input/enhancer_module/19.tsv, /n/scratch3/users/d/djl34/kl_input/enhancer_module/20.tsv, /n/scratch3/users/d/djl34/kl_input/enhancer_module/21.tsv, /n/scratch3/users/d/djl34/kl_input/enhancer_module/22.tsv
    output: /n/scratch3/users/d/djl34/kl_input/enhancer_module/divided/gene_248.tsv
    jobid: 273
    reason: Missing output files: /n/scratch3/users/d/djl34/kl_input/enhancer_module/divided/gene_248.tsv
    wildcards: gene=248
    resources: mem_mb=103979, disk_mb=103979, tmpdir=/tmp

Submitted job 273 with external jobid 'Submitted batch job 5492756'.

[Fri Mar 24 15:03:25 2023]
rule merge_tsv_files:
    input: /n/scratch3/users/d/djl34/kl_input/enhancer_module/1.tsv, /n/scratch3/users/d/djl34/kl_input/enhancer_module/2.tsv, /n/scratch3/users/d/djl34/kl_input/enhancer_module/3.tsv, /n/scratch3/users/d/djl34/kl_input/enhancer_module/4.tsv, /n/scratch3/users/d/djl34/kl_input/enhancer_module/5.tsv, /n/scratch3/users/d/djl34/kl_input/enhancer_module/6.tsv, /n/scratch3/users/d/djl34/kl_input/enhancer_module/7.tsv, /n/scratch3/users/d/djl34/kl_input/enhancer_module/8.tsv, /n/scratch3/users/d/djl34/kl_input/enhancer_module/9.tsv, /n/scratch3/users/d/djl34/kl_input/enhancer_module/10.tsv, /n/scratch3/users/d/djl34/kl_input/enhancer_module/11.tsv, /n/scratch3/users/d/djl34/kl_input/enhancer_module/12.tsv, /n/scratch3/users/d/djl34/kl_input/enhancer_module/13.tsv, /n/scratch3/users/d/djl34/kl_input/enhancer_module/14.tsv, /n/scratch3/users/d/djl34/kl_input/enhancer_module/15.tsv, /n/scratch3/users/d/djl34/kl_input/enhancer_module/16.tsv, /n/scratch3/users/d/djl34/kl_input/enhancer_module/17.tsv, /n/scratch3/users/d/djl34/kl_input/enhancer_module/18.tsv, /n/scratch3/users/d/djl34/kl_input/enhancer_module/19.tsv, /n/scratch3/users/d/djl34/kl_input/enhancer_module/20.tsv, /n/scratch3/users/d/djl34/kl_input/enhancer_module/21.tsv, /n/scratch3/users/d/djl34/kl_input/enhancer_module/22.tsv
    output: /n/scratch3/users/d/djl34/kl_input/enhancer_module/divided/gene_98.tsv
    jobid: 123
    reason: Missing output files: /n/scratch3/users/d/djl34/kl_input/enhancer_module/divided/gene_98.tsv
    wildcards: gene=98
    resources: mem_mb=103979, disk_mb=103979, tmpdir=/tmp

Submitted job 123 with external jobid 'Submitted batch job 5492757'.

[Fri Mar 24 15:03:25 2023]
rule merge_tsv_files:
    input: /n/scratch3/users/d/djl34/kl_input/enhancer_module/1.tsv, /n/scratch3/users/d/djl34/kl_input/enhancer_module/2.tsv, /n/scratch3/users/d/djl34/kl_input/enhancer_module/3.tsv, /n/scratch3/users/d/djl34/kl_input/enhancer_module/4.tsv, /n/scratch3/users/d/djl34/kl_input/enhancer_module/5.tsv, /n/scratch3/users/d/djl34/kl_input/enhancer_module/6.tsv, /n/scratch3/users/d/djl34/kl_input/enhancer_module/7.tsv, /n/scratch3/users/d/djl34/kl_input/enhancer_module/8.tsv, /n/scratch3/users/d/djl34/kl_input/enhancer_module/9.tsv, /n/scratch3/users/d/djl34/kl_input/enhancer_module/10.tsv, /n/scratch3/users/d/djl34/kl_input/enhancer_module/11.tsv, /n/scratch3/users/d/djl34/kl_input/enhancer_module/12.tsv, /n/scratch3/users/d/djl34/kl_input/enhancer_module/13.tsv, /n/scratch3/users/d/djl34/kl_input/enhancer_module/14.tsv, /n/scratch3/users/d/djl34/kl_input/enhancer_module/15.tsv, /n/scratch3/users/d/djl34/kl_input/enhancer_module/16.tsv, /n/scratch3/users/d/djl34/kl_input/enhancer_module/17.tsv, /n/scratch3/users/d/djl34/kl_input/enhancer_module/18.tsv, /n/scratch3/users/d/djl34/kl_input/enhancer_module/19.tsv, /n/scratch3/users/d/djl34/kl_input/enhancer_module/20.tsv, /n/scratch3/users/d/djl34/kl_input/enhancer_module/21.tsv, /n/scratch3/users/d/djl34/kl_input/enhancer_module/22.tsv
    output: /n/scratch3/users/d/djl34/kl_input/enhancer_module/divided/gene_38.tsv
    jobid: 63
    reason: Missing output files: /n/scratch3/users/d/djl34/kl_input/enhancer_module/divided/gene_38.tsv
    wildcards: gene=38
    resources: mem_mb=103979, disk_mb=103979, tmpdir=/tmp

Submitted job 63 with external jobid 'Submitted batch job 5492758'.

[Fri Mar 24 15:03:25 2023]
rule merge_tsv_files:
    input: /n/scratch3/users/d/djl34/kl_input/enhancer_module/1.tsv, /n/scratch3/users/d/djl34/kl_input/enhancer_module/2.tsv, /n/scratch3/users/d/djl34/kl_input/enhancer_module/3.tsv, /n/scratch3/users/d/djl34/kl_input/enhancer_module/4.tsv, /n/scratch3/users/d/djl34/kl_input/enhancer_module/5.tsv, /n/scratch3/users/d/djl34/kl_input/enhancer_module/6.tsv, /n/scratch3/users/d/djl34/kl_input/enhancer_module/7.tsv, /n/scratch3/users/d/djl34/kl_input/enhancer_module/8.tsv, /n/scratch3/users/d/djl34/kl_input/enhancer_module/9.tsv, /n/scratch3/users/d/djl34/kl_input/enhancer_module/10.tsv, /n/scratch3/users/d/djl34/kl_input/enhancer_module/11.tsv, /n/scratch3/users/d/djl34/kl_input/enhancer_module/12.tsv, /n/scratch3/users/d/djl34/kl_input/enhancer_module/13.tsv, /n/scratch3/users/d/djl34/kl_input/enhancer_module/14.tsv, /n/scratch3/users/d/djl34/kl_input/enhancer_module/15.tsv, /n/scratch3/users/d/djl34/kl_input/enhancer_module/16.tsv, /n/scratch3/users/d/djl34/kl_input/enhancer_module/17.tsv, /n/scratch3/users/d/djl34/kl_input/enhancer_module/18.tsv, /n/scratch3/users/d/djl34/kl_input/enhancer_module/19.tsv, /n/scratch3/users/d/djl34/kl_input/enhancer_module/20.tsv, /n/scratch3/users/d/djl34/kl_input/enhancer_module/21.tsv, /n/scratch3/users/d/djl34/kl_input/enhancer_module/22.tsv
    output: /n/scratch3/users/d/djl34/kl_input/enhancer_module/divided/gene_218.tsv
    jobid: 243
    reason: Missing output files: /n/scratch3/users/d/djl34/kl_input/enhancer_module/divided/gene_218.tsv
    wildcards: gene=218
    resources: mem_mb=103979, disk_mb=103979, tmpdir=/tmp

Submitted job 243 with external jobid 'Submitted batch job 5492759'.

[Fri Mar 24 15:03:25 2023]
rule merge_tsv_files:
    input: /n/scratch3/users/d/djl34/kl_input/enhancer_module/1.tsv, /n/scratch3/users/d/djl34/kl_input/enhancer_module/2.tsv, /n/scratch3/users/d/djl34/kl_input/enhancer_module/3.tsv, /n/scratch3/users/d/djl34/kl_input/enhancer_module/4.tsv, /n/scratch3/users/d/djl34/kl_input/enhancer_module/5.tsv, /n/scratch3/users/d/djl34/kl_input/enhancer_module/6.tsv, /n/scratch3/users/d/djl34/kl_input/enhancer_module/7.tsv, /n/scratch3/users/d/djl34/kl_input/enhancer_module/8.tsv, /n/scratch3/users/d/djl34/kl_input/enhancer_module/9.tsv, /n/scratch3/users/d/djl34/kl_input/enhancer_module/10.tsv, /n/scratch3/users/d/djl34/kl_input/enhancer_module/11.tsv, /n/scratch3/users/d/djl34/kl_input/enhancer_module/12.tsv, /n/scratch3/users/d/djl34/kl_input/enhancer_module/13.tsv, /n/scratch3/users/d/djl34/kl_input/enhancer_module/14.tsv, /n/scratch3/users/d/djl34/kl_input/enhancer_module/15.tsv, /n/scratch3/users/d/djl34/kl_input/enhancer_module/16.tsv, /n/scratch3/users/d/djl34/kl_input/enhancer_module/17.tsv, /n/scratch3/users/d/djl34/kl_input/enhancer_module/18.tsv, /n/scratch3/users/d/djl34/kl_input/enhancer_module/19.tsv, /n/scratch3/users/d/djl34/kl_input/enhancer_module/20.tsv, /n/scratch3/users/d/djl34/kl_input/enhancer_module/21.tsv, /n/scratch3/users/d/djl34/kl_input/enhancer_module/22.tsv
    output: /n/scratch3/users/d/djl34/kl_input/enhancer_module/divided/gene_233.tsv
    jobid: 258
    reason: Missing output files: /n/scratch3/users/d/djl34/kl_input/enhancer_module/divided/gene_233.tsv
    wildcards: gene=233
    resources: mem_mb=103979, disk_mb=103979, tmpdir=/tmp

Submitted job 258 with external jobid 'Submitted batch job 5492760'.

[Fri Mar 24 15:03:25 2023]
rule merge_tsv_files:
    input: /n/scratch3/users/d/djl34/kl_input/enhancer_module/1.tsv, /n/scratch3/users/d/djl34/kl_input/enhancer_module/2.tsv, /n/scratch3/users/d/djl34/kl_input/enhancer_module/3.tsv, /n/scratch3/users/d/djl34/kl_input/enhancer_module/4.tsv, /n/scratch3/users/d/djl34/kl_input/enhancer_module/5.tsv, /n/scratch3/users/d/djl34/kl_input/enhancer_module/6.tsv, /n/scratch3/users/d/djl34/kl_input/enhancer_module/7.tsv, /n/scratch3/users/d/djl34/kl_input/enhancer_module/8.tsv, /n/scratch3/users/d/djl34/kl_input/enhancer_module/9.tsv, /n/scratch3/users/d/djl34/kl_input/enhancer_module/10.tsv, /n/scratch3/users/d/djl34/kl_input/enhancer_module/11.tsv, /n/scratch3/users/d/djl34/kl_input/enhancer_module/12.tsv, /n/scratch3/users/d/djl34/kl_input/enhancer_module/13.tsv, /n/scratch3/users/d/djl34/kl_input/enhancer_module/14.tsv, /n/scratch3/users/d/djl34/kl_input/enhancer_module/15.tsv, /n/scratch3/users/d/djl34/kl_input/enhancer_module/16.tsv, /n/scratch3/users/d/djl34/kl_input/enhancer_module/17.tsv, /n/scratch3/users/d/djl34/kl_input/enhancer_module/18.tsv, /n/scratch3/users/d/djl34/kl_input/enhancer_module/19.tsv, /n/scratch3/users/d/djl34/kl_input/enhancer_module/20.tsv, /n/scratch3/users/d/djl34/kl_input/enhancer_module/21.tsv, /n/scratch3/users/d/djl34/kl_input/enhancer_module/22.tsv
    output: /n/scratch3/users/d/djl34/kl_input/enhancer_module/divided/gene_203.tsv
    jobid: 228
    reason: Missing output files: /n/scratch3/users/d/djl34/kl_input/enhancer_module/divided/gene_203.tsv
    wildcards: gene=203
    resources: mem_mb=103979, disk_mb=103979, tmpdir=/tmp

Submitted job 228 with external jobid 'Submitted batch job 5492761'.

[Fri Mar 24 15:03:25 2023]
rule merge_tsv_files:
    input: /n/scratch3/users/d/djl34/kl_input/enhancer_module/1.tsv, /n/scratch3/users/d/djl34/kl_input/enhancer_module/2.tsv, /n/scratch3/users/d/djl34/kl_input/enhancer_module/3.tsv, /n/scratch3/users/d/djl34/kl_input/enhancer_module/4.tsv, /n/scratch3/users/d/djl34/kl_input/enhancer_module/5.tsv, /n/scratch3/users/d/djl34/kl_input/enhancer_module/6.tsv, /n/scratch3/users/d/djl34/kl_input/enhancer_module/7.tsv, /n/scratch3/users/d/djl34/kl_input/enhancer_module/8.tsv, /n/scratch3/users/d/djl34/kl_input/enhancer_module/9.tsv, /n/scratch3/users/d/djl34/kl_input/enhancer_module/10.tsv, /n/scratch3/users/d/djl34/kl_input/enhancer_module/11.tsv, /n/scratch3/users/d/djl34/kl_input/enhancer_module/12.tsv, /n/scratch3/users/d/djl34/kl_input/enhancer_module/13.tsv, /n/scratch3/users/d/djl34/kl_input/enhancer_module/14.tsv, /n/scratch3/users/d/djl34/kl_input/enhancer_module/15.tsv, /n/scratch3/users/d/djl34/kl_input/enhancer_module/16.tsv, /n/scratch3/users/d/djl34/kl_input/enhancer_module/17.tsv, /n/scratch3/users/d/djl34/kl_input/enhancer_module/18.tsv, /n/scratch3/users/d/djl34/kl_input/enhancer_module/19.tsv, /n/scratch3/users/d/djl34/kl_input/enhancer_module/20.tsv, /n/scratch3/users/d/djl34/kl_input/enhancer_module/21.tsv, /n/scratch3/users/d/djl34/kl_input/enhancer_module/22.tsv
    output: /n/scratch3/users/d/djl34/kl_input/enhancer_module/divided/gene_147.tsv
    jobid: 172
    reason: Missing output files: /n/scratch3/users/d/djl34/kl_input/enhancer_module/divided/gene_147.tsv
    wildcards: gene=147
    resources: mem_mb=103979, disk_mb=103979, tmpdir=/tmp

Submitted job 172 with external jobid 'Submitted batch job 5492762'.

[Fri Mar 24 15:03:25 2023]
rule merge_tsv_files:
    input: /n/scratch3/users/d/djl34/kl_input/enhancer_module/1.tsv, /n/scratch3/users/d/djl34/kl_input/enhancer_module/2.tsv, /n/scratch3/users/d/djl34/kl_input/enhancer_module/3.tsv, /n/scratch3/users/d/djl34/kl_input/enhancer_module/4.tsv, /n/scratch3/users/d/djl34/kl_input/enhancer_module/5.tsv, /n/scratch3/users/d/djl34/kl_input/enhancer_module/6.tsv, /n/scratch3/users/d/djl34/kl_input/enhancer_module/7.tsv, /n/scratch3/users/d/djl34/kl_input/enhancer_module/8.tsv, /n/scratch3/users/d/djl34/kl_input/enhancer_module/9.tsv, /n/scratch3/users/d/djl34/kl_input/enhancer_module/10.tsv, /n/scratch3/users/d/djl34/kl_input/enhancer_module/11.tsv, /n/scratch3/users/d/djl34/kl_input/enhancer_module/12.tsv, /n/scratch3/users/d/djl34/kl_input/enhancer_module/13.tsv, /n/scratch3/users/d/djl34/kl_input/enhancer_module/14.tsv, /n/scratch3/users/d/djl34/kl_input/enhancer_module/15.tsv, /n/scratch3/users/d/djl34/kl_input/enhancer_module/16.tsv, /n/scratch3/users/d/djl34/kl_input/enhancer_module/17.tsv, /n/scratch3/users/d/djl34/kl_input/enhancer_module/18.tsv, /n/scratch3/users/d/djl34/kl_input/enhancer_module/19.tsv, /n/scratch3/users/d/djl34/kl_input/enhancer_module/20.tsv, /n/scratch3/users/d/djl34/kl_input/enhancer_module/21.tsv, /n/scratch3/users/d/djl34/kl_input/enhancer_module/22.tsv
    output: /n/scratch3/users/d/djl34/kl_input/enhancer_module/divided/gene_87.tsv
    jobid: 112
    reason: Missing output files: /n/scratch3/users/d/djl34/kl_input/enhancer_module/divided/gene_87.tsv
    wildcards: gene=87
    resources: mem_mb=103979, disk_mb=103979, tmpdir=/tmp

Submitted job 112 with external jobid 'Submitted batch job 5492763'.

[Fri Mar 24 15:03:25 2023]
rule merge_tsv_files:
    input: /n/scratch3/users/d/djl34/kl_input/enhancer_module/1.tsv, /n/scratch3/users/d/djl34/kl_input/enhancer_module/2.tsv, /n/scratch3/users/d/djl34/kl_input/enhancer_module/3.tsv, /n/scratch3/users/d/djl34/kl_input/enhancer_module/4.tsv, /n/scratch3/users/d/djl34/kl_input/enhancer_module/5.tsv, /n/scratch3/users/d/djl34/kl_input/enhancer_module/6.tsv, /n/scratch3/users/d/djl34/kl_input/enhancer_module/7.tsv, /n/scratch3/users/d/djl34/kl_input/enhancer_module/8.tsv, /n/scratch3/users/d/djl34/kl_input/enhancer_module/9.tsv, /n/scratch3/users/d/djl34/kl_input/enhancer_module/10.tsv, /n/scratch3/users/d/djl34/kl_input/enhancer_module/11.tsv, /n/scratch3/users/d/djl34/kl_input/enhancer_module/12.tsv, /n/scratch3/users/d/djl34/kl_input/enhancer_module/13.tsv, /n/scratch3/users/d/djl34/kl_input/enhancer_module/14.tsv, /n/scratch3/users/d/djl34/kl_input/enhancer_module/15.tsv, /n/scratch3/users/d/djl34/kl_input/enhancer_module/16.tsv, /n/scratch3/users/d/djl34/kl_input/enhancer_module/17.tsv, /n/scratch3/users/d/djl34/kl_input/enhancer_module/18.tsv, /n/scratch3/users/d/djl34/kl_input/enhancer_module/19.tsv, /n/scratch3/users/d/djl34/kl_input/enhancer_module/20.tsv, /n/scratch3/users/d/djl34/kl_input/enhancer_module/21.tsv, /n/scratch3/users/d/djl34/kl_input/enhancer_module/22.tsv
    output: /n/scratch3/users/d/djl34/kl_input/enhancer_module/divided/gene_286.tsv
    jobid: 311
    reason: Missing output files: /n/scratch3/users/d/djl34/kl_input/enhancer_module/divided/gene_286.tsv
    wildcards: gene=286
    resources: mem_mb=103979, disk_mb=103979, tmpdir=/tmp

Submitted job 311 with external jobid 'Submitted batch job 5492764'.

[Fri Mar 24 15:03:26 2023]
rule merge_tsv_files:
    input: /n/scratch3/users/d/djl34/kl_input/enhancer_module/1.tsv, /n/scratch3/users/d/djl34/kl_input/enhancer_module/2.tsv, /n/scratch3/users/d/djl34/kl_input/enhancer_module/3.tsv, /n/scratch3/users/d/djl34/kl_input/enhancer_module/4.tsv, /n/scratch3/users/d/djl34/kl_input/enhancer_module/5.tsv, /n/scratch3/users/d/djl34/kl_input/enhancer_module/6.tsv, /n/scratch3/users/d/djl34/kl_input/enhancer_module/7.tsv, /n/scratch3/users/d/djl34/kl_input/enhancer_module/8.tsv, /n/scratch3/users/d/djl34/kl_input/enhancer_module/9.tsv, /n/scratch3/users/d/djl34/kl_input/enhancer_module/10.tsv, /n/scratch3/users/d/djl34/kl_input/enhancer_module/11.tsv, /n/scratch3/users/d/djl34/kl_input/enhancer_module/12.tsv, /n/scratch3/users/d/djl34/kl_input/enhancer_module/13.tsv, /n/scratch3/users/d/djl34/kl_input/enhancer_module/14.tsv, /n/scratch3/users/d/djl34/kl_input/enhancer_module/15.tsv, /n/scratch3/users/d/djl34/kl_input/enhancer_module/16.tsv, /n/scratch3/users/d/djl34/kl_input/enhancer_module/17.tsv, /n/scratch3/users/d/djl34/kl_input/enhancer_module/18.tsv, /n/scratch3/users/d/djl34/kl_input/enhancer_module/19.tsv, /n/scratch3/users/d/djl34/kl_input/enhancer_module/20.tsv, /n/scratch3/users/d/djl34/kl_input/enhancer_module/21.tsv, /n/scratch3/users/d/djl34/kl_input/enhancer_module/22.tsv
    output: /n/scratch3/users/d/djl34/kl_input/enhancer_module/divided/gene_256.tsv
    jobid: 281
    reason: Missing output files: /n/scratch3/users/d/djl34/kl_input/enhancer_module/divided/gene_256.tsv
    wildcards: gene=256
    resources: mem_mb=103979, disk_mb=103979, tmpdir=/tmp

Submitted job 281 with external jobid 'Submitted batch job 5492765'.

[Fri Mar 24 15:03:26 2023]
rule merge_tsv_files:
    input: /n/scratch3/users/d/djl34/kl_input/enhancer_module/1.tsv, /n/scratch3/users/d/djl34/kl_input/enhancer_module/2.tsv, /n/scratch3/users/d/djl34/kl_input/enhancer_module/3.tsv, /n/scratch3/users/d/djl34/kl_input/enhancer_module/4.tsv, /n/scratch3/users/d/djl34/kl_input/enhancer_module/5.tsv, /n/scratch3/users/d/djl34/kl_input/enhancer_module/6.tsv, /n/scratch3/users/d/djl34/kl_input/enhancer_module/7.tsv, /n/scratch3/users/d/djl34/kl_input/enhancer_module/8.tsv, /n/scratch3/users/d/djl34/kl_input/enhancer_module/9.tsv, /n/scratch3/users/d/djl34/kl_input/enhancer_module/10.tsv, /n/scratch3/users/d/djl34/kl_input/enhancer_module/11.tsv, /n/scratch3/users/d/djl34/kl_input/enhancer_module/12.tsv, /n/scratch3/users/d/djl34/kl_input/enhancer_module/13.tsv, /n/scratch3/users/d/djl34/kl_input/enhancer_module/14.tsv, /n/scratch3/users/d/djl34/kl_input/enhancer_module/15.tsv, /n/scratch3/users/d/djl34/kl_input/enhancer_module/16.tsv, /n/scratch3/users/d/djl34/kl_input/enhancer_module/17.tsv, /n/scratch3/users/d/djl34/kl_input/enhancer_module/18.tsv, /n/scratch3/users/d/djl34/kl_input/enhancer_module/19.tsv, /n/scratch3/users/d/djl34/kl_input/enhancer_module/20.tsv, /n/scratch3/users/d/djl34/kl_input/enhancer_module/21.tsv, /n/scratch3/users/d/djl34/kl_input/enhancer_module/22.tsv
    output: /n/scratch3/users/d/djl34/kl_input/enhancer_module/divided/gene_271.tsv
    jobid: 296
    reason: Missing output files: /n/scratch3/users/d/djl34/kl_input/enhancer_module/divided/gene_271.tsv
    wildcards: gene=271
    resources: mem_mb=103979, disk_mb=103979, tmpdir=/tmp

Submitted job 296 with external jobid 'Submitted batch job 5492766'.

[Fri Mar 24 15:03:26 2023]
rule merge_tsv_files:
    input: /n/scratch3/users/d/djl34/kl_input/enhancer_module/1.tsv, /n/scratch3/users/d/djl34/kl_input/enhancer_module/2.tsv, /n/scratch3/users/d/djl34/kl_input/enhancer_module/3.tsv, /n/scratch3/users/d/djl34/kl_input/enhancer_module/4.tsv, /n/scratch3/users/d/djl34/kl_input/enhancer_module/5.tsv, /n/scratch3/users/d/djl34/kl_input/enhancer_module/6.tsv, /n/scratch3/users/d/djl34/kl_input/enhancer_module/7.tsv, /n/scratch3/users/d/djl34/kl_input/enhancer_module/8.tsv, /n/scratch3/users/d/djl34/kl_input/enhancer_module/9.tsv, /n/scratch3/users/d/djl34/kl_input/enhancer_module/10.tsv, /n/scratch3/users/d/djl34/kl_input/enhancer_module/11.tsv, /n/scratch3/users/d/djl34/kl_input/enhancer_module/12.tsv, /n/scratch3/users/d/djl34/kl_input/enhancer_module/13.tsv, /n/scratch3/users/d/djl34/kl_input/enhancer_module/14.tsv, /n/scratch3/users/d/djl34/kl_input/enhancer_module/15.tsv, /n/scratch3/users/d/djl34/kl_input/enhancer_module/16.tsv, /n/scratch3/users/d/djl34/kl_input/enhancer_module/17.tsv, /n/scratch3/users/d/djl34/kl_input/enhancer_module/18.tsv, /n/scratch3/users/d/djl34/kl_input/enhancer_module/19.tsv, /n/scratch3/users/d/djl34/kl_input/enhancer_module/20.tsv, /n/scratch3/users/d/djl34/kl_input/enhancer_module/21.tsv, /n/scratch3/users/d/djl34/kl_input/enhancer_module/22.tsv
    output: /n/scratch3/users/d/djl34/kl_input/enhancer_module/divided/gene_241.tsv
    jobid: 266
    reason: Missing output files: /n/scratch3/users/d/djl34/kl_input/enhancer_module/divided/gene_241.tsv
    wildcards: gene=241
    resources: mem_mb=103979, disk_mb=103979, tmpdir=/tmp

Submitted job 266 with external jobid 'Submitted batch job 5492767'.

[Fri Mar 24 15:03:26 2023]
rule merge_tsv_files:
    input: /n/scratch3/users/d/djl34/kl_input/enhancer_module/1.tsv, /n/scratch3/users/d/djl34/kl_input/enhancer_module/2.tsv, /n/scratch3/users/d/djl34/kl_input/enhancer_module/3.tsv, /n/scratch3/users/d/djl34/kl_input/enhancer_module/4.tsv, /n/scratch3/users/d/djl34/kl_input/enhancer_module/5.tsv, /n/scratch3/users/d/djl34/kl_input/enhancer_module/6.tsv, /n/scratch3/users/d/djl34/kl_input/enhancer_module/7.tsv, /n/scratch3/users/d/djl34/kl_input/enhancer_module/8.tsv, /n/scratch3/users/d/djl34/kl_input/enhancer_module/9.tsv, /n/scratch3/users/d/djl34/kl_input/enhancer_module/10.tsv, /n/scratch3/users/d/djl34/kl_input/enhancer_module/11.tsv, /n/scratch3/users/d/djl34/kl_input/enhancer_module/12.tsv, /n/scratch3/users/d/djl34/kl_input/enhancer_module/13.tsv, /n/scratch3/users/d/djl34/kl_input/enhancer_module/14.tsv, /n/scratch3/users/d/djl34/kl_input/enhancer_module/15.tsv, /n/scratch3/users/d/djl34/kl_input/enhancer_module/16.tsv, /n/scratch3/users/d/djl34/kl_input/enhancer_module/17.tsv, /n/scratch3/users/d/djl34/kl_input/enhancer_module/18.tsv, /n/scratch3/users/d/djl34/kl_input/enhancer_module/19.tsv, /n/scratch3/users/d/djl34/kl_input/enhancer_module/20.tsv, /n/scratch3/users/d/djl34/kl_input/enhancer_module/21.tsv, /n/scratch3/users/d/djl34/kl_input/enhancer_module/22.tsv
    output: /n/scratch3/users/d/djl34/kl_input/enhancer_module/divided/gene_280.tsv
    jobid: 305
    reason: Missing output files: /n/scratch3/users/d/djl34/kl_input/enhancer_module/divided/gene_280.tsv
    wildcards: gene=280
    resources: mem_mb=103979, disk_mb=103979, tmpdir=/tmp

Submitted job 305 with external jobid 'Submitted batch job 5492768'.

[Fri Mar 24 15:03:26 2023]
rule merge_tsv_files:
    input: /n/scratch3/users/d/djl34/kl_input/enhancer_module/1.tsv, /n/scratch3/users/d/djl34/kl_input/enhancer_module/2.tsv, /n/scratch3/users/d/djl34/kl_input/enhancer_module/3.tsv, /n/scratch3/users/d/djl34/kl_input/enhancer_module/4.tsv, /n/scratch3/users/d/djl34/kl_input/enhancer_module/5.tsv, /n/scratch3/users/d/djl34/kl_input/enhancer_module/6.tsv, /n/scratch3/users/d/djl34/kl_input/enhancer_module/7.tsv, /n/scratch3/users/d/djl34/kl_input/enhancer_module/8.tsv, /n/scratch3/users/d/djl34/kl_input/enhancer_module/9.tsv, /n/scratch3/users/d/djl34/kl_input/enhancer_module/10.tsv, /n/scratch3/users/d/djl34/kl_input/enhancer_module/11.tsv, /n/scratch3/users/d/djl34/kl_input/enhancer_module/12.tsv, /n/scratch3/users/d/djl34/kl_input/enhancer_module/13.tsv, /n/scratch3/users/d/djl34/kl_input/enhancer_module/14.tsv, /n/scratch3/users/d/djl34/kl_input/enhancer_module/15.tsv, /n/scratch3/users/d/djl34/kl_input/enhancer_module/16.tsv, /n/scratch3/users/d/djl34/kl_input/enhancer_module/17.tsv, /n/scratch3/users/d/djl34/kl_input/enhancer_module/18.tsv, /n/scratch3/users/d/djl34/kl_input/enhancer_module/19.tsv, /n/scratch3/users/d/djl34/kl_input/enhancer_module/20.tsv, /n/scratch3/users/d/djl34/kl_input/enhancer_module/21.tsv, /n/scratch3/users/d/djl34/kl_input/enhancer_module/22.tsv
    output: /n/scratch3/users/d/djl34/kl_input/enhancer_module/divided/gene_110.tsv
    jobid: 135
    reason: Missing output files: /n/scratch3/users/d/djl34/kl_input/enhancer_module/divided/gene_110.tsv
    wildcards: gene=110
    resources: mem_mb=103979, disk_mb=103979, tmpdir=/tmp

Submitted job 135 with external jobid 'Submitted batch job 5492769'.

[Fri Mar 24 15:03:26 2023]
rule merge_tsv_files:
    input: /n/scratch3/users/d/djl34/kl_input/enhancer_module/1.tsv, /n/scratch3/users/d/djl34/kl_input/enhancer_module/2.tsv, /n/scratch3/users/d/djl34/kl_input/enhancer_module/3.tsv, /n/scratch3/users/d/djl34/kl_input/enhancer_module/4.tsv, /n/scratch3/users/d/djl34/kl_input/enhancer_module/5.tsv, /n/scratch3/users/d/djl34/kl_input/enhancer_module/6.tsv, /n/scratch3/users/d/djl34/kl_input/enhancer_module/7.tsv, /n/scratch3/users/d/djl34/kl_input/enhancer_module/8.tsv, /n/scratch3/users/d/djl34/kl_input/enhancer_module/9.tsv, /n/scratch3/users/d/djl34/kl_input/enhancer_module/10.tsv, /n/scratch3/users/d/djl34/kl_input/enhancer_module/11.tsv, /n/scratch3/users/d/djl34/kl_input/enhancer_module/12.tsv, /n/scratch3/users/d/djl34/kl_input/enhancer_module/13.tsv, /n/scratch3/users/d/djl34/kl_input/enhancer_module/14.tsv, /n/scratch3/users/d/djl34/kl_input/enhancer_module/15.tsv, /n/scratch3/users/d/djl34/kl_input/enhancer_module/16.tsv, /n/scratch3/users/d/djl34/kl_input/enhancer_module/17.tsv, /n/scratch3/users/d/djl34/kl_input/enhancer_module/18.tsv, /n/scratch3/users/d/djl34/kl_input/enhancer_module/19.tsv, /n/scratch3/users/d/djl34/kl_input/enhancer_module/20.tsv, /n/scratch3/users/d/djl34/kl_input/enhancer_module/21.tsv, /n/scratch3/users/d/djl34/kl_input/enhancer_module/22.tsv
    output: /n/scratch3/users/d/djl34/kl_input/enhancer_module/divided/gene_205.tsv
    jobid: 230
    reason: Missing output files: /n/scratch3/users/d/djl34/kl_input/enhancer_module/divided/gene_205.tsv
    wildcards: gene=205
    resources: mem_mb=103979, disk_mb=103979, tmpdir=/tmp

Submitted job 230 with external jobid 'Submitted batch job 5492770'.

[Fri Mar 24 15:03:26 2023]
rule merge_tsv_files:
    input: /n/scratch3/users/d/djl34/kl_input/enhancer_module/1.tsv, /n/scratch3/users/d/djl34/kl_input/enhancer_module/2.tsv, /n/scratch3/users/d/djl34/kl_input/enhancer_module/3.tsv, /n/scratch3/users/d/djl34/kl_input/enhancer_module/4.tsv, /n/scratch3/users/d/djl34/kl_input/enhancer_module/5.tsv, /n/scratch3/users/d/djl34/kl_input/enhancer_module/6.tsv, /n/scratch3/users/d/djl34/kl_input/enhancer_module/7.tsv, /n/scratch3/users/d/djl34/kl_input/enhancer_module/8.tsv, /n/scratch3/users/d/djl34/kl_input/enhancer_module/9.tsv, /n/scratch3/users/d/djl34/kl_input/enhancer_module/10.tsv, /n/scratch3/users/d/djl34/kl_input/enhancer_module/11.tsv, /n/scratch3/users/d/djl34/kl_input/enhancer_module/12.tsv, /n/scratch3/users/d/djl34/kl_input/enhancer_module/13.tsv, /n/scratch3/users/d/djl34/kl_input/enhancer_module/14.tsv, /n/scratch3/users/d/djl34/kl_input/enhancer_module/15.tsv, /n/scratch3/users/d/djl34/kl_input/enhancer_module/16.tsv, /n/scratch3/users/d/djl34/kl_input/enhancer_module/17.tsv, /n/scratch3/users/d/djl34/kl_input/enhancer_module/18.tsv, /n/scratch3/users/d/djl34/kl_input/enhancer_module/19.tsv, /n/scratch3/users/d/djl34/kl_input/enhancer_module/20.tsv, /n/scratch3/users/d/djl34/kl_input/enhancer_module/21.tsv, /n/scratch3/users/d/djl34/kl_input/enhancer_module/22.tsv
    output: /n/scratch3/users/d/djl34/kl_input/enhancer_module/divided/gene_35.tsv
    jobid: 60
    reason: Missing output files: /n/scratch3/users/d/djl34/kl_input/enhancer_module/divided/gene_35.tsv
    wildcards: gene=35
    resources: mem_mb=103979, disk_mb=103979, tmpdir=/tmp

Submitted job 60 with external jobid 'Submitted batch job 5492771'.

[Fri Mar 24 15:03:26 2023]
rule merge_tsv_files:
    input: /n/scratch3/users/d/djl34/kl_input/enhancer_module/1.tsv, /n/scratch3/users/d/djl34/kl_input/enhancer_module/2.tsv, /n/scratch3/users/d/djl34/kl_input/enhancer_module/3.tsv, /n/scratch3/users/d/djl34/kl_input/enhancer_module/4.tsv, /n/scratch3/users/d/djl34/kl_input/enhancer_module/5.tsv, /n/scratch3/users/d/djl34/kl_input/enhancer_module/6.tsv, /n/scratch3/users/d/djl34/kl_input/enhancer_module/7.tsv, /n/scratch3/users/d/djl34/kl_input/enhancer_module/8.tsv, /n/scratch3/users/d/djl34/kl_input/enhancer_module/9.tsv, /n/scratch3/users/d/djl34/kl_input/enhancer_module/10.tsv, /n/scratch3/users/d/djl34/kl_input/enhancer_module/11.tsv, /n/scratch3/users/d/djl34/kl_input/enhancer_module/12.tsv, /n/scratch3/users/d/djl34/kl_input/enhancer_module/13.tsv, /n/scratch3/users/d/djl34/kl_input/enhancer_module/14.tsv, /n/scratch3/users/d/djl34/kl_input/enhancer_module/15.tsv, /n/scratch3/users/d/djl34/kl_input/enhancer_module/16.tsv, /n/scratch3/users/d/djl34/kl_input/enhancer_module/17.tsv, /n/scratch3/users/d/djl34/kl_input/enhancer_module/18.tsv, /n/scratch3/users/d/djl34/kl_input/enhancer_module/19.tsv, /n/scratch3/users/d/djl34/kl_input/enhancer_module/20.tsv, /n/scratch3/users/d/djl34/kl_input/enhancer_module/21.tsv, /n/scratch3/users/d/djl34/kl_input/enhancer_module/22.tsv
    output: /n/scratch3/users/d/djl34/kl_input/enhancer_module/divided/gene_253.tsv
    jobid: 278
    reason: Missing output files: /n/scratch3/users/d/djl34/kl_input/enhancer_module/divided/gene_253.tsv
    wildcards: gene=253
    resources: mem_mb=103979, disk_mb=103979, tmpdir=/tmp

Submitted job 278 with external jobid 'Submitted batch job 5492772'.

[Fri Mar 24 15:03:27 2023]
rule merge_tsv_files:
    input: /n/scratch3/users/d/djl34/kl_input/enhancer_module/1.tsv, /n/scratch3/users/d/djl34/kl_input/enhancer_module/2.tsv, /n/scratch3/users/d/djl34/kl_input/enhancer_module/3.tsv, /n/scratch3/users/d/djl34/kl_input/enhancer_module/4.tsv, /n/scratch3/users/d/djl34/kl_input/enhancer_module/5.tsv, /n/scratch3/users/d/djl34/kl_input/enhancer_module/6.tsv, /n/scratch3/users/d/djl34/kl_input/enhancer_module/7.tsv, /n/scratch3/users/d/djl34/kl_input/enhancer_module/8.tsv, /n/scratch3/users/d/djl34/kl_input/enhancer_module/9.tsv, /n/scratch3/users/d/djl34/kl_input/enhancer_module/10.tsv, /n/scratch3/users/d/djl34/kl_input/enhancer_module/11.tsv, /n/scratch3/users/d/djl34/kl_input/enhancer_module/12.tsv, /n/scratch3/users/d/djl34/kl_input/enhancer_module/13.tsv, /n/scratch3/users/d/djl34/kl_input/enhancer_module/14.tsv, /n/scratch3/users/d/djl34/kl_input/enhancer_module/15.tsv, /n/scratch3/users/d/djl34/kl_input/enhancer_module/16.tsv, /n/scratch3/users/d/djl34/kl_input/enhancer_module/17.tsv, /n/scratch3/users/d/djl34/kl_input/enhancer_module/18.tsv, /n/scratch3/users/d/djl34/kl_input/enhancer_module/19.tsv, /n/scratch3/users/d/djl34/kl_input/enhancer_module/20.tsv, /n/scratch3/users/d/djl34/kl_input/enhancer_module/21.tsv, /n/scratch3/users/d/djl34/kl_input/enhancer_module/22.tsv
    output: /n/scratch3/users/d/djl34/kl_input/enhancer_module/divided/gene_238.tsv
    jobid: 263
    reason: Missing output files: /n/scratch3/users/d/djl34/kl_input/enhancer_module/divided/gene_238.tsv
    wildcards: gene=238
    resources: mem_mb=103979, disk_mb=103979, tmpdir=/tmp

Submitted job 263 with external jobid 'Submitted batch job 5493119'.

[Fri Mar 24 15:03:29 2023]
rule merge_tsv_files:
    input: /n/scratch3/users/d/djl34/kl_input/enhancer_module/1.tsv, /n/scratch3/users/d/djl34/kl_input/enhancer_module/2.tsv, /n/scratch3/users/d/djl34/kl_input/enhancer_module/3.tsv, /n/scratch3/users/d/djl34/kl_input/enhancer_module/4.tsv, /n/scratch3/users/d/djl34/kl_input/enhancer_module/5.tsv, /n/scratch3/users/d/djl34/kl_input/enhancer_module/6.tsv, /n/scratch3/users/d/djl34/kl_input/enhancer_module/7.tsv, /n/scratch3/users/d/djl34/kl_input/enhancer_module/8.tsv, /n/scratch3/users/d/djl34/kl_input/enhancer_module/9.tsv, /n/scratch3/users/d/djl34/kl_input/enhancer_module/10.tsv, /n/scratch3/users/d/djl34/kl_input/enhancer_module/11.tsv, /n/scratch3/users/d/djl34/kl_input/enhancer_module/12.tsv, /n/scratch3/users/d/djl34/kl_input/enhancer_module/13.tsv, /n/scratch3/users/d/djl34/kl_input/enhancer_module/14.tsv, /n/scratch3/users/d/djl34/kl_input/enhancer_module/15.tsv, /n/scratch3/users/d/djl34/kl_input/enhancer_module/16.tsv, /n/scratch3/users/d/djl34/kl_input/enhancer_module/17.tsv, /n/scratch3/users/d/djl34/kl_input/enhancer_module/18.tsv, /n/scratch3/users/d/djl34/kl_input/enhancer_module/19.tsv, /n/scratch3/users/d/djl34/kl_input/enhancer_module/20.tsv, /n/scratch3/users/d/djl34/kl_input/enhancer_module/21.tsv, /n/scratch3/users/d/djl34/kl_input/enhancer_module/22.tsv
    output: /n/scratch3/users/d/djl34/kl_input/enhancer_module/divided/gene_107.tsv
    jobid: 132
    reason: Missing output files: /n/scratch3/users/d/djl34/kl_input/enhancer_module/divided/gene_107.tsv
    wildcards: gene=107
    resources: mem_mb=103979, disk_mb=103979, tmpdir=/tmp

Submitted job 132 with external jobid 'Submitted batch job 5493120'.

[Fri Mar 24 15:03:29 2023]
rule merge_tsv_files:
    input: /n/scratch3/users/d/djl34/kl_input/enhancer_module/1.tsv, /n/scratch3/users/d/djl34/kl_input/enhancer_module/2.tsv, /n/scratch3/users/d/djl34/kl_input/enhancer_module/3.tsv, /n/scratch3/users/d/djl34/kl_input/enhancer_module/4.tsv, /n/scratch3/users/d/djl34/kl_input/enhancer_module/5.tsv, /n/scratch3/users/d/djl34/kl_input/enhancer_module/6.tsv, /n/scratch3/users/d/djl34/kl_input/enhancer_module/7.tsv, /n/scratch3/users/d/djl34/kl_input/enhancer_module/8.tsv, /n/scratch3/users/d/djl34/kl_input/enhancer_module/9.tsv, /n/scratch3/users/d/djl34/kl_input/enhancer_module/10.tsv, /n/scratch3/users/d/djl34/kl_input/enhancer_module/11.tsv, /n/scratch3/users/d/djl34/kl_input/enhancer_module/12.tsv, /n/scratch3/users/d/djl34/kl_input/enhancer_module/13.tsv, /n/scratch3/users/d/djl34/kl_input/enhancer_module/14.tsv, /n/scratch3/users/d/djl34/kl_input/enhancer_module/15.tsv, /n/scratch3/users/d/djl34/kl_input/enhancer_module/16.tsv, /n/scratch3/users/d/djl34/kl_input/enhancer_module/17.tsv, /n/scratch3/users/d/djl34/kl_input/enhancer_module/18.tsv, /n/scratch3/users/d/djl34/kl_input/enhancer_module/19.tsv, /n/scratch3/users/d/djl34/kl_input/enhancer_module/20.tsv, /n/scratch3/users/d/djl34/kl_input/enhancer_module/21.tsv, /n/scratch3/users/d/djl34/kl_input/enhancer_module/22.tsv
    output: /n/scratch3/users/d/djl34/kl_input/enhancer_module/divided/gene_197.tsv
    jobid: 222
    reason: Missing output files: /n/scratch3/users/d/djl34/kl_input/enhancer_module/divided/gene_197.tsv
    wildcards: gene=197
    resources: mem_mb=103979, disk_mb=103979, tmpdir=/tmp

Submitted job 222 with external jobid 'Submitted batch job 5493121'.

[Fri Mar 24 15:03:29 2023]
rule merge_tsv_files:
    input: /n/scratch3/users/d/djl34/kl_input/enhancer_module/1.tsv, /n/scratch3/users/d/djl34/kl_input/enhancer_module/2.tsv, /n/scratch3/users/d/djl34/kl_input/enhancer_module/3.tsv, /n/scratch3/users/d/djl34/kl_input/enhancer_module/4.tsv, /n/scratch3/users/d/djl34/kl_input/enhancer_module/5.tsv, /n/scratch3/users/d/djl34/kl_input/enhancer_module/6.tsv, /n/scratch3/users/d/djl34/kl_input/enhancer_module/7.tsv, /n/scratch3/users/d/djl34/kl_input/enhancer_module/8.tsv, /n/scratch3/users/d/djl34/kl_input/enhancer_module/9.tsv, /n/scratch3/users/d/djl34/kl_input/enhancer_module/10.tsv, /n/scratch3/users/d/djl34/kl_input/enhancer_module/11.tsv, /n/scratch3/users/d/djl34/kl_input/enhancer_module/12.tsv, /n/scratch3/users/d/djl34/kl_input/enhancer_module/13.tsv, /n/scratch3/users/d/djl34/kl_input/enhancer_module/14.tsv, /n/scratch3/users/d/djl34/kl_input/enhancer_module/15.tsv, /n/scratch3/users/d/djl34/kl_input/enhancer_module/16.tsv, /n/scratch3/users/d/djl34/kl_input/enhancer_module/17.tsv, /n/scratch3/users/d/djl34/kl_input/enhancer_module/18.tsv, /n/scratch3/users/d/djl34/kl_input/enhancer_module/19.tsv, /n/scratch3/users/d/djl34/kl_input/enhancer_module/20.tsv, /n/scratch3/users/d/djl34/kl_input/enhancer_module/21.tsv, /n/scratch3/users/d/djl34/kl_input/enhancer_module/22.tsv
    output: /n/scratch3/users/d/djl34/kl_input/enhancer_module/divided/gene_122.tsv
    jobid: 147
    reason: Missing output files: /n/scratch3/users/d/djl34/kl_input/enhancer_module/divided/gene_122.tsv
    wildcards: gene=122
    resources: mem_mb=103979, disk_mb=103979, tmpdir=/tmp

Submitted job 147 with external jobid 'Submitted batch job 5493122'.

[Fri Mar 24 15:03:29 2023]
rule merge_tsv_files:
    input: /n/scratch3/users/d/djl34/kl_input/enhancer_module/1.tsv, /n/scratch3/users/d/djl34/kl_input/enhancer_module/2.tsv, /n/scratch3/users/d/djl34/kl_input/enhancer_module/3.tsv, /n/scratch3/users/d/djl34/kl_input/enhancer_module/4.tsv, /n/scratch3/users/d/djl34/kl_input/enhancer_module/5.tsv, /n/scratch3/users/d/djl34/kl_input/enhancer_module/6.tsv, /n/scratch3/users/d/djl34/kl_input/enhancer_module/7.tsv, /n/scratch3/users/d/djl34/kl_input/enhancer_module/8.tsv, /n/scratch3/users/d/djl34/kl_input/enhancer_module/9.tsv, /n/scratch3/users/d/djl34/kl_input/enhancer_module/10.tsv, /n/scratch3/users/d/djl34/kl_input/enhancer_module/11.tsv, /n/scratch3/users/d/djl34/kl_input/enhancer_module/12.tsv, /n/scratch3/users/d/djl34/kl_input/enhancer_module/13.tsv, /n/scratch3/users/d/djl34/kl_input/enhancer_module/14.tsv, /n/scratch3/users/d/djl34/kl_input/enhancer_module/15.tsv, /n/scratch3/users/d/djl34/kl_input/enhancer_module/16.tsv, /n/scratch3/users/d/djl34/kl_input/enhancer_module/17.tsv, /n/scratch3/users/d/djl34/kl_input/enhancer_module/18.tsv, /n/scratch3/users/d/djl34/kl_input/enhancer_module/19.tsv, /n/scratch3/users/d/djl34/kl_input/enhancer_module/20.tsv, /n/scratch3/users/d/djl34/kl_input/enhancer_module/21.tsv, /n/scratch3/users/d/djl34/kl_input/enhancer_module/22.tsv
    output: /n/scratch3/users/d/djl34/kl_input/enhancer_module/divided/gene_250.tsv
    jobid: 275
    reason: Missing output files: /n/scratch3/users/d/djl34/kl_input/enhancer_module/divided/gene_250.tsv
    wildcards: gene=250
    resources: mem_mb=103979, disk_mb=103979, tmpdir=/tmp

Submitted job 275 with external jobid 'Submitted batch job 5493123'.

[Fri Mar 24 15:03:29 2023]
rule merge_tsv_files:
    input: /n/scratch3/users/d/djl34/kl_input/enhancer_module/1.tsv, /n/scratch3/users/d/djl34/kl_input/enhancer_module/2.tsv, /n/scratch3/users/d/djl34/kl_input/enhancer_module/3.tsv, /n/scratch3/users/d/djl34/kl_input/enhancer_module/4.tsv, /n/scratch3/users/d/djl34/kl_input/enhancer_module/5.tsv, /n/scratch3/users/d/djl34/kl_input/enhancer_module/6.tsv, /n/scratch3/users/d/djl34/kl_input/enhancer_module/7.tsv, /n/scratch3/users/d/djl34/kl_input/enhancer_module/8.tsv, /n/scratch3/users/d/djl34/kl_input/enhancer_module/9.tsv, /n/scratch3/users/d/djl34/kl_input/enhancer_module/10.tsv, /n/scratch3/users/d/djl34/kl_input/enhancer_module/11.tsv, /n/scratch3/users/d/djl34/kl_input/enhancer_module/12.tsv, /n/scratch3/users/d/djl34/kl_input/enhancer_module/13.tsv, /n/scratch3/users/d/djl34/kl_input/enhancer_module/14.tsv, /n/scratch3/users/d/djl34/kl_input/enhancer_module/15.tsv, /n/scratch3/users/d/djl34/kl_input/enhancer_module/16.tsv, /n/scratch3/users/d/djl34/kl_input/enhancer_module/17.tsv, /n/scratch3/users/d/djl34/kl_input/enhancer_module/18.tsv, /n/scratch3/users/d/djl34/kl_input/enhancer_module/19.tsv, /n/scratch3/users/d/djl34/kl_input/enhancer_module/20.tsv, /n/scratch3/users/d/djl34/kl_input/enhancer_module/21.tsv, /n/scratch3/users/d/djl34/kl_input/enhancer_module/22.tsv
    output: /n/scratch3/users/d/djl34/kl_input/enhancer_module/divided/gene_66.tsv
    jobid: 91
    reason: Missing output files: /n/scratch3/users/d/djl34/kl_input/enhancer_module/divided/gene_66.tsv
    wildcards: gene=66
    resources: mem_mb=103979, disk_mb=103979, tmpdir=/tmp

Submitted job 91 with external jobid 'Submitted batch job 5493124'.

[Fri Mar 24 15:03:29 2023]
rule merge_tsv_files:
    input: /n/scratch3/users/d/djl34/kl_input/enhancer_module/1.tsv, /n/scratch3/users/d/djl34/kl_input/enhancer_module/2.tsv, /n/scratch3/users/d/djl34/kl_input/enhancer_module/3.tsv, /n/scratch3/users/d/djl34/kl_input/enhancer_module/4.tsv, /n/scratch3/users/d/djl34/kl_input/enhancer_module/5.tsv, /n/scratch3/users/d/djl34/kl_input/enhancer_module/6.tsv, /n/scratch3/users/d/djl34/kl_input/enhancer_module/7.tsv, /n/scratch3/users/d/djl34/kl_input/enhancer_module/8.tsv, /n/scratch3/users/d/djl34/kl_input/enhancer_module/9.tsv, /n/scratch3/users/d/djl34/kl_input/enhancer_module/10.tsv, /n/scratch3/users/d/djl34/kl_input/enhancer_module/11.tsv, /n/scratch3/users/d/djl34/kl_input/enhancer_module/12.tsv, /n/scratch3/users/d/djl34/kl_input/enhancer_module/13.tsv, /n/scratch3/users/d/djl34/kl_input/enhancer_module/14.tsv, /n/scratch3/users/d/djl34/kl_input/enhancer_module/15.tsv, /n/scratch3/users/d/djl34/kl_input/enhancer_module/16.tsv, /n/scratch3/users/d/djl34/kl_input/enhancer_module/17.tsv, /n/scratch3/users/d/djl34/kl_input/enhancer_module/18.tsv, /n/scratch3/users/d/djl34/kl_input/enhancer_module/19.tsv, /n/scratch3/users/d/djl34/kl_input/enhancer_module/20.tsv, /n/scratch3/users/d/djl34/kl_input/enhancer_module/21.tsv, /n/scratch3/users/d/djl34/kl_input/enhancer_module/22.tsv
    output: /n/scratch3/users/d/djl34/kl_input/enhancer_module/divided/gene_265.tsv
    jobid: 290
    reason: Missing output files: /n/scratch3/users/d/djl34/kl_input/enhancer_module/divided/gene_265.tsv
    wildcards: gene=265
    resources: mem_mb=103979, disk_mb=103979, tmpdir=/tmp

Submitted job 290 with external jobid 'Submitted batch job 5493125'.

[Fri Mar 24 15:03:29 2023]
rule merge_tsv_files:
    input: /n/scratch3/users/d/djl34/kl_input/enhancer_module/1.tsv, /n/scratch3/users/d/djl34/kl_input/enhancer_module/2.tsv, /n/scratch3/users/d/djl34/kl_input/enhancer_module/3.tsv, /n/scratch3/users/d/djl34/kl_input/enhancer_module/4.tsv, /n/scratch3/users/d/djl34/kl_input/enhancer_module/5.tsv, /n/scratch3/users/d/djl34/kl_input/enhancer_module/6.tsv, /n/scratch3/users/d/djl34/kl_input/enhancer_module/7.tsv, /n/scratch3/users/d/djl34/kl_input/enhancer_module/8.tsv, /n/scratch3/users/d/djl34/kl_input/enhancer_module/9.tsv, /n/scratch3/users/d/djl34/kl_input/enhancer_module/10.tsv, /n/scratch3/users/d/djl34/kl_input/enhancer_module/11.tsv, /n/scratch3/users/d/djl34/kl_input/enhancer_module/12.tsv, /n/scratch3/users/d/djl34/kl_input/enhancer_module/13.tsv, /n/scratch3/users/d/djl34/kl_input/enhancer_module/14.tsv, /n/scratch3/users/d/djl34/kl_input/enhancer_module/15.tsv, /n/scratch3/users/d/djl34/kl_input/enhancer_module/16.tsv, /n/scratch3/users/d/djl34/kl_input/enhancer_module/17.tsv, /n/scratch3/users/d/djl34/kl_input/enhancer_module/18.tsv, /n/scratch3/users/d/djl34/kl_input/enhancer_module/19.tsv, /n/scratch3/users/d/djl34/kl_input/enhancer_module/20.tsv, /n/scratch3/users/d/djl34/kl_input/enhancer_module/21.tsv, /n/scratch3/users/d/djl34/kl_input/enhancer_module/22.tsv
    output: /n/scratch3/users/d/djl34/kl_input/enhancer_module/divided/gene_25.tsv
    jobid: 50
    reason: Missing output files: /n/scratch3/users/d/djl34/kl_input/enhancer_module/divided/gene_25.tsv
    wildcards: gene=25
    resources: mem_mb=103979, disk_mb=103979, tmpdir=/tmp

Submitted job 50 with external jobid 'Submitted batch job 5493126'.

[Fri Mar 24 15:03:29 2023]
rule merge_tsv_files:
    input: /n/scratch3/users/d/djl34/kl_input/enhancer_module/1.tsv, /n/scratch3/users/d/djl34/kl_input/enhancer_module/2.tsv, /n/scratch3/users/d/djl34/kl_input/enhancer_module/3.tsv, /n/scratch3/users/d/djl34/kl_input/enhancer_module/4.tsv, /n/scratch3/users/d/djl34/kl_input/enhancer_module/5.tsv, /n/scratch3/users/d/djl34/kl_input/enhancer_module/6.tsv, /n/scratch3/users/d/djl34/kl_input/enhancer_module/7.tsv, /n/scratch3/users/d/djl34/kl_input/enhancer_module/8.tsv, /n/scratch3/users/d/djl34/kl_input/enhancer_module/9.tsv, /n/scratch3/users/d/djl34/kl_input/enhancer_module/10.tsv, /n/scratch3/users/d/djl34/kl_input/enhancer_module/11.tsv, /n/scratch3/users/d/djl34/kl_input/enhancer_module/12.tsv, /n/scratch3/users/d/djl34/kl_input/enhancer_module/13.tsv, /n/scratch3/users/d/djl34/kl_input/enhancer_module/14.tsv, /n/scratch3/users/d/djl34/kl_input/enhancer_module/15.tsv, /n/scratch3/users/d/djl34/kl_input/enhancer_module/16.tsv, /n/scratch3/users/d/djl34/kl_input/enhancer_module/17.tsv, /n/scratch3/users/d/djl34/kl_input/enhancer_module/18.tsv, /n/scratch3/users/d/djl34/kl_input/enhancer_module/19.tsv, /n/scratch3/users/d/djl34/kl_input/enhancer_module/20.tsv, /n/scratch3/users/d/djl34/kl_input/enhancer_module/21.tsv, /n/scratch3/users/d/djl34/kl_input/enhancer_module/22.tsv
    output: /n/scratch3/users/d/djl34/kl_input/enhancer_module/divided/gene_10.tsv
    jobid: 35
    reason: Missing output files: /n/scratch3/users/d/djl34/kl_input/enhancer_module/divided/gene_10.tsv
    wildcards: gene=10
    resources: mem_mb=103979, disk_mb=103979, tmpdir=/tmp

Submitted job 35 with external jobid 'Submitted batch job 5493127'.

[Fri Mar 24 15:03:29 2023]
rule merge_tsv_files:
    input: /n/scratch3/users/d/djl34/kl_input/enhancer_module/1.tsv, /n/scratch3/users/d/djl34/kl_input/enhancer_module/2.tsv, /n/scratch3/users/d/djl34/kl_input/enhancer_module/3.tsv, /n/scratch3/users/d/djl34/kl_input/enhancer_module/4.tsv, /n/scratch3/users/d/djl34/kl_input/enhancer_module/5.tsv, /n/scratch3/users/d/djl34/kl_input/enhancer_module/6.tsv, /n/scratch3/users/d/djl34/kl_input/enhancer_module/7.tsv, /n/scratch3/users/d/djl34/kl_input/enhancer_module/8.tsv, /n/scratch3/users/d/djl34/kl_input/enhancer_module/9.tsv, /n/scratch3/users/d/djl34/kl_input/enhancer_module/10.tsv, /n/scratch3/users/d/djl34/kl_input/enhancer_module/11.tsv, /n/scratch3/users/d/djl34/kl_input/enhancer_module/12.tsv, /n/scratch3/users/d/djl34/kl_input/enhancer_module/13.tsv, /n/scratch3/users/d/djl34/kl_input/enhancer_module/14.tsv, /n/scratch3/users/d/djl34/kl_input/enhancer_module/15.tsv, /n/scratch3/users/d/djl34/kl_input/enhancer_module/16.tsv, /n/scratch3/users/d/djl34/kl_input/enhancer_module/17.tsv, /n/scratch3/users/d/djl34/kl_input/enhancer_module/18.tsv, /n/scratch3/users/d/djl34/kl_input/enhancer_module/19.tsv, /n/scratch3/users/d/djl34/kl_input/enhancer_module/20.tsv, /n/scratch3/users/d/djl34/kl_input/enhancer_module/21.tsv, /n/scratch3/users/d/djl34/kl_input/enhancer_module/22.tsv
    output: /n/scratch3/users/d/djl34/kl_input/enhancer_module/divided/gene_55.tsv
    jobid: 80
    reason: Missing output files: /n/scratch3/users/d/djl34/kl_input/enhancer_module/divided/gene_55.tsv
    wildcards: gene=55
    resources: mem_mb=103979, disk_mb=103979, tmpdir=/tmp

Submitted job 80 with external jobid 'Submitted batch job 5493128'.

[Fri Mar 24 15:03:30 2023]
rule merge_tsv_files:
    input: /n/scratch3/users/d/djl34/kl_input/enhancer_module/1.tsv, /n/scratch3/users/d/djl34/kl_input/enhancer_module/2.tsv, /n/scratch3/users/d/djl34/kl_input/enhancer_module/3.tsv, /n/scratch3/users/d/djl34/kl_input/enhancer_module/4.tsv, /n/scratch3/users/d/djl34/kl_input/enhancer_module/5.tsv, /n/scratch3/users/d/djl34/kl_input/enhancer_module/6.tsv, /n/scratch3/users/d/djl34/kl_input/enhancer_module/7.tsv, /n/scratch3/users/d/djl34/kl_input/enhancer_module/8.tsv, /n/scratch3/users/d/djl34/kl_input/enhancer_module/9.tsv, /n/scratch3/users/d/djl34/kl_input/enhancer_module/10.tsv, /n/scratch3/users/d/djl34/kl_input/enhancer_module/11.tsv, /n/scratch3/users/d/djl34/kl_input/enhancer_module/12.tsv, /n/scratch3/users/d/djl34/kl_input/enhancer_module/13.tsv, /n/scratch3/users/d/djl34/kl_input/enhancer_module/14.tsv, /n/scratch3/users/d/djl34/kl_input/enhancer_module/15.tsv, /n/scratch3/users/d/djl34/kl_input/enhancer_module/16.tsv, /n/scratch3/users/d/djl34/kl_input/enhancer_module/17.tsv, /n/scratch3/users/d/djl34/kl_input/enhancer_module/18.tsv, /n/scratch3/users/d/djl34/kl_input/enhancer_module/19.tsv, /n/scratch3/users/d/djl34/kl_input/enhancer_module/20.tsv, /n/scratch3/users/d/djl34/kl_input/enhancer_module/21.tsv, /n/scratch3/users/d/djl34/kl_input/enhancer_module/22.tsv
    output: /n/scratch3/users/d/djl34/kl_input/enhancer_module/divided/gene_85.tsv
    jobid: 110
    reason: Missing output files: /n/scratch3/users/d/djl34/kl_input/enhancer_module/divided/gene_85.tsv
    wildcards: gene=85
    resources: mem_mb=103979, disk_mb=103979, tmpdir=/tmp

Submitted job 110 with external jobid 'Submitted batch job 5493129'.

[Fri Mar 24 15:03:30 2023]
rule merge_tsv_files:
    input: /n/scratch3/users/d/djl34/kl_input/enhancer_module/1.tsv, /n/scratch3/users/d/djl34/kl_input/enhancer_module/2.tsv, /n/scratch3/users/d/djl34/kl_input/enhancer_module/3.tsv, /n/scratch3/users/d/djl34/kl_input/enhancer_module/4.tsv, /n/scratch3/users/d/djl34/kl_input/enhancer_module/5.tsv, /n/scratch3/users/d/djl34/kl_input/enhancer_module/6.tsv, /n/scratch3/users/d/djl34/kl_input/enhancer_module/7.tsv, /n/scratch3/users/d/djl34/kl_input/enhancer_module/8.tsv, /n/scratch3/users/d/djl34/kl_input/enhancer_module/9.tsv, /n/scratch3/users/d/djl34/kl_input/enhancer_module/10.tsv, /n/scratch3/users/d/djl34/kl_input/enhancer_module/11.tsv, /n/scratch3/users/d/djl34/kl_input/enhancer_module/12.tsv, /n/scratch3/users/d/djl34/kl_input/enhancer_module/13.tsv, /n/scratch3/users/d/djl34/kl_input/enhancer_module/14.tsv, /n/scratch3/users/d/djl34/kl_input/enhancer_module/15.tsv, /n/scratch3/users/d/djl34/kl_input/enhancer_module/16.tsv, /n/scratch3/users/d/djl34/kl_input/enhancer_module/17.tsv, /n/scratch3/users/d/djl34/kl_input/enhancer_module/18.tsv, /n/scratch3/users/d/djl34/kl_input/enhancer_module/19.tsv, /n/scratch3/users/d/djl34/kl_input/enhancer_module/20.tsv, /n/scratch3/users/d/djl34/kl_input/enhancer_module/21.tsv, /n/scratch3/users/d/djl34/kl_input/enhancer_module/22.tsv
    output: /n/scratch3/users/d/djl34/kl_input/enhancer_module/divided/gene_175.tsv
    jobid: 200
    reason: Missing output files: /n/scratch3/users/d/djl34/kl_input/enhancer_module/divided/gene_175.tsv
    wildcards: gene=175
    resources: mem_mb=103979, disk_mb=103979, tmpdir=/tmp

Submitted job 200 with external jobid 'Submitted batch job 5493130'.

[Fri Mar 24 15:03:30 2023]
rule merge_tsv_files:
    input: /n/scratch3/users/d/djl34/kl_input/enhancer_module/1.tsv, /n/scratch3/users/d/djl34/kl_input/enhancer_module/2.tsv, /n/scratch3/users/d/djl34/kl_input/enhancer_module/3.tsv, /n/scratch3/users/d/djl34/kl_input/enhancer_module/4.tsv, /n/scratch3/users/d/djl34/kl_input/enhancer_module/5.tsv, /n/scratch3/users/d/djl34/kl_input/enhancer_module/6.tsv, /n/scratch3/users/d/djl34/kl_input/enhancer_module/7.tsv, /n/scratch3/users/d/djl34/kl_input/enhancer_module/8.tsv, /n/scratch3/users/d/djl34/kl_input/enhancer_module/9.tsv, /n/scratch3/users/d/djl34/kl_input/enhancer_module/10.tsv, /n/scratch3/users/d/djl34/kl_input/enhancer_module/11.tsv, /n/scratch3/users/d/djl34/kl_input/enhancer_module/12.tsv, /n/scratch3/users/d/djl34/kl_input/enhancer_module/13.tsv, /n/scratch3/users/d/djl34/kl_input/enhancer_module/14.tsv, /n/scratch3/users/d/djl34/kl_input/enhancer_module/15.tsv, /n/scratch3/users/d/djl34/kl_input/enhancer_module/16.tsv, /n/scratch3/users/d/djl34/kl_input/enhancer_module/17.tsv, /n/scratch3/users/d/djl34/kl_input/enhancer_module/18.tsv, /n/scratch3/users/d/djl34/kl_input/enhancer_module/19.tsv, /n/scratch3/users/d/djl34/kl_input/enhancer_module/20.tsv, /n/scratch3/users/d/djl34/kl_input/enhancer_module/21.tsv, /n/scratch3/users/d/djl34/kl_input/enhancer_module/22.tsv
    output: /n/scratch3/users/d/djl34/kl_input/enhancer_module/divided/gene_160.tsv
    jobid: 185
    reason: Missing output files: /n/scratch3/users/d/djl34/kl_input/enhancer_module/divided/gene_160.tsv
    wildcards: gene=160
    resources: mem_mb=103979, disk_mb=103979, tmpdir=/tmp

Submitted job 185 with external jobid 'Submitted batch job 5493131'.

[Fri Mar 24 15:03:30 2023]
rule merge_tsv_files:
    input: /n/scratch3/users/d/djl34/kl_input/enhancer_module/1.tsv, /n/scratch3/users/d/djl34/kl_input/enhancer_module/2.tsv, /n/scratch3/users/d/djl34/kl_input/enhancer_module/3.tsv, /n/scratch3/users/d/djl34/kl_input/enhancer_module/4.tsv, /n/scratch3/users/d/djl34/kl_input/enhancer_module/5.tsv, /n/scratch3/users/d/djl34/kl_input/enhancer_module/6.tsv, /n/scratch3/users/d/djl34/kl_input/enhancer_module/7.tsv, /n/scratch3/users/d/djl34/kl_input/enhancer_module/8.tsv, /n/scratch3/users/d/djl34/kl_input/enhancer_module/9.tsv, /n/scratch3/users/d/djl34/kl_input/enhancer_module/10.tsv, /n/scratch3/users/d/djl34/kl_input/enhancer_module/11.tsv, /n/scratch3/users/d/djl34/kl_input/enhancer_module/12.tsv, /n/scratch3/users/d/djl34/kl_input/enhancer_module/13.tsv, /n/scratch3/users/d/djl34/kl_input/enhancer_module/14.tsv, /n/scratch3/users/d/djl34/kl_input/enhancer_module/15.tsv, /n/scratch3/users/d/djl34/kl_input/enhancer_module/16.tsv, /n/scratch3/users/d/djl34/kl_input/enhancer_module/17.tsv, /n/scratch3/users/d/djl34/kl_input/enhancer_module/18.tsv, /n/scratch3/users/d/djl34/kl_input/enhancer_module/19.tsv, /n/scratch3/users/d/djl34/kl_input/enhancer_module/20.tsv, /n/scratch3/users/d/djl34/kl_input/enhancer_module/21.tsv, /n/scratch3/users/d/djl34/kl_input/enhancer_module/22.tsv
    output: /n/scratch3/users/d/djl34/kl_input/enhancer_module/divided/gene_70.tsv
    jobid: 95
    reason: Missing output files: /n/scratch3/users/d/djl34/kl_input/enhancer_module/divided/gene_70.tsv
    wildcards: gene=70
    resources: mem_mb=103979, disk_mb=103979, tmpdir=/tmp

Submitted job 95 with external jobid 'Submitted batch job 5493132'.

[Fri Mar 24 15:03:30 2023]
rule merge_tsv_files:
    input: /n/scratch3/users/d/djl34/kl_input/enhancer_module/1.tsv, /n/scratch3/users/d/djl34/kl_input/enhancer_module/2.tsv, /n/scratch3/users/d/djl34/kl_input/enhancer_module/3.tsv, /n/scratch3/users/d/djl34/kl_input/enhancer_module/4.tsv, /n/scratch3/users/d/djl34/kl_input/enhancer_module/5.tsv, /n/scratch3/users/d/djl34/kl_input/enhancer_module/6.tsv, /n/scratch3/users/d/djl34/kl_input/enhancer_module/7.tsv, /n/scratch3/users/d/djl34/kl_input/enhancer_module/8.tsv, /n/scratch3/users/d/djl34/kl_input/enhancer_module/9.tsv, /n/scratch3/users/d/djl34/kl_input/enhancer_module/10.tsv, /n/scratch3/users/d/djl34/kl_input/enhancer_module/11.tsv, /n/scratch3/users/d/djl34/kl_input/enhancer_module/12.tsv, /n/scratch3/users/d/djl34/kl_input/enhancer_module/13.tsv, /n/scratch3/users/d/djl34/kl_input/enhancer_module/14.tsv, /n/scratch3/users/d/djl34/kl_input/enhancer_module/15.tsv, /n/scratch3/users/d/djl34/kl_input/enhancer_module/16.tsv, /n/scratch3/users/d/djl34/kl_input/enhancer_module/17.tsv, /n/scratch3/users/d/djl34/kl_input/enhancer_module/18.tsv, /n/scratch3/users/d/djl34/kl_input/enhancer_module/19.tsv, /n/scratch3/users/d/djl34/kl_input/enhancer_module/20.tsv, /n/scratch3/users/d/djl34/kl_input/enhancer_module/21.tsv, /n/scratch3/users/d/djl34/kl_input/enhancer_module/22.tsv
    output: /n/scratch3/users/d/djl34/kl_input/enhancer_module/divided/gene_190.tsv
    jobid: 215
    reason: Missing output files: /n/scratch3/users/d/djl34/kl_input/enhancer_module/divided/gene_190.tsv
    wildcards: gene=190
    resources: mem_mb=103979, disk_mb=103979, tmpdir=/tmp

Submitted job 215 with external jobid 'Submitted batch job 5493133'.

[Fri Mar 24 15:03:30 2023]
rule merge_tsv_files:
    input: /n/scratch3/users/d/djl34/kl_input/enhancer_module/1.tsv, /n/scratch3/users/d/djl34/kl_input/enhancer_module/2.tsv, /n/scratch3/users/d/djl34/kl_input/enhancer_module/3.tsv, /n/scratch3/users/d/djl34/kl_input/enhancer_module/4.tsv, /n/scratch3/users/d/djl34/kl_input/enhancer_module/5.tsv, /n/scratch3/users/d/djl34/kl_input/enhancer_module/6.tsv, /n/scratch3/users/d/djl34/kl_input/enhancer_module/7.tsv, /n/scratch3/users/d/djl34/kl_input/enhancer_module/8.tsv, /n/scratch3/users/d/djl34/kl_input/enhancer_module/9.tsv, /n/scratch3/users/d/djl34/kl_input/enhancer_module/10.tsv, /n/scratch3/users/d/djl34/kl_input/enhancer_module/11.tsv, /n/scratch3/users/d/djl34/kl_input/enhancer_module/12.tsv, /n/scratch3/users/d/djl34/kl_input/enhancer_module/13.tsv, /n/scratch3/users/d/djl34/kl_input/enhancer_module/14.tsv, /n/scratch3/users/d/djl34/kl_input/enhancer_module/15.tsv, /n/scratch3/users/d/djl34/kl_input/enhancer_module/16.tsv, /n/scratch3/users/d/djl34/kl_input/enhancer_module/17.tsv, /n/scratch3/users/d/djl34/kl_input/enhancer_module/18.tsv, /n/scratch3/users/d/djl34/kl_input/enhancer_module/19.tsv, /n/scratch3/users/d/djl34/kl_input/enhancer_module/20.tsv, /n/scratch3/users/d/djl34/kl_input/enhancer_module/21.tsv, /n/scratch3/users/d/djl34/kl_input/enhancer_module/22.tsv
    output: /n/scratch3/users/d/djl34/kl_input/enhancer_module/divided/gene_100.tsv
    jobid: 125
    reason: Missing output files: /n/scratch3/users/d/djl34/kl_input/enhancer_module/divided/gene_100.tsv
    wildcards: gene=100
    resources: mem_mb=103979, disk_mb=103979, tmpdir=/tmp

Submitted job 125 with external jobid 'Submitted batch job 5493134'.

[Fri Mar 24 15:03:30 2023]
rule merge_tsv_files:
    input: /n/scratch3/users/d/djl34/kl_input/enhancer_module/1.tsv, /n/scratch3/users/d/djl34/kl_input/enhancer_module/2.tsv, /n/scratch3/users/d/djl34/kl_input/enhancer_module/3.tsv, /n/scratch3/users/d/djl34/kl_input/enhancer_module/4.tsv, /n/scratch3/users/d/djl34/kl_input/enhancer_module/5.tsv, /n/scratch3/users/d/djl34/kl_input/enhancer_module/6.tsv, /n/scratch3/users/d/djl34/kl_input/enhancer_module/7.tsv, /n/scratch3/users/d/djl34/kl_input/enhancer_module/8.tsv, /n/scratch3/users/d/djl34/kl_input/enhancer_module/9.tsv, /n/scratch3/users/d/djl34/kl_input/enhancer_module/10.tsv, /n/scratch3/users/d/djl34/kl_input/enhancer_module/11.tsv, /n/scratch3/users/d/djl34/kl_input/enhancer_module/12.tsv, /n/scratch3/users/d/djl34/kl_input/enhancer_module/13.tsv, /n/scratch3/users/d/djl34/kl_input/enhancer_module/14.tsv, /n/scratch3/users/d/djl34/kl_input/enhancer_module/15.tsv, /n/scratch3/users/d/djl34/kl_input/enhancer_module/16.tsv, /n/scratch3/users/d/djl34/kl_input/enhancer_module/17.tsv, /n/scratch3/users/d/djl34/kl_input/enhancer_module/18.tsv, /n/scratch3/users/d/djl34/kl_input/enhancer_module/19.tsv, /n/scratch3/users/d/djl34/kl_input/enhancer_module/20.tsv, /n/scratch3/users/d/djl34/kl_input/enhancer_module/21.tsv, /n/scratch3/users/d/djl34/kl_input/enhancer_module/22.tsv
    output: /n/scratch3/users/d/djl34/kl_input/enhancer_module/divided/gene_194.tsv
    jobid: 219
    reason: Missing output files: /n/scratch3/users/d/djl34/kl_input/enhancer_module/divided/gene_194.tsv
    wildcards: gene=194
    resources: mem_mb=103979, disk_mb=103979, tmpdir=/tmp

Submitted job 219 with external jobid 'Submitted batch job 5493135'.

[Fri Mar 24 15:03:30 2023]
rule merge_tsv_files:
    input: /n/scratch3/users/d/djl34/kl_input/enhancer_module/1.tsv, /n/scratch3/users/d/djl34/kl_input/enhancer_module/2.tsv, /n/scratch3/users/d/djl34/kl_input/enhancer_module/3.tsv, /n/scratch3/users/d/djl34/kl_input/enhancer_module/4.tsv, /n/scratch3/users/d/djl34/kl_input/enhancer_module/5.tsv, /n/scratch3/users/d/djl34/kl_input/enhancer_module/6.tsv, /n/scratch3/users/d/djl34/kl_input/enhancer_module/7.tsv, /n/scratch3/users/d/djl34/kl_input/enhancer_module/8.tsv, /n/scratch3/users/d/djl34/kl_input/enhancer_module/9.tsv, /n/scratch3/users/d/djl34/kl_input/enhancer_module/10.tsv, /n/scratch3/users/d/djl34/kl_input/enhancer_module/11.tsv, /n/scratch3/users/d/djl34/kl_input/enhancer_module/12.tsv, /n/scratch3/users/d/djl34/kl_input/enhancer_module/13.tsv, /n/scratch3/users/d/djl34/kl_input/enhancer_module/14.tsv, /n/scratch3/users/d/djl34/kl_input/enhancer_module/15.tsv, /n/scratch3/users/d/djl34/kl_input/enhancer_module/16.tsv, /n/scratch3/users/d/djl34/kl_input/enhancer_module/17.tsv, /n/scratch3/users/d/djl34/kl_input/enhancer_module/18.tsv, /n/scratch3/users/d/djl34/kl_input/enhancer_module/19.tsv, /n/scratch3/users/d/djl34/kl_input/enhancer_module/20.tsv, /n/scratch3/users/d/djl34/kl_input/enhancer_module/21.tsv, /n/scratch3/users/d/djl34/kl_input/enhancer_module/22.tsv
    output: /n/scratch3/users/d/djl34/kl_input/enhancer_module/divided/gene_130.tsv
    jobid: 155
    reason: Missing output files: /n/scratch3/users/d/djl34/kl_input/enhancer_module/divided/gene_130.tsv
    wildcards: gene=130
    resources: mem_mb=103979, disk_mb=103979, tmpdir=/tmp

Submitted job 155 with external jobid 'Submitted batch job 5493136'.

[Fri Mar 24 15:03:30 2023]
rule merge_tsv_files:
    input: /n/scratch3/users/d/djl34/kl_input/enhancer_module/1.tsv, /n/scratch3/users/d/djl34/kl_input/enhancer_module/2.tsv, /n/scratch3/users/d/djl34/kl_input/enhancer_module/3.tsv, /n/scratch3/users/d/djl34/kl_input/enhancer_module/4.tsv, /n/scratch3/users/d/djl34/kl_input/enhancer_module/5.tsv, /n/scratch3/users/d/djl34/kl_input/enhancer_module/6.tsv, /n/scratch3/users/d/djl34/kl_input/enhancer_module/7.tsv, /n/scratch3/users/d/djl34/kl_input/enhancer_module/8.tsv, /n/scratch3/users/d/djl34/kl_input/enhancer_module/9.tsv, /n/scratch3/users/d/djl34/kl_input/enhancer_module/10.tsv, /n/scratch3/users/d/djl34/kl_input/enhancer_module/11.tsv, /n/scratch3/users/d/djl34/kl_input/enhancer_module/12.tsv, /n/scratch3/users/d/djl34/kl_input/enhancer_module/13.tsv, /n/scratch3/users/d/djl34/kl_input/enhancer_module/14.tsv, /n/scratch3/users/d/djl34/kl_input/enhancer_module/15.tsv, /n/scratch3/users/d/djl34/kl_input/enhancer_module/16.tsv, /n/scratch3/users/d/djl34/kl_input/enhancer_module/17.tsv, /n/scratch3/users/d/djl34/kl_input/enhancer_module/18.tsv, /n/scratch3/users/d/djl34/kl_input/enhancer_module/19.tsv, /n/scratch3/users/d/djl34/kl_input/enhancer_module/20.tsv, /n/scratch3/users/d/djl34/kl_input/enhancer_module/21.tsv, /n/scratch3/users/d/djl34/kl_input/enhancer_module/22.tsv
    output: /n/scratch3/users/d/djl34/kl_input/enhancer_module/divided/gene_299.tsv
    jobid: 324
    reason: Missing output files: /n/scratch3/users/d/djl34/kl_input/enhancer_module/divided/gene_299.tsv
    wildcards: gene=299
    resources: mem_mb=103979, disk_mb=103979, tmpdir=/tmp

Submitted job 324 with external jobid 'Submitted batch job 5493137'.

[Fri Mar 24 15:03:30 2023]
rule merge_tsv_files:
    input: /n/scratch3/users/d/djl34/kl_input/enhancer_module/1.tsv, /n/scratch3/users/d/djl34/kl_input/enhancer_module/2.tsv, /n/scratch3/users/d/djl34/kl_input/enhancer_module/3.tsv, /n/scratch3/users/d/djl34/kl_input/enhancer_module/4.tsv, /n/scratch3/users/d/djl34/kl_input/enhancer_module/5.tsv, /n/scratch3/users/d/djl34/kl_input/enhancer_module/6.tsv, /n/scratch3/users/d/djl34/kl_input/enhancer_module/7.tsv, /n/scratch3/users/d/djl34/kl_input/enhancer_module/8.tsv, /n/scratch3/users/d/djl34/kl_input/enhancer_module/9.tsv, /n/scratch3/users/d/djl34/kl_input/enhancer_module/10.tsv, /n/scratch3/users/d/djl34/kl_input/enhancer_module/11.tsv, /n/scratch3/users/d/djl34/kl_input/enhancer_module/12.tsv, /n/scratch3/users/d/djl34/kl_input/enhancer_module/13.tsv, /n/scratch3/users/d/djl34/kl_input/enhancer_module/14.tsv, /n/scratch3/users/d/djl34/kl_input/enhancer_module/15.tsv, /n/scratch3/users/d/djl34/kl_input/enhancer_module/16.tsv, /n/scratch3/users/d/djl34/kl_input/enhancer_module/17.tsv, /n/scratch3/users/d/djl34/kl_input/enhancer_module/18.tsv, /n/scratch3/users/d/djl34/kl_input/enhancer_module/19.tsv, /n/scratch3/users/d/djl34/kl_input/enhancer_module/20.tsv, /n/scratch3/users/d/djl34/kl_input/enhancer_module/21.tsv, /n/scratch3/users/d/djl34/kl_input/enhancer_module/22.tsv
    output: /n/scratch3/users/d/djl34/kl_input/enhancer_module/divided/gene_78.tsv
    jobid: 103
    reason: Missing output files: /n/scratch3/users/d/djl34/kl_input/enhancer_module/divided/gene_78.tsv
    wildcards: gene=78
    resources: mem_mb=103979, disk_mb=103979, tmpdir=/tmp

Submitted job 103 with external jobid 'Submitted batch job 5493138'.

[Fri Mar 24 15:03:31 2023]
rule merge_tsv_files:
    input: /n/scratch3/users/d/djl34/kl_input/enhancer_module/1.tsv, /n/scratch3/users/d/djl34/kl_input/enhancer_module/2.tsv, /n/scratch3/users/d/djl34/kl_input/enhancer_module/3.tsv, /n/scratch3/users/d/djl34/kl_input/enhancer_module/4.tsv, /n/scratch3/users/d/djl34/kl_input/enhancer_module/5.tsv, /n/scratch3/users/d/djl34/kl_input/enhancer_module/6.tsv, /n/scratch3/users/d/djl34/kl_input/enhancer_module/7.tsv, /n/scratch3/users/d/djl34/kl_input/enhancer_module/8.tsv, /n/scratch3/users/d/djl34/kl_input/enhancer_module/9.tsv, /n/scratch3/users/d/djl34/kl_input/enhancer_module/10.tsv, /n/scratch3/users/d/djl34/kl_input/enhancer_module/11.tsv, /n/scratch3/users/d/djl34/kl_input/enhancer_module/12.tsv, /n/scratch3/users/d/djl34/kl_input/enhancer_module/13.tsv, /n/scratch3/users/d/djl34/kl_input/enhancer_module/14.tsv, /n/scratch3/users/d/djl34/kl_input/enhancer_module/15.tsv, /n/scratch3/users/d/djl34/kl_input/enhancer_module/16.tsv, /n/scratch3/users/d/djl34/kl_input/enhancer_module/17.tsv, /n/scratch3/users/d/djl34/kl_input/enhancer_module/18.tsv, /n/scratch3/users/d/djl34/kl_input/enhancer_module/19.tsv, /n/scratch3/users/d/djl34/kl_input/enhancer_module/20.tsv, /n/scratch3/users/d/djl34/kl_input/enhancer_module/21.tsv, /n/scratch3/users/d/djl34/kl_input/enhancer_module/22.tsv
    output: /n/scratch3/users/d/djl34/kl_input/enhancer_module/divided/gene_220.tsv
    jobid: 245
    reason: Missing output files: /n/scratch3/users/d/djl34/kl_input/enhancer_module/divided/gene_220.tsv
    wildcards: gene=220
    resources: mem_mb=103979, disk_mb=103979, tmpdir=/tmp

Submitted job 245 with external jobid 'Submitted batch job 5493139'.

[Fri Mar 24 15:03:31 2023]
rule merge_tsv_files:
    input: /n/scratch3/users/d/djl34/kl_input/enhancer_module/1.tsv, /n/scratch3/users/d/djl34/kl_input/enhancer_module/2.tsv, /n/scratch3/users/d/djl34/kl_input/enhancer_module/3.tsv, /n/scratch3/users/d/djl34/kl_input/enhancer_module/4.tsv, /n/scratch3/users/d/djl34/kl_input/enhancer_module/5.tsv, /n/scratch3/users/d/djl34/kl_input/enhancer_module/6.tsv, /n/scratch3/users/d/djl34/kl_input/enhancer_module/7.tsv, /n/scratch3/users/d/djl34/kl_input/enhancer_module/8.tsv, /n/scratch3/users/d/djl34/kl_input/enhancer_module/9.tsv, /n/scratch3/users/d/djl34/kl_input/enhancer_module/10.tsv, /n/scratch3/users/d/djl34/kl_input/enhancer_module/11.tsv, /n/scratch3/users/d/djl34/kl_input/enhancer_module/12.tsv, /n/scratch3/users/d/djl34/kl_input/enhancer_module/13.tsv, /n/scratch3/users/d/djl34/kl_input/enhancer_module/14.tsv, /n/scratch3/users/d/djl34/kl_input/enhancer_module/15.tsv, /n/scratch3/users/d/djl34/kl_input/enhancer_module/16.tsv, /n/scratch3/users/d/djl34/kl_input/enhancer_module/17.tsv, /n/scratch3/users/d/djl34/kl_input/enhancer_module/18.tsv, /n/scratch3/users/d/djl34/kl_input/enhancer_module/19.tsv, /n/scratch3/users/d/djl34/kl_input/enhancer_module/20.tsv, /n/scratch3/users/d/djl34/kl_input/enhancer_module/21.tsv, /n/scratch3/users/d/djl34/kl_input/enhancer_module/22.tsv
    output: /n/scratch3/users/d/djl34/kl_input/enhancer_module/divided/gene_112.tsv
    jobid: 137
    reason: Missing output files: /n/scratch3/users/d/djl34/kl_input/enhancer_module/divided/gene_112.tsv
    wildcards: gene=112
    resources: mem_mb=103979, disk_mb=103979, tmpdir=/tmp

Submitted job 137 with external jobid 'Submitted batch job 5493140'.

[Fri Mar 24 15:03:31 2023]
rule merge_tsv_files:
    input: /n/scratch3/users/d/djl34/kl_input/enhancer_module/1.tsv, /n/scratch3/users/d/djl34/kl_input/enhancer_module/2.tsv, /n/scratch3/users/d/djl34/kl_input/enhancer_module/3.tsv, /n/scratch3/users/d/djl34/kl_input/enhancer_module/4.tsv, /n/scratch3/users/d/djl34/kl_input/enhancer_module/5.tsv, /n/scratch3/users/d/djl34/kl_input/enhancer_module/6.tsv, /n/scratch3/users/d/djl34/kl_input/enhancer_module/7.tsv, /n/scratch3/users/d/djl34/kl_input/enhancer_module/8.tsv, /n/scratch3/users/d/djl34/kl_input/enhancer_module/9.tsv, /n/scratch3/users/d/djl34/kl_input/enhancer_module/10.tsv, /n/scratch3/users/d/djl34/kl_input/enhancer_module/11.tsv, /n/scratch3/users/d/djl34/kl_input/enhancer_module/12.tsv, /n/scratch3/users/d/djl34/kl_input/enhancer_module/13.tsv, /n/scratch3/users/d/djl34/kl_input/enhancer_module/14.tsv, /n/scratch3/users/d/djl34/kl_input/enhancer_module/15.tsv, /n/scratch3/users/d/djl34/kl_input/enhancer_module/16.tsv, /n/scratch3/users/d/djl34/kl_input/enhancer_module/17.tsv, /n/scratch3/users/d/djl34/kl_input/enhancer_module/18.tsv, /n/scratch3/users/d/djl34/kl_input/enhancer_module/19.tsv, /n/scratch3/users/d/djl34/kl_input/enhancer_module/20.tsv, /n/scratch3/users/d/djl34/kl_input/enhancer_module/21.tsv, /n/scratch3/users/d/djl34/kl_input/enhancer_module/22.tsv
    output: /n/scratch3/users/d/djl34/kl_input/enhancer_module/divided/gene_235.tsv
    jobid: 260
    reason: Missing output files: /n/scratch3/users/d/djl34/kl_input/enhancer_module/divided/gene_235.tsv
    wildcards: gene=235
    resources: mem_mb=103979, disk_mb=103979, tmpdir=/tmp

Submitted job 260 with external jobid 'Submitted batch job 5493141'.

[Fri Mar 24 15:03:31 2023]
rule merge_tsv_files:
    input: /n/scratch3/users/d/djl34/kl_input/enhancer_module/1.tsv, /n/scratch3/users/d/djl34/kl_input/enhancer_module/2.tsv, /n/scratch3/users/d/djl34/kl_input/enhancer_module/3.tsv, /n/scratch3/users/d/djl34/kl_input/enhancer_module/4.tsv, /n/scratch3/users/d/djl34/kl_input/enhancer_module/5.tsv, /n/scratch3/users/d/djl34/kl_input/enhancer_module/6.tsv, /n/scratch3/users/d/djl34/kl_input/enhancer_module/7.tsv, /n/scratch3/users/d/djl34/kl_input/enhancer_module/8.tsv, /n/scratch3/users/d/djl34/kl_input/enhancer_module/9.tsv, /n/scratch3/users/d/djl34/kl_input/enhancer_module/10.tsv, /n/scratch3/users/d/djl34/kl_input/enhancer_module/11.tsv, /n/scratch3/users/d/djl34/kl_input/enhancer_module/12.tsv, /n/scratch3/users/d/djl34/kl_input/enhancer_module/13.tsv, /n/scratch3/users/d/djl34/kl_input/enhancer_module/14.tsv, /n/scratch3/users/d/djl34/kl_input/enhancer_module/15.tsv, /n/scratch3/users/d/djl34/kl_input/enhancer_module/16.tsv, /n/scratch3/users/d/djl34/kl_input/enhancer_module/17.tsv, /n/scratch3/users/d/djl34/kl_input/enhancer_module/18.tsv, /n/scratch3/users/d/djl34/kl_input/enhancer_module/19.tsv, /n/scratch3/users/d/djl34/kl_input/enhancer_module/20.tsv, /n/scratch3/users/d/djl34/kl_input/enhancer_module/21.tsv, /n/scratch3/users/d/djl34/kl_input/enhancer_module/22.tsv
    output: /n/scratch3/users/d/djl34/kl_input/enhancer_module/divided/gene_115.tsv
    jobid: 140
    reason: Missing output files: /n/scratch3/users/d/djl34/kl_input/enhancer_module/divided/gene_115.tsv
    wildcards: gene=115
    resources: mem_mb=103979, disk_mb=103979, tmpdir=/tmp

Submitted job 140 with external jobid 'Submitted batch job 5493142'.

[Fri Mar 24 15:03:31 2023]
rule merge_tsv_files:
    input: /n/scratch3/users/d/djl34/kl_input/enhancer_module/1.tsv, /n/scratch3/users/d/djl34/kl_input/enhancer_module/2.tsv, /n/scratch3/users/d/djl34/kl_input/enhancer_module/3.tsv, /n/scratch3/users/d/djl34/kl_input/enhancer_module/4.tsv, /n/scratch3/users/d/djl34/kl_input/enhancer_module/5.tsv, /n/scratch3/users/d/djl34/kl_input/enhancer_module/6.tsv, /n/scratch3/users/d/djl34/kl_input/enhancer_module/7.tsv, /n/scratch3/users/d/djl34/kl_input/enhancer_module/8.tsv, /n/scratch3/users/d/djl34/kl_input/enhancer_module/9.tsv, /n/scratch3/users/d/djl34/kl_input/enhancer_module/10.tsv, /n/scratch3/users/d/djl34/kl_input/enhancer_module/11.tsv, /n/scratch3/users/d/djl34/kl_input/enhancer_module/12.tsv, /n/scratch3/users/d/djl34/kl_input/enhancer_module/13.tsv, /n/scratch3/users/d/djl34/kl_input/enhancer_module/14.tsv, /n/scratch3/users/d/djl34/kl_input/enhancer_module/15.tsv, /n/scratch3/users/d/djl34/kl_input/enhancer_module/16.tsv, /n/scratch3/users/d/djl34/kl_input/enhancer_module/17.tsv, /n/scratch3/users/d/djl34/kl_input/enhancer_module/18.tsv, /n/scratch3/users/d/djl34/kl_input/enhancer_module/19.tsv, /n/scratch3/users/d/djl34/kl_input/enhancer_module/20.tsv, /n/scratch3/users/d/djl34/kl_input/enhancer_module/21.tsv, /n/scratch3/users/d/djl34/kl_input/enhancer_module/22.tsv
    output: /n/scratch3/users/d/djl34/kl_input/enhancer_module/divided/gene_262.tsv
    jobid: 287
    reason: Missing output files: /n/scratch3/users/d/djl34/kl_input/enhancer_module/divided/gene_262.tsv
    wildcards: gene=262
    resources: mem_mb=103979, disk_mb=103979, tmpdir=/tmp

Submitted job 287 with external jobid 'Submitted batch job 5493143'.

[Fri Mar 24 15:03:31 2023]
rule merge_tsv_files:
    input: /n/scratch3/users/d/djl34/kl_input/enhancer_module/1.tsv, /n/scratch3/users/d/djl34/kl_input/enhancer_module/2.tsv, /n/scratch3/users/d/djl34/kl_input/enhancer_module/3.tsv, /n/scratch3/users/d/djl34/kl_input/enhancer_module/4.tsv, /n/scratch3/users/d/djl34/kl_input/enhancer_module/5.tsv, /n/scratch3/users/d/djl34/kl_input/enhancer_module/6.tsv, /n/scratch3/users/d/djl34/kl_input/enhancer_module/7.tsv, /n/scratch3/users/d/djl34/kl_input/enhancer_module/8.tsv, /n/scratch3/users/d/djl34/kl_input/enhancer_module/9.tsv, /n/scratch3/users/d/djl34/kl_input/enhancer_module/10.tsv, /n/scratch3/users/d/djl34/kl_input/enhancer_module/11.tsv, /n/scratch3/users/d/djl34/kl_input/enhancer_module/12.tsv, /n/scratch3/users/d/djl34/kl_input/enhancer_module/13.tsv, /n/scratch3/users/d/djl34/kl_input/enhancer_module/14.tsv, /n/scratch3/users/d/djl34/kl_input/enhancer_module/15.tsv, /n/scratch3/users/d/djl34/kl_input/enhancer_module/16.tsv, /n/scratch3/users/d/djl34/kl_input/enhancer_module/17.tsv, /n/scratch3/users/d/djl34/kl_input/enhancer_module/18.tsv, /n/scratch3/users/d/djl34/kl_input/enhancer_module/19.tsv, /n/scratch3/users/d/djl34/kl_input/enhancer_module/20.tsv, /n/scratch3/users/d/djl34/kl_input/enhancer_module/21.tsv, /n/scratch3/users/d/djl34/kl_input/enhancer_module/22.tsv
    output: /n/scratch3/users/d/djl34/kl_input/enhancer_module/divided/gene_247.tsv
    jobid: 272
    reason: Missing output files: /n/scratch3/users/d/djl34/kl_input/enhancer_module/divided/gene_247.tsv
    wildcards: gene=247
    resources: mem_mb=103979, disk_mb=103979, tmpdir=/tmp

Submitted job 272 with external jobid 'Submitted batch job 5493144'.
Terminating processes on user request, this might take some time.
No --cluster-cancel given. Will exit after finishing currently running jobs.
Complete log: .snakemake/log/2023-03-24T150318.826531.snakemake.log
