Building DAG of jobs...
Using shell: /usr/bin/bash
Provided cluster nodes: 5
Job stats:
job               count    min threads    max threads
--------------  -------  -------------  -------------
all                   1              1              1
make_tsv_files       21              1              1
total                22              1              1

Select jobs to execute...

[Fri Feb 17 15:53:01 2023]
rule make_tsv_files:
    input: /n/scratch3/users/d/djl34/whole_genome/enhancer/7/_metadata
    output: /n/scratch3/users/d/djl34/KL_input/enhancer_module/7.tsv
    jobid: 7
    reason: Missing output files: /n/scratch3/users/d/djl34/KL_input/enhancer_module/7.tsv
    wildcards: chrom=7
    resources: mem_mb=1000, disk_mb=1000, tmpdir=/tmp

Submitted job 7 with external jobid 'Submitted batch job 3332624'.

[Fri Feb 17 15:53:02 2023]
rule make_tsv_files:
    input: /n/scratch3/users/d/djl34/whole_genome/enhancer/15/_metadata
    output: /n/scratch3/users/d/djl34/KL_input/enhancer_module/15.tsv
    jobid: 15
    reason: Missing output files: /n/scratch3/users/d/djl34/KL_input/enhancer_module/15.tsv
    wildcards: chrom=15
    resources: mem_mb=1000, disk_mb=1000, tmpdir=/tmp

Submitted job 15 with external jobid 'Submitted batch job 3332625'.

[Fri Feb 17 15:53:02 2023]
rule make_tsv_files:
    input: /n/scratch3/users/d/djl34/whole_genome/enhancer/19/_metadata
    output: /n/scratch3/users/d/djl34/KL_input/enhancer_module/19.tsv
    jobid: 19
    reason: Missing output files: /n/scratch3/users/d/djl34/KL_input/enhancer_module/19.tsv
    wildcards: chrom=19
    resources: mem_mb=1000, disk_mb=1000, tmpdir=/tmp

Submitted job 19 with external jobid 'Submitted batch job 3332626'.

[Fri Feb 17 15:53:02 2023]
rule make_tsv_files:
    input: /n/scratch3/users/d/djl34/whole_genome/enhancer/8/_metadata
    output: /n/scratch3/users/d/djl34/KL_input/enhancer_module/8.tsv
    jobid: 8
    reason: Missing output files: /n/scratch3/users/d/djl34/KL_input/enhancer_module/8.tsv
    wildcards: chrom=8
    resources: mem_mb=1000, disk_mb=1000, tmpdir=/tmp

Submitted job 8 with external jobid 'Submitted batch job 3332627'.

[Fri Feb 17 15:53:02 2023]
rule make_tsv_files:
    input: /n/scratch3/users/d/djl34/whole_genome/enhancer/16/_metadata
    output: /n/scratch3/users/d/djl34/KL_input/enhancer_module/16.tsv
    jobid: 16
    reason: Missing output files: /n/scratch3/users/d/djl34/KL_input/enhancer_module/16.tsv
    wildcards: chrom=16
    resources: mem_mb=1000, disk_mb=1000, tmpdir=/tmp

Submitted job 16 with external jobid 'Submitted batch job 3332628'.
[Fri Feb 17 16:03:42 2023]
Finished job 19.
1 of 22 steps (5%) done
Select jobs to execute...

[Fri Feb 17 16:03:42 2023]
rule make_tsv_files:
    input: /n/scratch3/users/d/djl34/whole_genome/enhancer/20/_metadata
    output: /n/scratch3/users/d/djl34/KL_input/enhancer_module/20.tsv
    jobid: 20
    reason: Missing output files: /n/scratch3/users/d/djl34/KL_input/enhancer_module/20.tsv
    wildcards: chrom=20
    resources: mem_mb=1000, disk_mb=1000, tmpdir=/tmp

Submitted job 20 with external jobid 'Submitted batch job 3333014'.
[Fri Feb 17 16:07:52 2023]
Finished job 16.
2 of 22 steps (9%) done
Select jobs to execute...

[Fri Feb 17 16:07:52 2023]
rule make_tsv_files:
    input: /n/scratch3/users/d/djl34/whole_genome/enhancer/10/_metadata
    output: /n/scratch3/users/d/djl34/KL_input/enhancer_module/10.tsv
    jobid: 10
    reason: Missing output files: /n/scratch3/users/d/djl34/KL_input/enhancer_module/10.tsv
    wildcards: chrom=10
    resources: mem_mb=1000, disk_mb=1000, tmpdir=/tmp

Submitted job 10 with external jobid 'Submitted batch job 3333052'.
[Fri Feb 17 16:09:32 2023]
Finished job 15.
3 of 22 steps (14%) done
Select jobs to execute...

[Fri Feb 17 16:09:32 2023]
rule make_tsv_files:
    input: /n/scratch3/users/d/djl34/whole_genome/enhancer/12/_metadata
    output: /n/scratch3/users/d/djl34/KL_input/enhancer_module/12.tsv
    jobid: 12
    reason: Missing output files: /n/scratch3/users/d/djl34/KL_input/enhancer_module/12.tsv
    wildcards: chrom=12
    resources: mem_mb=1000, disk_mb=1000, tmpdir=/tmp

Submitted job 12 with external jobid 'Submitted batch job 3333119'.
[Fri Feb 17 16:18:23 2023]
Finished job 20.
4 of 22 steps (18%) done
Select jobs to execute...

[Fri Feb 17 16:18:23 2023]
rule make_tsv_files:
    input: /n/scratch3/users/d/djl34/whole_genome/enhancer/14/_metadata
    output: /n/scratch3/users/d/djl34/KL_input/enhancer_module/14.tsv
    jobid: 14
    reason: Missing output files: /n/scratch3/users/d/djl34/KL_input/enhancer_module/14.tsv
    wildcards: chrom=14
    resources: mem_mb=1000, disk_mb=1000, tmpdir=/tmp

Submitted job 14 with external jobid 'Submitted batch job 3333339'.
[Fri Feb 17 16:25:04 2023]
Finished job 7.
5 of 22 steps (23%) done
Select jobs to execute...

[Fri Feb 17 16:25:04 2023]
rule make_tsv_files:
    input: /n/scratch3/users/d/djl34/whole_genome/enhancer/1/_metadata
    output: /n/scratch3/users/d/djl34/KL_input/enhancer_module/1.tsv
    jobid: 1
    reason: Missing output files: /n/scratch3/users/d/djl34/KL_input/enhancer_module/1.tsv
    wildcards: chrom=1
    resources: mem_mb=1000, disk_mb=1000, tmpdir=/tmp

Submitted job 1 with external jobid 'Submitted batch job 3333661'.
[Fri Feb 17 16:25:04 2023]
Finished job 8.
6 of 22 steps (27%) done
Select jobs to execute...

[Fri Feb 17 16:25:04 2023]
rule make_tsv_files:
    input: /n/scratch3/users/d/djl34/whole_genome/enhancer/18/_metadata
    output: /n/scratch3/users/d/djl34/KL_input/enhancer_module/18.tsv
    jobid: 18
    reason: Missing output files: /n/scratch3/users/d/djl34/KL_input/enhancer_module/18.tsv
    wildcards: chrom=18
    resources: mem_mb=1000, disk_mb=1000, tmpdir=/tmp

Submitted job 18 with external jobid 'Submitted batch job 3333662'.
[Fri Feb 17 16:34:44 2023]
Finished job 10.
7 of 22 steps (32%) done
Select jobs to execute...

[Fri Feb 17 16:34:44 2023]
rule make_tsv_files:
    input: /n/scratch3/users/d/djl34/whole_genome/enhancer/3/_metadata
    output: /n/scratch3/users/d/djl34/KL_input/enhancer_module/3.tsv
    jobid: 3
    reason: Missing output files: /n/scratch3/users/d/djl34/KL_input/enhancer_module/3.tsv
    wildcards: chrom=3
    resources: mem_mb=1000, disk_mb=1000, tmpdir=/tmp

Submitted job 3 with external jobid 'Submitted batch job 3333842'.
[Fri Feb 17 16:36:24 2023]
Finished job 14.
8 of 22 steps (36%) done
Select jobs to execute...

[Fri Feb 17 16:36:24 2023]
rule make_tsv_files:
    input: /n/scratch3/users/d/djl34/whole_genome/enhancer/21/_metadata
    output: /n/scratch3/users/d/djl34/KL_input/enhancer_module/21.tsv
    jobid: 21
    reason: Missing output files: /n/scratch3/users/d/djl34/KL_input/enhancer_module/21.tsv
    wildcards: chrom=21
    resources: mem_mb=1000, disk_mb=1000, tmpdir=/tmp

Submitted job 21 with external jobid 'Submitted batch job 3333848'.
[Fri Feb 17 16:38:45 2023]
Finished job 12.
9 of 22 steps (41%) done
Select jobs to execute...

[Fri Feb 17 16:38:45 2023]
rule make_tsv_files:
    input: /n/scratch3/users/d/djl34/whole_genome/enhancer/6/_metadata
    output: /n/scratch3/users/d/djl34/KL_input/enhancer_module/6.tsv
    jobid: 6
    reason: Missing output files: /n/scratch3/users/d/djl34/KL_input/enhancer_module/6.tsv
    wildcards: chrom=6
    resources: mem_mb=1000, disk_mb=1000, tmpdir=/tmp

Submitted job 6 with external jobid 'Submitted batch job 3333868'.
[Fri Feb 17 16:41:45 2023]
Finished job 18.
10 of 22 steps (45%) done
Select jobs to execute...

[Fri Feb 17 16:41:45 2023]
rule make_tsv_files:
    input: /n/scratch3/users/d/djl34/whole_genome/enhancer/4/_metadata
    output: /n/scratch3/users/d/djl34/KL_input/enhancer_module/4.tsv
    jobid: 4
    reason: Missing output files: /n/scratch3/users/d/djl34/KL_input/enhancer_module/4.tsv
    wildcards: chrom=4
    resources: mem_mb=1000, disk_mb=1000, tmpdir=/tmp

Submitted job 4 with external jobid 'Submitted batch job 3334001'.
[Fri Feb 17 16:43:25 2023]
Finished job 21.
11 of 22 steps (50%) done
Select jobs to execute...

[Fri Feb 17 16:43:25 2023]
rule make_tsv_files:
    input: /n/scratch3/users/d/djl34/whole_genome/enhancer/2/_metadata
    output: /n/scratch3/users/d/djl34/KL_input/enhancer_module/2.tsv
    jobid: 2
    reason: Missing output files: /n/scratch3/users/d/djl34/KL_input/enhancer_module/2.tsv
    wildcards: chrom=2
    resources: mem_mb=1000, disk_mb=1000, tmpdir=/tmp

Submitted job 2 with external jobid 'Submitted batch job 3334013'.
[Fri Feb 17 17:11:07 2023]
Finished job 3.
12 of 22 steps (55%) done
Select jobs to execute...

[Fri Feb 17 17:11:07 2023]
rule make_tsv_files:
    input: /n/scratch3/users/d/djl34/whole_genome/enhancer/17/_metadata
    output: /n/scratch3/users/d/djl34/KL_input/enhancer_module/17.tsv
    jobid: 17
    reason: Missing output files: /n/scratch3/users/d/djl34/KL_input/enhancer_module/17.tsv
    wildcards: chrom=17
    resources: mem_mb=1000, disk_mb=1000, tmpdir=/tmp

Submitted job 17 with external jobid 'Submitted batch job 3334430'.
[Fri Feb 17 17:16:47 2023]
Finished job 6.
13 of 22 steps (59%) done
Select jobs to execute...

[Fri Feb 17 17:16:47 2023]
rule make_tsv_files:
    input: /n/scratch3/users/d/djl34/whole_genome/enhancer/11/_metadata
    output: /n/scratch3/users/d/djl34/KL_input/enhancer_module/11.tsv
    jobid: 11
    reason: Missing output files: /n/scratch3/users/d/djl34/KL_input/enhancer_module/11.tsv
    wildcards: chrom=11
    resources: mem_mb=1000, disk_mb=1000, tmpdir=/tmp

Submitted job 11 with external jobid 'Submitted batch job 3335115'.
[Fri Feb 17 17:17:27 2023]
Finished job 4.
14 of 22 steps (64%) done
Select jobs to execute...

[Fri Feb 17 17:17:27 2023]
rule make_tsv_files:
    input: /n/scratch3/users/d/djl34/whole_genome/enhancer/9/_metadata
    output: /n/scratch3/users/d/djl34/KL_input/enhancer_module/9.tsv
    jobid: 9
    reason: Missing output files: /n/scratch3/users/d/djl34/KL_input/enhancer_module/9.tsv
    wildcards: chrom=9
    resources: mem_mb=1000, disk_mb=1000, tmpdir=/tmp

Submitted job 9 with external jobid 'Submitted batch job 3335116'.
[Fri Feb 17 17:26:08 2023]
Finished job 17.
15 of 22 steps (68%) done
Select jobs to execute...

[Fri Feb 17 17:26:08 2023]
rule make_tsv_files:
    input: /n/scratch3/users/d/djl34/whole_genome/enhancer/5/_metadata
    output: /n/scratch3/users/d/djl34/KL_input/enhancer_module/5.tsv
    jobid: 5
    reason: Missing output files: /n/scratch3/users/d/djl34/KL_input/enhancer_module/5.tsv
    wildcards: chrom=5
    resources: mem_mb=1000, disk_mb=1000, tmpdir=/tmp

Submitted job 5 with external jobid 'Submitted batch job 3335703'.
[Fri Feb 17 17:41:49 2023]
Finished job 11.
16 of 22 steps (73%) done
Select jobs to execute...

[Fri Feb 17 17:41:49 2023]
rule make_tsv_files:
    input: /n/scratch3/users/d/djl34/whole_genome/enhancer/13/_metadata
    output: /n/scratch3/users/d/djl34/KL_input/enhancer_module/13.tsv
    jobid: 13
    reason: Missing output files: /n/scratch3/users/d/djl34/KL_input/enhancer_module/13.tsv
    wildcards: chrom=13
    resources: mem_mb=1000, disk_mb=1000, tmpdir=/tmp

Submitted job 13 with external jobid 'Submitted batch job 3335925'.
[Fri Feb 17 17:43:49 2023]
Finished job 9.
17 of 22 steps (77%) done
[Fri Feb 17 17:58:20 2023]
Finished job 13.
18 of 22 steps (82%) done
[Fri Feb 17 18:02:50 2023]
Finished job 5.
19 of 22 steps (86%) done
