Building DAG of jobs...
Using shell: /usr/bin/bash
Provided cluster nodes: 1
Job stats:
job                       count    min threads    max threads
----------------------  -------  -------------  -------------
add_dnase_footprinting        1              1              1
all                           1              1              1
total                         2              1              1

Select jobs to execute...

[Tue Feb  7 13:14:51 2023]
rule add_dnase_footprinting:
    input: /home/djl34/lab_pd/kl/data/ukb_ac/22/_metadata
    output: /n/scratch3/users/d/djl34/KL_input/intergenic_footprinting/22/_metadata
    jobid: 1
    reason: Missing output files: /n/scratch3/users/d/djl34/KL_input/intergenic_footprinting/22/_metadata
    wildcards: chrom=22
    resources: mem_mb=1000, disk_mb=1000, tmpdir=/tmp

Submitted job 1 with external jobid 'Submitted batch job 2757269'.
[Tue Feb  7 13:29:52 2023]
Error in rule add_dnase_footprinting:
    jobid: 1
    output: /n/scratch3/users/d/djl34/KL_input/intergenic_footprinting/22/_metadata
    cluster_jobid: Submitted batch job 2757269

Error executing rule add_dnase_footprinting on cluster (jobid: 1, external: Submitted batch job 2757269, jobscript: /n/data2/hms/dbmi/sunyaev/lab/dlee/kl/git/KL/noncoding_analysis/kl_gene/.snakemake/tmp.cr3hoftl/snakejob.add_dnase_footprinting.1.sh). For error details see the cluster log and the log files of the involved rule(s).
Shutting down, this might take some time.
Exiting because a job execution failed. Look above for error message
Complete log: .snakemake/log/2023-02-07T131450.179206.snakemake.log
