Building DAG of jobs...
Using shell: /usr/bin/bash
Provided cluster nodes: 1
Job stats:
job               count    min threads    max threads
--------------  -------  -------------  -------------
all                   1              1              1
make_tsv_files        1              1              1
total                 2              1              1

Select jobs to execute...

[Fri Feb 17 15:31:44 2023]
rule make_tsv_files:
    input: /n/scratch3/users/d/djl34/whole_genome/enhancer/22/_metadata
    output: /n/scratch3/users/d/djl34/KL_input/enhancer_module/22.tsv
    jobid: 1
    reason: Missing output files: /n/scratch3/users/d/djl34/KL_input/enhancer_module/22.tsv
    wildcards: chrom=22
    resources: mem_mb=1000, disk_mb=1000, tmpdir=/tmp

Submitted job 1 with external jobid 'Submitted batch job 3332209'.
[Fri Feb 17 15:32:34 2023]
Error in rule make_tsv_files:
    jobid: 1
    output: /n/scratch3/users/d/djl34/KL_input/enhancer_module/22.tsv
    cluster_jobid: Submitted batch job 3332209

Error executing rule make_tsv_files on cluster (jobid: 1, external: Submitted batch job 3332209, jobscript: /n/data2/hms/dbmi/sunyaev/lab/dlee/kl/git/KL/noncoding_analysis/kl_gene/.snakemake/tmp.6ahfpstn/snakejob.make_tsv_files.1.sh). For error details see the cluster log and the log files of the involved rule(s).
Shutting down, this might take some time.
Exiting because a job execution failed. Look above for error message
Complete log: .snakemake/log/2023-02-17T153141.923552.snakemake.log
