Building DAG of jobs...
Using shell: /usr/bin/bash
Provided cluster nodes: 16
Job stats:
job                       count    min threads    max threads
----------------------  -------  -------------  -------------
add_dnase_footprinting       21              1              1
all                           1              1              1
total                        22              1              1

Select jobs to execute...

[Wed Feb  8 11:17:36 2023]
rule add_dnase_footprinting:
    input: /home/djl34/lab_pd/kl/data/ukb_ac/6/_metadata
    output: /n/scratch3/users/d/djl34/KL_input/intergenic_footprinting/6/_metadata
    jobid: 6
    reason: Missing output files: /n/scratch3/users/d/djl34/KL_input/intergenic_footprinting/6/_metadata
    wildcards: chrom=6
    resources: mem_mb=1000, disk_mb=1000, tmpdir=/tmp

Submitted job 6 with external jobid 'Submitted batch job 2854011'.

[Wed Feb  8 11:17:36 2023]
rule add_dnase_footprinting:
    input: /home/djl34/lab_pd/kl/data/ukb_ac/8/_metadata
    output: /n/scratch3/users/d/djl34/KL_input/intergenic_footprinting/8/_metadata
    jobid: 8
    reason: Missing output files: /n/scratch3/users/d/djl34/KL_input/intergenic_footprinting/8/_metadata
    wildcards: chrom=8
    resources: mem_mb=1000, disk_mb=1000, tmpdir=/tmp

Submitted job 8 with external jobid 'Submitted batch job 2854012'.

[Wed Feb  8 11:17:36 2023]
rule add_dnase_footprinting:
    input: /home/djl34/lab_pd/kl/data/ukb_ac/12/_metadata
    output: /n/scratch3/users/d/djl34/KL_input/intergenic_footprinting/12/_metadata
    jobid: 12
    reason: Missing output files: /n/scratch3/users/d/djl34/KL_input/intergenic_footprinting/12/_metadata
    wildcards: chrom=12
    resources: mem_mb=1000, disk_mb=1000, tmpdir=/tmp

Submitted job 12 with external jobid 'Submitted batch job 2854013'.

[Wed Feb  8 11:17:36 2023]
rule add_dnase_footprinting:
    input: /home/djl34/lab_pd/kl/data/ukb_ac/14/_metadata
    output: /n/scratch3/users/d/djl34/KL_input/intergenic_footprinting/14/_metadata
    jobid: 14
    reason: Missing output files: /n/scratch3/users/d/djl34/KL_input/intergenic_footprinting/14/_metadata
    wildcards: chrom=14
    resources: mem_mb=1000, disk_mb=1000, tmpdir=/tmp

Submitted job 14 with external jobid 'Submitted batch job 2854014'.

[Wed Feb  8 11:17:36 2023]
rule add_dnase_footprinting:
    input: /home/djl34/lab_pd/kl/data/ukb_ac/16/_metadata
    output: /n/scratch3/users/d/djl34/KL_input/intergenic_footprinting/16/_metadata
    jobid: 16
    reason: Missing output files: /n/scratch3/users/d/djl34/KL_input/intergenic_footprinting/16/_metadata
    wildcards: chrom=16
    resources: mem_mb=1000, disk_mb=1000, tmpdir=/tmp

Submitted job 16 with external jobid 'Submitted batch job 2854015'.

[Wed Feb  8 11:17:37 2023]
rule add_dnase_footprinting:
    input: /home/djl34/lab_pd/kl/data/ukb_ac/1/_metadata
    output: /n/scratch3/users/d/djl34/KL_input/intergenic_footprinting/1/_metadata
    jobid: 1
    reason: Missing output files: /n/scratch3/users/d/djl34/KL_input/intergenic_footprinting/1/_metadata
    wildcards: chrom=1
    resources: mem_mb=1000, disk_mb=1000, tmpdir=/tmp

Submitted job 1 with external jobid 'Submitted batch job 2854016'.

[Wed Feb  8 11:17:37 2023]
rule add_dnase_footprinting:
    input: /home/djl34/lab_pd/kl/data/ukb_ac/20/_metadata
    output: /n/scratch3/users/d/djl34/KL_input/intergenic_footprinting/20/_metadata
    jobid: 20
    reason: Missing output files: /n/scratch3/users/d/djl34/KL_input/intergenic_footprinting/20/_metadata
    wildcards: chrom=20
    resources: mem_mb=1000, disk_mb=1000, tmpdir=/tmp

Submitted job 20 with external jobid 'Submitted batch job 2854017'.

[Wed Feb  8 11:17:37 2023]
rule add_dnase_footprinting:
    input: /home/djl34/lab_pd/kl/data/ukb_ac/5/_metadata
    output: /n/scratch3/users/d/djl34/KL_input/intergenic_footprinting/5/_metadata
    jobid: 5
    reason: Missing output files: /n/scratch3/users/d/djl34/KL_input/intergenic_footprinting/5/_metadata
    wildcards: chrom=5
    resources: mem_mb=1000, disk_mb=1000, tmpdir=/tmp

Submitted job 5 with external jobid 'Submitted batch job 2854018'.

[Wed Feb  8 11:17:37 2023]
rule add_dnase_footprinting:
    input: /home/djl34/lab_pd/kl/data/ukb_ac/7/_metadata
    output: /n/scratch3/users/d/djl34/KL_input/intergenic_footprinting/7/_metadata
    jobid: 7
    reason: Missing output files: /n/scratch3/users/d/djl34/KL_input/intergenic_footprinting/7/_metadata
    wildcards: chrom=7
    resources: mem_mb=1000, disk_mb=1000, tmpdir=/tmp

Submitted job 7 with external jobid 'Submitted batch job 2854019'.

[Wed Feb  8 11:17:37 2023]
rule add_dnase_footprinting:
    input: /home/djl34/lab_pd/kl/data/ukb_ac/9/_metadata
    output: /n/scratch3/users/d/djl34/KL_input/intergenic_footprinting/9/_metadata
    jobid: 9
    reason: Missing output files: /n/scratch3/users/d/djl34/KL_input/intergenic_footprinting/9/_metadata
    wildcards: chrom=9
    resources: mem_mb=1000, disk_mb=1000, tmpdir=/tmp

Submitted job 9 with external jobid 'Submitted batch job 2854020'.

[Wed Feb  8 11:17:37 2023]
rule add_dnase_footprinting:
    input: /home/djl34/lab_pd/kl/data/ukb_ac/11/_metadata
    output: /n/scratch3/users/d/djl34/KL_input/intergenic_footprinting/11/_metadata
    jobid: 11
    reason: Missing output files: /n/scratch3/users/d/djl34/KL_input/intergenic_footprinting/11/_metadata
    wildcards: chrom=11
    resources: mem_mb=1000, disk_mb=1000, tmpdir=/tmp

Submitted job 11 with external jobid 'Submitted batch job 2854021'.

[Wed Feb  8 11:17:37 2023]
rule add_dnase_footprinting:
    input: /home/djl34/lab_pd/kl/data/ukb_ac/13/_metadata
    output: /n/scratch3/users/d/djl34/KL_input/intergenic_footprinting/13/_metadata
    jobid: 13
    reason: Missing output files: /n/scratch3/users/d/djl34/KL_input/intergenic_footprinting/13/_metadata
    wildcards: chrom=13
    resources: mem_mb=1000, disk_mb=1000, tmpdir=/tmp

Submitted job 13 with external jobid 'Submitted batch job 2854022'.

[Wed Feb  8 11:17:37 2023]
rule add_dnase_footprinting:
    input: /home/djl34/lab_pd/kl/data/ukb_ac/15/_metadata
    output: /n/scratch3/users/d/djl34/KL_input/intergenic_footprinting/15/_metadata
    jobid: 15
    reason: Missing output files: /n/scratch3/users/d/djl34/KL_input/intergenic_footprinting/15/_metadata
    wildcards: chrom=15
    resources: mem_mb=1000, disk_mb=1000, tmpdir=/tmp

Submitted job 15 with external jobid 'Submitted batch job 2854023'.

[Wed Feb  8 11:17:37 2023]
rule add_dnase_footprinting:
    input: /home/djl34/lab_pd/kl/data/ukb_ac/17/_metadata
    output: /n/scratch3/users/d/djl34/KL_input/intergenic_footprinting/17/_metadata
    jobid: 17
    reason: Missing output files: /n/scratch3/users/d/djl34/KL_input/intergenic_footprinting/17/_metadata
    wildcards: chrom=17
    resources: mem_mb=1000, disk_mb=1000, tmpdir=/tmp

Submitted job 17 with external jobid 'Submitted batch job 2854024'.

[Wed Feb  8 11:17:38 2023]
rule add_dnase_footprinting:
    input: /home/djl34/lab_pd/kl/data/ukb_ac/19/_metadata
    output: /n/scratch3/users/d/djl34/KL_input/intergenic_footprinting/19/_metadata
    jobid: 19
    reason: Missing output files: /n/scratch3/users/d/djl34/KL_input/intergenic_footprinting/19/_metadata
    wildcards: chrom=19
    resources: mem_mb=1000, disk_mb=1000, tmpdir=/tmp

Submitted job 19 with external jobid 'Submitted batch job 2854025'.

[Wed Feb  8 11:17:38 2023]
rule add_dnase_footprinting:
    input: /home/djl34/lab_pd/kl/data/ukb_ac/4/_metadata
    output: /n/scratch3/users/d/djl34/KL_input/intergenic_footprinting/4/_metadata
    jobid: 4
    reason: Missing output files: /n/scratch3/users/d/djl34/KL_input/intergenic_footprinting/4/_metadata
    wildcards: chrom=4
    resources: mem_mb=1000, disk_mb=1000, tmpdir=/tmp

Submitted job 4 with external jobid 'Submitted batch job 2854026'.
[Wed Feb  8 12:21:27 2023]
Finished job 14.
1 of 22 steps (5%) done
Select jobs to execute...

[Wed Feb  8 12:21:27 2023]
rule add_dnase_footprinting:
    input: /home/djl34/lab_pd/kl/data/ukb_ac/2/_metadata
    output: /n/scratch3/users/d/djl34/KL_input/intergenic_footprinting/2/_metadata
    jobid: 2
    reason: Missing output files: /n/scratch3/users/d/djl34/KL_input/intergenic_footprinting/2/_metadata
    wildcards: chrom=2
    resources: mem_mb=1000, disk_mb=1000, tmpdir=/tmp

Submitted job 2 with external jobid 'Submitted batch job 2856511'.
[Wed Feb  8 12:22:44 2023]
Finished job 12.
2 of 22 steps (9%) done
Select jobs to execute...

[Wed Feb  8 12:22:44 2023]
rule add_dnase_footprinting:
    input: /home/djl34/lab_pd/kl/data/ukb_ac/3/_metadata
    output: /n/scratch3/users/d/djl34/KL_input/intergenic_footprinting/3/_metadata
    jobid: 3
    reason: Missing output files: /n/scratch3/users/d/djl34/KL_input/intergenic_footprinting/3/_metadata
    wildcards: chrom=3
    resources: mem_mb=1000, disk_mb=1000, tmpdir=/tmp

Submitted job 3 with external jobid 'Submitted batch job 2856523'.
[Wed Feb  8 12:23:28 2023]
Finished job 20.
3 of 22 steps (14%) done
Select jobs to execute...

[Wed Feb  8 12:23:28 2023]
rule add_dnase_footprinting:
    input: /home/djl34/lab_pd/kl/data/ukb_ac/10/_metadata
    output: /n/scratch3/users/d/djl34/KL_input/intergenic_footprinting/10/_metadata
    jobid: 10
    reason: Missing output files: /n/scratch3/users/d/djl34/KL_input/intergenic_footprinting/10/_metadata
    wildcards: chrom=10
    resources: mem_mb=1000, disk_mb=1000, tmpdir=/tmp

Submitted job 10 with external jobid 'Submitted batch job 2856540'.
[Wed Feb  8 12:23:39 2023]
Finished job 8.
4 of 22 steps (18%) done
Select jobs to execute...

[Wed Feb  8 12:23:39 2023]
rule add_dnase_footprinting:
    input: /home/djl34/lab_pd/kl/data/ukb_ac/21/_metadata
    output: /n/scratch3/users/d/djl34/KL_input/intergenic_footprinting/21/_metadata
    jobid: 21
    reason: Missing output files: /n/scratch3/users/d/djl34/KL_input/intergenic_footprinting/21/_metadata
    wildcards: chrom=21
    resources: mem_mb=1000, disk_mb=1000, tmpdir=/tmp

Submitted job 21 with external jobid 'Submitted batch job 2856541'.
[Wed Feb  8 12:23:39 2023]
Finished job 16.
5 of 22 steps (23%) done
Select jobs to execute...

[Wed Feb  8 12:23:39 2023]
rule add_dnase_footprinting:
    input: /home/djl34/lab_pd/kl/data/ukb_ac/18/_metadata
    output: /n/scratch3/users/d/djl34/KL_input/intergenic_footprinting/18/_metadata
    jobid: 18
    reason: Missing output files: /n/scratch3/users/d/djl34/KL_input/intergenic_footprinting/18/_metadata
    wildcards: chrom=18
    resources: mem_mb=1000, disk_mb=1000, tmpdir=/tmp

Submitted job 18 with external jobid 'Submitted batch job 2856542'.
[Wed Feb  8 12:24:23 2023]
Finished job 6.
6 of 22 steps (27%) done
[Wed Feb  8 12:27:19 2023]
Finished job 21.
7 of 22 steps (32%) done
[Wed Feb  8 12:29:11 2023]
Finished job 19.
8 of 22 steps (36%) done
[Wed Feb  8 12:31:00 2023]
Finished job 18.
9 of 22 steps (41%) done
[Wed Feb  8 12:31:00 2023]
Finished job 17.
10 of 22 steps (45%) done
[Wed Feb  8 12:31:44 2023]
Finished job 9.
11 of 22 steps (50%) done
[Wed Feb  8 12:31:44 2023]
Finished job 13.
12 of 22 steps (55%) done
[Wed Feb  8 12:33:25 2023]
Finished job 15.
13 of 22 steps (59%) done
[Wed Feb  8 12:35:05 2023]
Finished job 10.
14 of 22 steps (64%) done
[Wed Feb  8 12:35:15 2023]
Finished job 7.
15 of 22 steps (68%) done
[Wed Feb  8 12:35:55 2023]
Finished job 1.
16 of 22 steps (73%) done
[Wed Feb  8 12:35:55 2023]
Finished job 11.
17 of 22 steps (77%) done
[Wed Feb  8 12:37:35 2023]
Finished job 5.
18 of 22 steps (82%) done
[Wed Feb  8 12:40:15 2023]
Finished job 4.
19 of 22 steps (86%) done
[Wed Feb  8 12:40:55 2023]
Finished job 3.
20 of 22 steps (91%) done
[Wed Feb  8 12:44:26 2023]
Finished job 2.
21 of 22 steps (95%) done
Select jobs to execute...

[Wed Feb  8 12:44:26 2023]
localrule all:
    input: /n/scratch3/users/d/djl34/KL_input/intergenic_footprinting/1/_metadata, /n/scratch3/users/d/djl34/KL_input/intergenic_footprinting/2/_metadata, /n/scratch3/users/d/djl34/KL_input/intergenic_footprinting/3/_metadata, /n/scratch3/users/d/djl34/KL_input/intergenic_footprinting/4/_metadata, /n/scratch3/users/d/djl34/KL_input/intergenic_footprinting/5/_metadata, /n/scratch3/users/d/djl34/KL_input/intergenic_footprinting/6/_metadata, /n/scratch3/users/d/djl34/KL_input/intergenic_footprinting/7/_metadata, /n/scratch3/users/d/djl34/KL_input/intergenic_footprinting/8/_metadata, /n/scratch3/users/d/djl34/KL_input/intergenic_footprinting/9/_metadata, /n/scratch3/users/d/djl34/KL_input/intergenic_footprinting/10/_metadata, /n/scratch3/users/d/djl34/KL_input/intergenic_footprinting/11/_metadata, /n/scratch3/users/d/djl34/KL_input/intergenic_footprinting/12/_metadata, /n/scratch3/users/d/djl34/KL_input/intergenic_footprinting/13/_metadata, /n/scratch3/users/d/djl34/KL_input/intergenic_footprinting/14/_metadata, /n/scratch3/users/d/djl34/KL_input/intergenic_footprinting/15/_metadata, /n/scratch3/users/d/djl34/KL_input/intergenic_footprinting/16/_metadata, /n/scratch3/users/d/djl34/KL_input/intergenic_footprinting/17/_metadata, /n/scratch3/users/d/djl34/KL_input/intergenic_footprinting/18/_metadata, /n/scratch3/users/d/djl34/KL_input/intergenic_footprinting/19/_metadata, /n/scratch3/users/d/djl34/KL_input/intergenic_footprinting/20/_metadata, /n/scratch3/users/d/djl34/KL_input/intergenic_footprinting/21/_metadata, /n/scratch3/users/d/djl34/KL_input/intergenic_footprinting/22/_metadata
    jobid: 0
    reason: Input files updated by another job: /n/scratch3/users/d/djl34/KL_input/intergenic_footprinting/1/_metadata, /n/scratch3/users/d/djl34/KL_input/intergenic_footprinting/19/_metadata, /n/scratch3/users/d/djl34/KL_input/intergenic_footprinting/3/_metadata, /n/scratch3/users/d/djl34/KL_input/intergenic_footprinting/16/_metadata, /n/scratch3/users/d/djl34/KL_input/intergenic_footprinting/4/_metadata, /n/scratch3/users/d/djl34/KL_input/intergenic_footprinting/9/_metadata, /n/scratch3/users/d/djl34/KL_input/intergenic_footprinting/11/_metadata, /n/scratch3/users/d/djl34/KL_input/intergenic_footprinting/6/_metadata, /n/scratch3/users/d/djl34/KL_input/intergenic_footprinting/20/_metadata, /n/scratch3/users/d/djl34/KL_input/intergenic_footprinting/10/_metadata, /n/scratch3/users/d/djl34/KL_input/intergenic_footprinting/14/_metadata, /n/scratch3/users/d/djl34/KL_input/intergenic_footprinting/7/_metadata, /n/scratch3/users/d/djl34/KL_input/intergenic_footprinting/21/_metadata, /n/scratch3/users/d/djl34/KL_input/intergenic_footprinting/18/_metadata, /n/scratch3/users/d/djl34/KL_input/intergenic_footprinting/8/_metadata, /n/scratch3/users/d/djl34/KL_input/intergenic_footprinting/17/_metadata, /n/scratch3/users/d/djl34/KL_input/intergenic_footprinting/15/_metadata, /n/scratch3/users/d/djl34/KL_input/intergenic_footprinting/13/_metadata, /n/scratch3/users/d/djl34/KL_input/intergenic_footprinting/12/_metadata, /n/scratch3/users/d/djl34/KL_input/intergenic_footprinting/5/_metadata, /n/scratch3/users/d/djl34/KL_input/intergenic_footprinting/2/_metadata
    resources: mem_mb=1000, disk_mb=1000, tmpdir=/tmp

[Wed Feb  8 12:44:26 2023]
Finished job 0.
22 of 22 steps (100%) done
Complete log: .snakemake/log/2023-02-08T111734.256723.snakemake.log
