Building DAG of jobs...
Using shell: /usr/bin/bash
Provided cluster nodes: 5
Job stats:
job               count    min threads    max threads
--------------  -------  -------------  -------------
all                   1              1              1
make_tsv_files        2              1              1
total                 3              1              1

Select jobs to execute...

[Sat Feb 18 00:55:49 2023]
rule make_tsv_files:
    input: /n/scratch3/users/d/djl34/whole_genome/enhancer/1/_metadata
    output: /n/scratch3/users/d/djl34/KL_input/enhancer_module/1.tsv
    jobid: 1
    reason: Missing output files: /n/scratch3/users/d/djl34/KL_input/enhancer_module/1.tsv
    wildcards: chrom=1
    resources: mem_mb=1000, disk_mb=1000, tmpdir=/tmp

Submitted job 1 with external jobid 'Submitted batch job 3344773'.

[Sat Feb 18 00:55:50 2023]
rule make_tsv_files:
    input: /n/scratch3/users/d/djl34/whole_genome/enhancer/2/_metadata
    output: /n/scratch3/users/d/djl34/KL_input/enhancer_module/2.tsv
    jobid: 2
    reason: Missing output files: /n/scratch3/users/d/djl34/KL_input/enhancer_module/2.tsv
    wildcards: chrom=2
    resources: mem_mb=1000, disk_mb=1000, tmpdir=/tmp

Submitted job 2 with external jobid 'Submitted batch job 3344774'.
[Sat Feb 18 01:40:32 2023]
Finished job 1.
1 of 3 steps (33%) done
[Sat Feb 18 01:47:13 2023]
Finished job 2.
2 of 3 steps (67%) done
Select jobs to execute...

[Sat Feb 18 01:47:13 2023]
localrule all:
    input: /n/scratch3/users/d/djl34/KL_input/enhancer_module/1.tsv, /n/scratch3/users/d/djl34/KL_input/enhancer_module/2.tsv, /n/scratch3/users/d/djl34/KL_input/enhancer_module/3.tsv, /n/scratch3/users/d/djl34/KL_input/enhancer_module/4.tsv, /n/scratch3/users/d/djl34/KL_input/enhancer_module/5.tsv, /n/scratch3/users/d/djl34/KL_input/enhancer_module/6.tsv, /n/scratch3/users/d/djl34/KL_input/enhancer_module/7.tsv, /n/scratch3/users/d/djl34/KL_input/enhancer_module/8.tsv, /n/scratch3/users/d/djl34/KL_input/enhancer_module/9.tsv, /n/scratch3/users/d/djl34/KL_input/enhancer_module/10.tsv, /n/scratch3/users/d/djl34/KL_input/enhancer_module/11.tsv, /n/scratch3/users/d/djl34/KL_input/enhancer_module/12.tsv, /n/scratch3/users/d/djl34/KL_input/enhancer_module/13.tsv, /n/scratch3/users/d/djl34/KL_input/enhancer_module/14.tsv, /n/scratch3/users/d/djl34/KL_input/enhancer_module/15.tsv, /n/scratch3/users/d/djl34/KL_input/enhancer_module/16.tsv, /n/scratch3/users/d/djl34/KL_input/enhancer_module/17.tsv, /n/scratch3/users/d/djl34/KL_input/enhancer_module/18.tsv, /n/scratch3/users/d/djl34/KL_input/enhancer_module/19.tsv, /n/scratch3/users/d/djl34/KL_input/enhancer_module/20.tsv, /n/scratch3/users/d/djl34/KL_input/enhancer_module/21.tsv, /n/scratch3/users/d/djl34/KL_input/enhancer_module/22.tsv
    jobid: 0
    reason: Input files updated by another job: /n/scratch3/users/d/djl34/KL_input/enhancer_module/1.tsv, /n/scratch3/users/d/djl34/KL_input/enhancer_module/2.tsv
    resources: mem_mb=129342, disk_mb=129342, tmpdir=/tmp

[Sat Feb 18 01:47:13 2023]
Finished job 0.
3 of 3 steps (100%) done
Complete log: .snakemake/log/2023-02-18T005548.355107.snakemake.log
