Building DAG of jobs...
Using shell: /usr/bin/bash
Provided cluster nodes: 5
Job stats:
job                            count    min threads    max threads
---------------------------  -------  -------------  -------------
all                                1              1              1
intergenic_footprinting_tsv       22              1              1
total                             23              1              1

Select jobs to execute...

[Wed Feb  8 13:26:45 2023]
rule intergenic_footprinting_tsv:
    input: /n/scratch3/users/d/djl34/KL_input/intergenic_footprinting/15/_metadata
    output: /n/scratch3/users/d/djl34/KL_input/intergenic_footprinting/15.tsv
    jobid: 37
    reason: Missing output files: /n/scratch3/users/d/djl34/KL_input/intergenic_footprinting/15.tsv
    wildcards: chrom=15
    resources: mem_mb=1000, disk_mb=1000, tmpdir=/tmp

Submitted job 37 with external jobid 'Submitted batch job 2857574'.

[Wed Feb  8 13:26:46 2023]
rule intergenic_footprinting_tsv:
    input: /n/scratch3/users/d/djl34/KL_input/intergenic_footprinting/8/_metadata
    output: /n/scratch3/users/d/djl34/KL_input/intergenic_footprinting/8.tsv
    jobid: 30
    reason: Missing output files: /n/scratch3/users/d/djl34/KL_input/intergenic_footprinting/8.tsv
    wildcards: chrom=8
    resources: mem_mb=1000, disk_mb=1000, tmpdir=/tmp

Submitted job 30 with external jobid 'Submitted batch job 2857575'.

[Wed Feb  8 13:26:47 2023]
rule intergenic_footprinting_tsv:
    input: /n/scratch3/users/d/djl34/KL_input/intergenic_footprinting/12/_metadata
    output: /n/scratch3/users/d/djl34/KL_input/intergenic_footprinting/12.tsv
    jobid: 34
    reason: Missing output files: /n/scratch3/users/d/djl34/KL_input/intergenic_footprinting/12.tsv
    wildcards: chrom=12
    resources: mem_mb=1000, disk_mb=1000, tmpdir=/tmp

Submitted job 34 with external jobid 'Submitted batch job 2857576'.

[Wed Feb  8 13:26:47 2023]
rule intergenic_footprinting_tsv:
    input: /n/scratch3/users/d/djl34/KL_input/intergenic_footprinting/16/_metadata
    output: /n/scratch3/users/d/djl34/KL_input/intergenic_footprinting/16.tsv
    jobid: 38
    reason: Missing output files: /n/scratch3/users/d/djl34/KL_input/intergenic_footprinting/16.tsv
    wildcards: chrom=16
    resources: mem_mb=1000, disk_mb=1000, tmpdir=/tmp

Submitted job 38 with external jobid 'Submitted batch job 2857577'.

[Wed Feb  8 13:26:48 2023]
rule intergenic_footprinting_tsv:
    input: /n/scratch3/users/d/djl34/KL_input/intergenic_footprinting/1/_metadata
    output: /n/scratch3/users/d/djl34/KL_input/intergenic_footprinting/1.tsv
    jobid: 23
    reason: Missing output files: /n/scratch3/users/d/djl34/KL_input/intergenic_footprinting/1.tsv
    wildcards: chrom=1
    resources: mem_mb=1000, disk_mb=1000, tmpdir=/tmp

Submitted job 23 with external jobid 'Submitted batch job 2857578'.
[Wed Feb  8 13:29:25 2023]
Error in rule intergenic_footprinting_tsv:
    jobid: 37
    output: /n/scratch3/users/d/djl34/KL_input/intergenic_footprinting/15.tsv
    cluster_jobid: Submitted batch job 2857574

Error executing rule intergenic_footprinting_tsv on cluster (jobid: 37, external: Submitted batch job 2857574, jobscript: /n/data2/hms/dbmi/sunyaev/lab/dlee/kl/git/KL/noncoding_analysis/kl_gene/.snakemake/tmp.wtz21efd/snakejob.intergenic_footprinting_tsv.37.sh). For error details see the cluster log and the log files of the involved rule(s).
[Wed Feb  8 13:29:25 2023]
Error in rule intergenic_footprinting_tsv:
    jobid: 30
    output: /n/scratch3/users/d/djl34/KL_input/intergenic_footprinting/8.tsv
    cluster_jobid: Submitted batch job 2857575

Error executing rule intergenic_footprinting_tsv on cluster (jobid: 30, external: Submitted batch job 2857575, jobscript: /n/data2/hms/dbmi/sunyaev/lab/dlee/kl/git/KL/noncoding_analysis/kl_gene/.snakemake/tmp.wtz21efd/snakejob.intergenic_footprinting_tsv.30.sh). For error details see the cluster log and the log files of the involved rule(s).
Terminating processes on user request, this might take some time.
No --cluster-cancel given. Will exit after finishing currently running jobs.
Complete log: .snakemake/log/2023-02-08T132643.388362.snakemake.log
