Building DAG of jobs...
Using shell: /usr/bin/bash
Provided cluster nodes: 3
Job stats:
job                            count    min threads    max threads
---------------------------  -------  -------------  -------------
all                                1              1              1
intergenic_footprinting_tsv       22              1              1
total                             23              1              1

Select jobs to execute...

[Wed Feb  8 13:07:11 2023]
rule intergenic_footprinting_tsv:
    input: /n/scratch3/users/d/djl34/KL_input/intergenic_footprinting/12/_metadata
    output: /n/scratch3/users/d/djl34/KL_input/intergenic_footprinting/12.tsv
    jobid: 34
    reason: Missing output files: /n/scratch3/users/d/djl34/KL_input/intergenic_footprinting/12.tsv
    wildcards: chrom=12
    resources: mem_mb=1000, disk_mb=1000, tmpdir=/tmp

Submitted job 34 with external jobid 'Submitted batch job 2857322'.

[Wed Feb  8 13:07:11 2023]
rule intergenic_footprinting_tsv:
    input: /n/scratch3/users/d/djl34/KL_input/intergenic_footprinting/16/_metadata
    output: /n/scratch3/users/d/djl34/KL_input/intergenic_footprinting/16.tsv
    jobid: 38
    reason: Missing output files: /n/scratch3/users/d/djl34/KL_input/intergenic_footprinting/16.tsv
    wildcards: chrom=16
    resources: mem_mb=1000, disk_mb=1000, tmpdir=/tmp

Submitted job 38 with external jobid 'Submitted batch job 2857323'.

[Wed Feb  8 13:07:11 2023]
rule intergenic_footprinting_tsv:
    input: /n/scratch3/users/d/djl34/KL_input/intergenic_footprinting/1/_metadata
    output: /n/scratch3/users/d/djl34/KL_input/intergenic_footprinting/1.tsv
    jobid: 23
    reason: Missing output files: /n/scratch3/users/d/djl34/KL_input/intergenic_footprinting/1.tsv
    wildcards: chrom=1
    resources: mem_mb=1000, disk_mb=1000, tmpdir=/tmp

Submitted job 23 with external jobid 'Submitted batch job 2857324'.
Terminating processes on user request, this might take some time.
No --cluster-cancel given. Will exit after finishing currently running jobs.
Complete log: .snakemake/log/2023-02-08T130709.779699.snakemake.log
